<?xml version="1.0" encoding="UTF-8"?>
<robot generator="Robot 7.4.1 (Python 3.11.9 on win32)" generated="2026-02-17T04:13:58.543749" rpa="false" schemaversion="5">
<suite id="s1" name="UAT008-10 ReviewCheckbox" source="D:\Coding Project\Github Project\Software Engineering\My Branch\sec1_group1_PaiNamNae\test\uat\UAT008-10_ReviewCheckbox.robot">
<test id="s1-t1" name="UAT-008-01 : Passenger Login" line="7">
<kw name="Passenger Login" owner="auth_keywords">
<kw name="Open Web Page" owner="auth_keywords">
<kw name="Open Browser" owner="SeleniumLibrary">
<msg time="2026-02-17T04:13:58.774255" level="INFO">Opening browser 'chrome' to base url 'http://localhost:3001/'.</msg>
<arg>${URL}</arg>
<arg>chrome</arg>
<doc>Opens a new browser instance to the optional ``url``.</doc>
<status status="PASS" start="2026-02-17T04:13:58.774255" elapsed="2.293628"/>
</kw>
<status status="PASS" start="2026-02-17T04:13:58.774255" elapsed="2.294636"/>
</kw>
<kw name="Click Element" owner="SeleniumLibrary">
<msg time="2026-02-17T04:14:01.069890" level="INFO">Clicking element 'xpath=//a[@href='/login']'.</msg>
<arg>xpath=//a[@href='/login']</arg>
<doc>Click the element identified by ``locator``.</doc>
<status status="PASS" start="2026-02-17T04:14:01.068891" elapsed="0.112140"/>
</kw>
<kw name="Wait Until Location Contains" owner="SeleniumLibrary">
<arg>/login</arg>
<arg>10s</arg>
<doc>Waits until the current URL contains ``expected``.</doc>
<status status="PASS" start="2026-02-17T04:14:01.181031" elapsed="0.226158"/>
</kw>
<kw name="Location Should Contain" owner="SeleniumLibrary">
<msg time="2026-02-17T04:14:01.411331" level="INFO">Current location contains '/login'.</msg>
<arg>/login</arg>
<doc>Verifies that the current URL contains ``expected``.</doc>
<status status="PASS" start="2026-02-17T04:14:01.407189" elapsed="0.005142"/>
</kw>
<kw name="Input Text" owner="SeleniumLibrary">
<msg time="2026-02-17T04:14:01.412331" level="INFO">Typing text 'Veerapat' into text field 'id=identifier'.</msg>
<arg>id=identifier</arg>
<arg>${PASSENGER_USER}</arg>
<doc>Types the given ``text`` into the text field identified by ``locator``.</doc>
<status status="PASS" start="2026-02-17T04:14:01.412331" elapsed="0.086357"/>
</kw>
<kw name="Input Text" owner="SeleniumLibrary">
<msg time="2026-02-17T04:14:01.499695" level="INFO">Typing text 'asdfjkl;123' into text field 'id=password'.</msg>
<arg>id=password</arg>
<arg>${PASSENGER_PASS}</arg>
<doc>Types the given ``text`` into the text field identified by ``locator``.</doc>
<status status="PASS" start="2026-02-17T04:14:01.498688" elapsed="0.067175"/>
</kw>
<kw name="Click Button" owner="SeleniumLibrary">
<msg time="2026-02-17T04:14:01.565863" level="INFO">Clicking button 'xpath=//button[@type='submit']'.</msg>
<arg>xpath=//button[@type='submit']</arg>
<doc>Clicks the button identified by ``locator``.</doc>
<status status="PASS" start="2026-02-17T04:14:01.565863" elapsed="0.058180"/>
</kw>
<status status="PASS" start="2026-02-17T04:13:58.774255" elapsed="2.849788"/>
</kw>
<kw name="Dashboard User Should Be Visible" owner="auth_keywords">
<kw name="Wait Until Element Is Visible" owner="SeleniumLibrary">
<arg>xpath=//span[normalize-space()='${PASSENGER_SURNAME}']</arg>
<arg>10s</arg>
<doc>Waits until the element ``locator`` is visible.</doc>
<status status="PASS" start="2026-02-17T04:14:01.625050" elapsed="0.222866"/>
</kw>
<kw name="Element Should Be Visible" owner="SeleniumLibrary">
<msg time="2026-02-17T04:14:01.857978" level="INFO">Element 'xpath=//span[normalize-space()='Veera']' is displayed.</msg>
<arg>xpath=//span[normalize-space()='${PASSENGER_SURNAME}']</arg>
<doc>Verifies that the element identified by ``locator`` is visible.</doc>
<status status="PASS" start="2026-02-17T04:14:01.849435" elapsed="0.008543"/>
</kw>
<status status="PASS" start="2026-02-17T04:14:01.625050" elapsed="0.232928"/>
</kw>
<status status="PASS" start="2026-02-17T04:13:58.773397" elapsed="3.085590"/>
</test>
<test id="s1-t2" name="UAT-008-02 : Passenger Do not check the Checkbox." line="13">
<kw name="Passenger Login" owner="auth_keywords">
<kw name="Open Web Page" owner="auth_keywords">
<kw name="Open Browser" owner="SeleniumLibrary">
<msg time="2026-02-17T04:14:01.859735" level="INFO">Opening browser 'chrome' to base url 'http://localhost:3001/'.</msg>
<arg>${URL}</arg>
<arg>chrome</arg>
<doc>Opens a new browser instance to the optional ``url``.</doc>
<status status="PASS" start="2026-02-17T04:14:01.859735" elapsed="2.224936"/>
</kw>
<status status="PASS" start="2026-02-17T04:14:01.859735" elapsed="2.224936"/>
</kw>
<kw name="Click Element" owner="SeleniumLibrary">
<msg time="2026-02-17T04:14:04.084671" level="INFO">Clicking element 'xpath=//a[@href='/login']'.</msg>
<arg>xpath=//a[@href='/login']</arg>
<doc>Click the element identified by ``locator``.</doc>
<status status="PASS" start="2026-02-17T04:14:04.084671" elapsed="0.107770"/>
</kw>
<kw name="Wait Until Location Contains" owner="SeleniumLibrary">
<arg>/login</arg>
<arg>10s</arg>
<doc>Waits until the current URL contains ``expected``.</doc>
<status status="PASS" start="2026-02-17T04:14:04.192441" elapsed="0.004990"/>
</kw>
<kw name="Location Should Contain" owner="SeleniumLibrary">
<msg time="2026-02-17T04:14:04.207970" level="INFO">Current location contains '/login'.</msg>
<arg>/login</arg>
<doc>Verifies that the current URL contains ``expected``.</doc>
<status status="PASS" start="2026-02-17T04:14:04.197431" elapsed="0.011568"/>
</kw>
<kw name="Input Text" owner="SeleniumLibrary">
<msg time="2026-02-17T04:14:04.209664" level="INFO">Typing text 'Veerapat' into text field 'id=identifier'.</msg>
<arg>id=identifier</arg>
<arg>${PASSENGER_USER}</arg>
<doc>Types the given ``text`` into the text field identified by ``locator``.</doc>
<status status="PASS" start="2026-02-17T04:14:04.208999" elapsed="0.119339"/>
</kw>
<kw name="Input Text" owner="SeleniumLibrary">
<msg time="2026-02-17T04:14:04.329390" level="INFO">Typing text 'asdfjkl;123' into text field 'id=password'.</msg>
<arg>id=password</arg>
<arg>${PASSENGER_PASS}</arg>
<doc>Types the given ``text`` into the text field identified by ``locator``.</doc>
<status status="PASS" start="2026-02-17T04:14:04.329390" elapsed="0.070944"/>
</kw>
<kw name="Click Button" owner="SeleniumLibrary">
<msg time="2026-02-17T04:14:04.401102" level="INFO">Clicking button 'xpath=//button[@type='submit']'.</msg>
<arg>xpath=//button[@type='submit']</arg>
<doc>Clicks the button identified by ``locator``.</doc>
<status status="PASS" start="2026-02-17T04:14:04.401102" elapsed="0.051588"/>
</kw>
<status status="PASS" start="2026-02-17T04:14:01.859735" elapsed="2.592955"/>
</kw>
<kw name="Sleep" owner="BuiltIn">
<msg time="2026-02-17T04:14:06.453851" level="INFO">Slept 2 seconds.</msg>
<arg>2s</arg>
<doc>Pauses the test executed for the given time.</doc>
<status status="PASS" start="2026-02-17T04:14:04.453695" elapsed="2.000156"/>
</kw>
<kw name="View My Trip" owner="auth_keywords">
<kw name="Click Element" owner="SeleniumLibrary">
<msg time="2026-02-17T04:14:06.455036" level="INFO">Clicking element 'xpath=//a[@href='/myTrip']'.</msg>
<arg>xpath=//a[@href='/myTrip']</arg>
<doc>Click the element identified by ``locator``.</doc>
<status status="PASS" start="2026-02-17T04:14:06.455036" elapsed="0.050399"/>
</kw>
<kw name="Sleep" owner="BuiltIn">
<msg time="2026-02-17T04:14:08.505556" level="INFO">Slept 2 seconds.</msg>
<arg>2s</arg>
<doc>Pauses the test executed for the given time.</doc>
<status status="PASS" start="2026-02-17T04:14:06.505435" elapsed="2.000121"/>
</kw>
<kw name="Click Element" owner="SeleniumLibrary">
<msg time="2026-02-17T04:14:08.505556" level="INFO">Clicking element 'xpath=//button[starts-with(normalize-space(), "ทั้งหมด")]'.</msg>
<arg>xpath=//button[starts-with(normalize-space(), "ทั้งหมด")]</arg>
<doc>Click the element identified by ``locator``.</doc>
<status status="PASS" start="2026-02-17T04:14:08.505556" elapsed="0.055642"/>
</kw>
<status status="PASS" start="2026-02-17T04:14:06.453851" elapsed="2.107347"/>
</kw>
<kw name="Sleep" owner="BuiltIn">
<msg time="2026-02-17T04:14:10.563370" level="INFO">Slept 2 seconds.</msg>
<arg>2s</arg>
<doc>Pauses the test executed for the given time.</doc>
<status status="PASS" start="2026-02-17T04:14:08.562704" elapsed="2.000666"/>
</kw>
<kw name="Click Element" owner="SeleniumLibrary">
<msg time="2026-02-17T04:14:10.563370" level="INFO">Clicking element 'xpath=(//button[@type="button"][.//span[contains(normalize-space(),"★")]])[4]'.</msg>
<msg time="2026-02-17T04:14:10.656061" level="INFO" html="true">&lt;/td&gt;&lt;/tr&gt;&lt;tr&gt;&lt;td colspan="3"&gt;&lt;a href="selenium-screenshot-6.png"&gt;&lt;img src="selenium-screenshot-6.png" width="800px"&gt;&lt;/a&gt;</msg>
<msg time="2026-02-17T04:14:10.657071" level="FAIL">Element with locator 'xpath=(//button[@type="button"][.//span[contains(normalize-space(),"★")]])[4]' not found.</msg>
<arg>xpath=(//button[@type="button"][.//span[contains(normalize-space(),"★")]])[4]</arg>
<doc>Click the element identified by ``locator``.</doc>
<status status="FAIL" start="2026-02-17T04:14:10.563370" elapsed="0.095979">Element with locator 'xpath=(//button[@type="button"][.//span[contains(normalize-space(),"★")]])[4]' not found.</status>
</kw>
<kw name="Sleep" owner="BuiltIn">
<arg>2s</arg>
<doc>Pauses the test executed for the given time.</doc>
<status status="NOT RUN" start="2026-02-17T04:14:10.659349" elapsed="0.000000"/>
</kw>
<kw name="Click Element" owner="SeleniumLibrary">
<arg>xpath=(//button[normalize-space()="รีวิวผู้ขับ"])[4]</arg>
<doc>Click the element identified by ``locator``.</doc>
<status status="NOT RUN" start="2026-02-17T04:14:10.660334" elapsed="0.000000"/>
</kw>
<kw name="Sleep" owner="BuiltIn">
<arg>2s</arg>
<doc>Pauses the test executed for the given time.</doc>
<status status="NOT RUN" start="2026-02-17T04:14:10.660334" elapsed="0.000000"/>
</kw>
<kw name="Click Element" owner="SeleniumLibrary">
<arg>xpath=//button[normalize-space()="ส่งรีวิว"]</arg>
<doc>Click the element identified by ``locator``.</doc>
<status status="NOT RUN" start="2026-02-17T04:14:10.660334" elapsed="0.000000"/>
</kw>
<kw name="Wait Until Element Is Visible" owner="SeleniumLibrary">
<arg>xpath=//*[contains(text(),"รีวิวสำเร็จ")]</arg>
<arg>10s</arg>
<doc>Waits until the element ``locator`` is visible.</doc>
<status status="NOT RUN" start="2026-02-17T04:14:10.660334" elapsed="0.000000"/>
</kw>
<kw name="Sleep" owner="BuiltIn">
<arg>2s</arg>
<doc>Pauses the test executed for the given time.</doc>
<status status="NOT RUN" start="2026-02-17T04:14:10.660334" elapsed="0.000000"/>
</kw>
<kw name="View All Route" owner="auth_keywords">
<status status="NOT RUN" start="2026-02-17T04:14:10.660334" elapsed="0.000000"/>
</kw>
<kw name="Sleep" owner="BuiltIn">
<arg>2s</arg>
<doc>Pauses the test executed for the given time.</doc>
<status status="NOT RUN" start="2026-02-17T04:14:10.660334" elapsed="0.000000"/>
</kw>
<kw name="View Passenger Info" owner="auth_keywords">
<status status="NOT RUN" start="2026-02-17T04:14:10.661339" elapsed="0.000000"/>
</kw>
<kw name="Page Should Contain" owner="SeleniumLibrary">
<arg>4</arg>
<doc>Verifies that current page contains ``text``.</doc>
<status status="NOT RUN" start="2026-02-17T04:14:10.661339" elapsed="0.000000"/>
</kw>
<kw name="Page Should Contain" owner="SeleniumLibrary">
<arg>${PASSENGER_SURNAME}</arg>
<doc>Verifies that current page contains ``text``.</doc>
<status status="NOT RUN" start="2026-02-17T04:14:10.661339" elapsed="0.000000"/>
</kw>
<status status="FAIL" start="2026-02-17T04:14:01.858987" elapsed="8.802352">Element with locator 'xpath=(//button[@type="button"][.//span[contains(normalize-space(),"★")]])[4]' not found.</status>
</test>
<test id="s1-t3" name="UAT-009-01 : Passenger Login" line="34">
<kw name="Passenger Login" owner="auth_keywords">
<kw name="Open Web Page" owner="auth_keywords">
<kw name="Open Browser" owner="SeleniumLibrary">
<msg time="2026-02-17T04:14:10.662274" level="INFO">Opening browser 'chrome' to base url 'http://localhost:3001/'.</msg>
<arg>${URL}</arg>
<arg>chrome</arg>
<doc>Opens a new browser instance to the optional ``url``.</doc>
<status status="PASS" start="2026-02-17T04:14:10.662274" elapsed="2.208570"/>
</kw>
<status status="PASS" start="2026-02-17T04:14:10.662274" elapsed="2.208570"/>
</kw>
<kw name="Click Element" owner="SeleniumLibrary">
<msg time="2026-02-17T04:14:12.871843" level="INFO">Clicking element 'xpath=//a[@href='/login']'.</msg>
<arg>xpath=//a[@href='/login']</arg>
<doc>Click the element identified by ``locator``.</doc>
<status status="PASS" start="2026-02-17T04:14:12.871843" elapsed="0.101245"/>
</kw>
<kw name="Wait Until Location Contains" owner="SeleniumLibrary">
<arg>/login</arg>
<arg>10s</arg>
<doc>Waits until the current URL contains ``expected``.</doc>
<status status="PASS" start="2026-02-17T04:14:12.973088" elapsed="0.227518"/>
</kw>
<kw name="Location Should Contain" owner="SeleniumLibrary">
<msg time="2026-02-17T04:14:13.205114" level="INFO">Current location contains '/login'.</msg>
<arg>/login</arg>
<doc>Verifies that the current URL contains ``expected``.</doc>
<status status="PASS" start="2026-02-17T04:14:13.201613" elapsed="0.003501"/>
</kw>
<kw name="Input Text" owner="SeleniumLibrary">
<msg time="2026-02-17T04:14:13.206122" level="INFO">Typing text 'Veerapat' into text field 'id=identifier'.</msg>
<arg>id=identifier</arg>
<arg>${PASSENGER_USER}</arg>
<doc>Types the given ``text`` into the text field identified by ``locator``.</doc>
<status status="PASS" start="2026-02-17T04:14:13.206122" elapsed="0.109087"/>
</kw>
<kw name="Input Text" owner="SeleniumLibrary">
<msg time="2026-02-17T04:14:13.316204" level="INFO">Typing text 'asdfjkl;123' into text field 'id=password'.</msg>
<arg>id=password</arg>
<arg>${PASSENGER_PASS}</arg>
<doc>Types the given ``text`` into the text field identified by ``locator``.</doc>
<status status="PASS" start="2026-02-17T04:14:13.316204" elapsed="0.076248"/>
</kw>
<kw name="Click Button" owner="SeleniumLibrary">
<msg time="2026-02-17T04:14:13.393448" level="INFO">Clicking button 'xpath=//button[@type='submit']'.</msg>
<arg>xpath=//button[@type='submit']</arg>
<doc>Clicks the button identified by ``locator``.</doc>
<status status="PASS" start="2026-02-17T04:14:13.393448" elapsed="0.058026"/>
</kw>
<status status="PASS" start="2026-02-17T04:14:10.662274" elapsed="2.789200"/>
</kw>
<kw name="Dashboard User Should Be Visible" owner="auth_keywords">
<kw name="Wait Until Element Is Visible" owner="SeleniumLibrary">
<arg>xpath=//span[normalize-space()='${PASSENGER_SURNAME}']</arg>
<arg>10s</arg>
<doc>Waits until the element ``locator`` is visible.</doc>
<status status="PASS" start="2026-02-17T04:14:13.452981" elapsed="0.221918"/>
</kw>
<kw name="Element Should Be Visible" owner="SeleniumLibrary">
<msg time="2026-02-17T04:14:13.684279" level="INFO">Element 'xpath=//span[normalize-space()='Veera']' is displayed.</msg>
<arg>xpath=//span[normalize-space()='${PASSENGER_SURNAME}']</arg>
<doc>Verifies that the element identified by ``locator`` is visible.</doc>
<status status="PASS" start="2026-02-17T04:14:13.674899" elapsed="0.009380"/>
</kw>
<status status="PASS" start="2026-02-17T04:14:13.451474" elapsed="0.232805"/>
</kw>
<status status="PASS" start="2026-02-17T04:14:10.662274" elapsed="3.022005"/>
</test>
<test id="s1-t4" name="UAT-009-02 : Passenger Select Few Checkbox." line="40">
<kw name="Passenger Login" owner="auth_keywords">
<kw name="Open Web Page" owner="auth_keywords">
<kw name="Open Browser" owner="SeleniumLibrary">
<msg time="2026-02-17T04:14:13.686286" level="INFO">Opening browser 'chrome' to base url 'http://localhost:3001/'.</msg>
<arg>${URL}</arg>
<arg>chrome</arg>
<doc>Opens a new browser instance to the optional ``url``.</doc>
<status status="PASS" start="2026-02-17T04:14:13.685287" elapsed="2.234211"/>
</kw>
<status status="PASS" start="2026-02-17T04:14:13.685287" elapsed="2.235218"/>
</kw>
<kw name="Click Element" owner="SeleniumLibrary">
<msg time="2026-02-17T04:14:15.920505" level="INFO">Clicking element 'xpath=//a[@href='/login']'.</msg>
<arg>xpath=//a[@href='/login']</arg>
<doc>Click the element identified by ``locator``.</doc>
<status status="PASS" start="2026-02-17T04:14:15.920505" elapsed="0.128900"/>
</kw>
<kw name="Wait Until Location Contains" owner="SeleniumLibrary">
<arg>/login</arg>
<arg>10s</arg>
<doc>Waits until the current URL contains ``expected``.</doc>
<status status="PASS" start="2026-02-17T04:14:16.049912" elapsed="0.238177"/>
</kw>
<kw name="Location Should Contain" owner="SeleniumLibrary">
<msg time="2026-02-17T04:14:16.292096" level="INFO">Current location contains '/login'.</msg>
<arg>/login</arg>
<doc>Verifies that the current URL contains ``expected``.</doc>
<status status="PASS" start="2026-02-17T04:14:16.289094" elapsed="0.003002"/>
</kw>
<kw name="Input Text" owner="SeleniumLibrary">
<msg time="2026-02-17T04:14:16.293848" level="INFO">Typing text 'Veerapat' into text field 'id=identifier'.</msg>
<arg>id=identifier</arg>
<arg>${PASSENGER_USER}</arg>
<doc>Types the given ``text`` into the text field identified by ``locator``.</doc>
<status status="PASS" start="2026-02-17T04:14:16.293848" elapsed="0.097225"/>
</kw>
<kw name="Input Text" owner="SeleniumLibrary">
<msg time="2026-02-17T04:14:16.391073" level="INFO">Typing text 'asdfjkl;123' into text field 'id=password'.</msg>
<arg>id=password</arg>
<arg>${PASSENGER_PASS}</arg>
<doc>Types the given ``text`` into the text field identified by ``locator``.</doc>
<status status="PASS" start="2026-02-17T04:14:16.391073" elapsed="0.061547"/>
</kw>
<kw name="Click Button" owner="SeleniumLibrary">
<msg time="2026-02-17T04:14:16.452620" level="INFO">Clicking button 'xpath=//button[@type='submit']'.</msg>
<arg>xpath=//button[@type='submit']</arg>
<doc>Clicks the button identified by ``locator``.</doc>
<status status="PASS" start="2026-02-17T04:14:16.452620" elapsed="0.059698"/>
</kw>
<status status="PASS" start="2026-02-17T04:14:13.685287" elapsed="2.827031"/>
</kw>
<kw name="Sleep" owner="BuiltIn">
<msg time="2026-02-17T04:14:18.513520" level="INFO">Slept 2 seconds.</msg>
<arg>2s</arg>
<doc>Pauses the test executed for the given time.</doc>
<status status="PASS" start="2026-02-17T04:14:16.513319" elapsed="2.000201"/>
</kw>
<kw name="View My Trip" owner="auth_keywords">
<kw name="Click Element" owner="SeleniumLibrary">
<msg time="2026-02-17T04:14:18.514529" level="INFO">Clicking element 'xpath=//a[@href='/myTrip']'.</msg>
<arg>xpath=//a[@href='/myTrip']</arg>
<doc>Click the element identified by ``locator``.</doc>
<status status="PASS" start="2026-02-17T04:14:18.513520" elapsed="0.075515"/>
</kw>
<kw name="Sleep" owner="BuiltIn">
<msg time="2026-02-17T04:14:20.589473" level="INFO">Slept 2 seconds.</msg>
<arg>2s</arg>
<doc>Pauses the test executed for the given time.</doc>
<status status="PASS" start="2026-02-17T04:14:18.589035" elapsed="2.000438"/>
</kw>
<kw name="Click Element" owner="SeleniumLibrary">
<msg time="2026-02-17T04:14:20.589473" level="INFO">Clicking element 'xpath=//button[starts-with(normalize-space(), "ทั้งหมด")]'.</msg>
<arg>xpath=//button[starts-with(normalize-space(), "ทั้งหมด")]</arg>
<doc>Click the element identified by ``locator``.</doc>
<status status="PASS" start="2026-02-17T04:14:20.589473" elapsed="0.060253"/>
</kw>
<status status="PASS" start="2026-02-17T04:14:18.513520" elapsed="2.136206"/>
</kw>
<kw name="Sleep" owner="BuiltIn">
<msg time="2026-02-17T04:14:22.651310" level="INFO">Slept 2 seconds.</msg>
<arg>2s</arg>
<doc>Pauses the test executed for the given time.</doc>
<status status="PASS" start="2026-02-17T04:14:20.649726" elapsed="2.001584"/>
</kw>
<kw name="Click Element" owner="SeleniumLibrary">
<msg time="2026-02-17T04:14:22.651829" level="INFO">Clicking element 'xpath=(//button[normalize-space()="รีวิวผู้ขับ"])[5]'.</msg>
<arg>xpath=(//button[normalize-space()="รีวิวผู้ขับ"])[5]</arg>
<doc>Click the element identified by ``locator``.</doc>
<status status="PASS" start="2026-02-17T04:14:22.651829" elapsed="0.061077"/>
</kw>
<kw name="Sleep" owner="BuiltIn">
<msg time="2026-02-17T04:14:24.714152" level="INFO">Slept 2 seconds.</msg>
<arg>2s</arg>
<doc>Pauses the test executed for the given time.</doc>
<status status="PASS" start="2026-02-17T04:14:22.712906" elapsed="2.001246"/>
</kw>
<kw name="Click Element" owner="SeleniumLibrary">
<msg time="2026-02-17T04:14:24.714152" level="INFO">Clicking element 'xpath=(//button[@type="button"][.//span[contains(normalize-space(),"★")]])[4]'.</msg>
<arg>xpath=(//button[@type="button"][.//span[contains(normalize-space(),"★")]])[4]</arg>
<doc>Click the element identified by ``locator``.</doc>
<status status="PASS" start="2026-02-17T04:14:24.714152" elapsed="0.068009"/>
</kw>
<kw name="Sleep" owner="BuiltIn">
<msg time="2026-02-17T04:14:26.783392" level="INFO">Slept 2 seconds.</msg>
<arg>2s</arg>
<doc>Pauses the test executed for the given time.</doc>
<status status="PASS" start="2026-02-17T04:14:24.783159" elapsed="2.000233"/>
</kw>
<kw name="Select Few Checkbox" owner="auth_keywords">
<kw name="Select Checkbox" owner="SeleniumLibrary">
<msg time="2026-02-17T04:14:26.783392" level="INFO">Selecting checkbox 'xpath=//input[@value="CLEAN"]'.</msg>
<arg>xpath=//input[@value="CLEAN"]</arg>
<doc>Selects the checkbox identified by ``locator``.</doc>
<status status="PASS" start="2026-02-17T04:14:26.783392" elapsed="0.077489"/>
</kw>
<kw name="Select Checkbox" owner="SeleniumLibrary">
<msg time="2026-02-17T04:14:26.861880" level="INFO">Selecting checkbox 'xpath=//input[@value="ON_TIME"]'.</msg>
<arg>xpath=//input[@value="ON_TIME"]</arg>
<doc>Selects the checkbox identified by ``locator``.</doc>
<status status="PASS" start="2026-02-17T04:14:26.860881" elapsed="0.108666"/>
</kw>
<status status="PASS" start="2026-02-17T04:14:26.783392" elapsed="0.186155"/>
</kw>
<kw name="Sleep" owner="BuiltIn">
<msg time="2026-02-17T04:14:28.970807" level="INFO">Slept 2 seconds.</msg>
<arg>2s</arg>
<doc>Pauses the test executed for the given time.</doc>
<status status="PASS" start="2026-02-17T04:14:26.970560" elapsed="2.000247"/>
</kw>
<kw name="Click Element" owner="SeleniumLibrary">
<msg time="2026-02-17T04:14:28.970807" level="INFO">Clicking element 'xpath=//button[normalize-space()="ส่งรีวิว"]'.</msg>
<arg>xpath=//button[normalize-space()="ส่งรีวิว"]</arg>
<doc>Click the element identified by ``locator``.</doc>
<status status="PASS" start="2026-02-17T04:14:28.970807" elapsed="0.082089"/>
</kw>
<kw name="Wait Until Element Is Visible" owner="SeleniumLibrary">
<arg>xpath=//*[contains(text(),"รีวิวสำเร็จ")]</arg>
<arg>10s</arg>
<doc>Waits until the element ``locator`` is visible.</doc>
<status status="PASS" start="2026-02-17T04:14:29.052896" elapsed="0.227518"/>
</kw>
<kw name="Sleep" owner="BuiltIn">
<msg time="2026-02-17T04:14:31.281600" level="INFO">Slept 2 seconds.</msg>
<arg>2s</arg>
<doc>Pauses the test executed for the given time.</doc>
<status status="PASS" start="2026-02-17T04:14:29.281414" elapsed="2.000186"/>
</kw>
<kw name="View All Route" owner="auth_keywords">
<kw name="Click Element" owner="SeleniumLibrary">
<msg time="2026-02-17T04:14:31.282606" level="INFO">Clicking element 'xpath=//a[@href='/findTrip']'.</msg>
<arg>xpath=//a[@href='/findTrip']</arg>
<doc>Click the element identified by ``locator``.</doc>
<status status="PASS" start="2026-02-17T04:14:31.281600" elapsed="0.100656"/>
</kw>
<status status="PASS" start="2026-02-17T04:14:31.281600" elapsed="0.100656"/>
</kw>
<kw name="Sleep" owner="BuiltIn">
<msg time="2026-02-17T04:14:33.382600" level="INFO">Slept 2 seconds.</msg>
<arg>2s</arg>
<doc>Pauses the test executed for the given time.</doc>
<status status="PASS" start="2026-02-17T04:14:31.382256" elapsed="2.000344"/>
</kw>
<kw name="View Passenger Info" owner="auth_keywords">
<kw name="Wait Until Element Is Visible" owner="SeleniumLibrary">
<arg>xpath=//h4[normalize-space()="Takumi Fujiwara"]</arg>
<arg>10s</arg>
<doc>Waits until the element ``locator`` is visible.</doc>
<status status="PASS" start="2026-02-17T04:14:33.383307" elapsed="0.015476"/>
</kw>
<kw name="Click Element" owner="SeleniumLibrary">
<msg time="2026-02-17T04:14:33.398783" level="INFO">Clicking element 'xpath=//h4[normalize-space()="Takumi Fujiwara"]'.</msg>
<arg>xpath=//h4[normalize-space()="Takumi Fujiwara"]</arg>
<doc>Click the element identified by ``locator``.</doc>
<status status="PASS" start="2026-02-17T04:14:33.398783" elapsed="0.064809"/>
</kw>
<status status="PASS" start="2026-02-17T04:14:33.383307" elapsed="0.080285"/>
</kw>
<kw name="Page Should Contain" owner="SeleniumLibrary">
<msg time="2026-02-17T04:14:33.539638" level="INFO">Current page contains text 'สะอาด'.</msg>
<arg>สะอาด</arg>
<doc>Verifies that current page contains ``text``.</doc>
<status status="PASS" start="2026-02-17T04:14:33.465591" elapsed="0.074047"/>
</kw>
<kw name="Page Should Contain" owner="SeleniumLibrary">
<msg time="2026-02-17T04:14:33.563367" level="INFO">Current page contains text 'ตรงเวลา'.</msg>
<arg>ตรงเวลา</arg>
<doc>Verifies that current page contains ``text``.</doc>
<status status="PASS" start="2026-02-17T04:14:33.539638" elapsed="0.023729"/>
</kw>
<status status="PASS" start="2026-02-17T04:14:13.685287" elapsed="19.879082"/>
</test>
<test id="s1-t5" name="UAT-010-01 : Passenger Login" line="64">
<kw name="Passenger Login" owner="auth_keywords">
<kw name="Open Web Page" owner="auth_keywords">
<kw name="Open Browser" owner="SeleniumLibrary">
<msg time="2026-02-17T04:14:33.567371" level="INFO">Opening browser 'chrome' to base url 'http://localhost:3001/'.</msg>
<arg>${URL}</arg>
<arg>chrome</arg>
<doc>Opens a new browser instance to the optional ``url``.</doc>
<status status="PASS" start="2026-02-17T04:14:33.567371" elapsed="2.274707"/>
</kw>
<status status="PASS" start="2026-02-17T04:14:33.566369" elapsed="2.275709"/>
</kw>
<kw name="Click Element" owner="SeleniumLibrary">
<msg time="2026-02-17T04:14:35.843075" level="INFO">Clicking element 'xpath=//a[@href='/login']'.</msg>
<arg>xpath=//a[@href='/login']</arg>
<doc>Click the element identified by ``locator``.</doc>
<status status="PASS" start="2026-02-17T04:14:35.843075" elapsed="0.115881"/>
</kw>
<kw name="Wait Until Location Contains" owner="SeleniumLibrary">
<arg>/login</arg>
<arg>10s</arg>
<doc>Waits until the current URL contains ``expected``.</doc>
<status status="PASS" start="2026-02-17T04:14:35.959959" elapsed="0.008531"/>
</kw>
<kw name="Location Should Contain" owner="SeleniumLibrary">
<msg time="2026-02-17T04:14:35.972497" level="INFO">Current location contains '/login'.</msg>
<arg>/login</arg>
<doc>Verifies that the current URL contains ``expected``.</doc>
<status status="PASS" start="2026-02-17T04:14:35.968490" elapsed="0.004007"/>
</kw>
<kw name="Input Text" owner="SeleniumLibrary">
<msg time="2026-02-17T04:14:35.973500" level="INFO">Typing text 'Veerapat' into text field 'id=identifier'.</msg>
<arg>id=identifier</arg>
<arg>${PASSENGER_USER}</arg>
<doc>Types the given ``text`` into the text field identified by ``locator``.</doc>
<status status="PASS" start="2026-02-17T04:14:35.972497" elapsed="0.105774"/>
</kw>
<kw name="Input Text" owner="SeleniumLibrary">
<msg time="2026-02-17T04:14:36.079385" level="INFO">Typing text 'asdfjkl;123' into text field 'id=password'.</msg>
<arg>id=password</arg>
<arg>${PASSENGER_PASS}</arg>
<doc>Types the given ``text`` into the text field identified by ``locator``.</doc>
<status status="PASS" start="2026-02-17T04:14:36.078271" elapsed="0.077849"/>
</kw>
<kw name="Click Button" owner="SeleniumLibrary">
<msg time="2026-02-17T04:14:36.157135" level="INFO">Clicking button 'xpath=//button[@type='submit']'.</msg>
<arg>xpath=//button[@type='submit']</arg>
<doc>Clicks the button identified by ``locator``.</doc>
<status status="PASS" start="2026-02-17T04:14:36.156120" elapsed="0.087780"/>
</kw>
<status status="PASS" start="2026-02-17T04:14:33.566369" elapsed="2.677531"/>
</kw>
<kw name="Dashboard User Should Be Visible" owner="auth_keywords">
<kw name="Wait Until Element Is Visible" owner="SeleniumLibrary">
<arg>xpath=//span[normalize-space()='${PASSENGER_SURNAME}']</arg>
<arg>10s</arg>
<doc>Waits until the element ``locator`` is visible.</doc>
<status status="PASS" start="2026-02-17T04:14:36.244903" elapsed="0.224581"/>
</kw>
<kw name="Element Should Be Visible" owner="SeleniumLibrary">
<msg time="2026-02-17T04:14:36.479323" level="INFO">Element 'xpath=//span[normalize-space()='Veera']' is displayed.</msg>
<arg>xpath=//span[normalize-space()='${PASSENGER_SURNAME}']</arg>
<doc>Verifies that the element identified by ``locator`` is visible.</doc>
<status status="PASS" start="2026-02-17T04:14:36.469484" elapsed="0.009839"/>
</kw>
<status status="PASS" start="2026-02-17T04:14:36.244903" elapsed="0.234420"/>
</kw>
<status status="PASS" start="2026-02-17T04:14:33.565380" elapsed="2.914947"/>
</test>
<test id="s1-t6" name="UAT-010-02 : Passenger Select Few Checkbox." line="70">
<kw name="Passenger Login" owner="auth_keywords">
<kw name="Open Web Page" owner="auth_keywords">
<kw name="Open Browser" owner="SeleniumLibrary">
<msg time="2026-02-17T04:14:36.481833" level="INFO">Opening browser 'chrome' to base url 'http://localhost:3001/'.</msg>
<arg>${URL}</arg>
<arg>chrome</arg>
<doc>Opens a new browser instance to the optional ``url``.</doc>
<status status="PASS" start="2026-02-17T04:14:36.481833" elapsed="2.208795"/>
</kw>
<status status="PASS" start="2026-02-17T04:14:36.480327" elapsed="2.210301"/>
</kw>
<kw name="Click Element" owner="SeleniumLibrary">
<msg time="2026-02-17T04:14:38.691628" level="INFO">Clicking element 'xpath=//a[@href='/login']'.</msg>
<arg>xpath=//a[@href='/login']</arg>
<doc>Click the element identified by ``locator``.</doc>
<status status="PASS" start="2026-02-17T04:14:38.691628" elapsed="0.139168"/>
</kw>
<kw name="Wait Until Location Contains" owner="SeleniumLibrary">
<arg>/login</arg>
<arg>10s</arg>
<doc>Waits until the current URL contains ``expected``.</doc>
<status status="PASS" start="2026-02-17T04:14:38.830796" elapsed="0.236027"/>
</kw>
<kw name="Location Should Contain" owner="SeleniumLibrary">
<msg time="2026-02-17T04:14:39.073342" level="INFO">Current location contains '/login'.</msg>
<arg>/login</arg>
<doc>Verifies that the current URL contains ``expected``.</doc>
<status status="PASS" start="2026-02-17T04:14:39.066823" elapsed="0.006519"/>
</kw>
<kw name="Input Text" owner="SeleniumLibrary">
<msg time="2026-02-17T04:14:39.073342" level="INFO">Typing text 'Veerapat' into text field 'id=identifier'.</msg>
<arg>id=identifier</arg>
<arg>${PASSENGER_USER}</arg>
<doc>Types the given ``text`` into the text field identified by ``locator``.</doc>
<status status="PASS" start="2026-02-17T04:14:39.073342" elapsed="0.138099"/>
</kw>
<kw name="Input Text" owner="SeleniumLibrary">
<msg time="2026-02-17T04:14:39.213573" level="INFO">Typing text 'asdfjkl;123' into text field 'id=password'.</msg>
<arg>id=password</arg>
<arg>${PASSENGER_PASS}</arg>
<doc>Types the given ``text`` into the text field identified by ``locator``.</doc>
<status status="PASS" start="2026-02-17T04:14:39.212949" elapsed="0.073663"/>
</kw>
<kw name="Click Button" owner="SeleniumLibrary">
<msg time="2026-02-17T04:14:39.287610" level="INFO">Clicking button 'xpath=//button[@type='submit']'.</msg>
<arg>xpath=//button[@type='submit']</arg>
<doc>Clicks the button identified by ``locator``.</doc>
<status status="PASS" start="2026-02-17T04:14:39.287610" elapsed="0.066584"/>
</kw>
<status status="PASS" start="2026-02-17T04:14:36.480327" elapsed="2.873867"/>
</kw>
<kw name="Sleep" owner="BuiltIn">
<msg time="2026-02-17T04:14:41.356152" level="INFO">Slept 2 seconds.</msg>
<arg>2s</arg>
<doc>Pauses the test executed for the given time.</doc>
<status status="PASS" start="2026-02-17T04:14:39.355204" elapsed="2.000948"/>
</kw>
<kw name="View My Trip" owner="auth_keywords">
<kw name="Click Element" owner="SeleniumLibrary">
<msg time="2026-02-17T04:14:41.356661" level="INFO">Clicking element 'xpath=//a[@href='/myTrip']'.</msg>
<arg>xpath=//a[@href='/myTrip']</arg>
<doc>Click the element identified by ``locator``.</doc>
<status status="PASS" start="2026-02-17T04:14:41.356661" elapsed="0.077617"/>
</kw>
<kw name="Sleep" owner="BuiltIn">
<msg time="2026-02-17T04:14:43.435496" level="INFO">Slept 2 seconds.</msg>
<arg>2s</arg>
<doc>Pauses the test executed for the given time.</doc>
<status status="PASS" start="2026-02-17T04:14:41.434278" elapsed="2.001218"/>
</kw>
<kw name="Click Element" owner="SeleniumLibrary">
<msg time="2026-02-17T04:14:43.435496" level="INFO">Clicking element 'xpath=//button[starts-with(normalize-space(), "ทั้งหมด")]'.</msg>
<arg>xpath=//button[starts-with(normalize-space(), "ทั้งหมด")]</arg>
<doc>Click the element identified by ``locator``.</doc>
<status status="PASS" start="2026-02-17T04:14:43.435496" elapsed="0.060389"/>
</kw>
<status status="PASS" start="2026-02-17T04:14:41.356661" elapsed="2.139224"/>
</kw>
<kw name="Sleep" owner="BuiltIn">
<msg time="2026-02-17T04:14:45.497344" level="INFO">Slept 2 seconds.</msg>
<arg>2s</arg>
<doc>Pauses the test executed for the given time.</doc>
<status status="PASS" start="2026-02-17T04:14:43.495885" elapsed="2.001459"/>
</kw>
<kw name="Click Element" owner="SeleniumLibrary">
<msg time="2026-02-17T04:14:45.497854" level="INFO">Clicking element 'xpath=(//button[normalize-space()="รีวิวผู้ขับ"])[6]'.</msg>
<arg>xpath=(//button[normalize-space()="รีวิวผู้ขับ"])[6]</arg>
<doc>Click the element identified by ``locator``.</doc>
<status status="PASS" start="2026-02-17T04:14:45.497854" elapsed="0.060846"/>
</kw>
<kw name="Sleep" owner="BuiltIn">
<msg time="2026-02-17T04:14:47.559830" level="INFO">Slept 2 seconds.</msg>
<arg>2s</arg>
<doc>Pauses the test executed for the given time.</doc>
<status status="PASS" start="2026-02-17T04:14:45.558700" elapsed="2.001130"/>
</kw>
<kw name="Select Few Checkbox" owner="auth_keywords">
<kw name="Select Checkbox" owner="SeleniumLibrary">
<msg time="2026-02-17T04:14:47.560835" level="INFO">Selecting checkbox 'xpath=//input[@value="CLEAN"]'.</msg>
<msg time="2026-02-17T04:14:47.681277" level="INFO" html="true">&lt;/td&gt;&lt;/tr&gt;&lt;tr&gt;&lt;td colspan="3"&gt;&lt;a href="selenium-screenshot-7.png"&gt;&lt;img src="selenium-screenshot-7.png" width="800px"&gt;&lt;/a&gt;</msg>
<msg time="2026-02-17T04:14:47.682283" level="FAIL">Checkbox with locator 'xpath=//input[@value="CLEAN"]' not found.</msg>
<arg>xpath=//input[@value="CLEAN"]</arg>
<doc>Selects the checkbox identified by ``locator``.</doc>
<status status="FAIL" start="2026-02-17T04:14:47.559830" elapsed="0.123472">Checkbox with locator 'xpath=//input[@value="CLEAN"]' not found.</status>
</kw>
<kw name="Select Checkbox" owner="SeleniumLibrary">
<arg>xpath=//input[@value="ON_TIME"]</arg>
<doc>Selects the checkbox identified by ``locator``.</doc>
<status status="NOT RUN" start="2026-02-17T04:14:47.683302" elapsed="0.000000"/>
</kw>
<status status="FAIL" start="2026-02-17T04:14:47.559830" elapsed="0.123977">Checkbox with locator 'xpath=//input[@value="CLEAN"]' not found.</status>
</kw>
<kw name="Sleep" owner="BuiltIn">
<arg>2s</arg>
<doc>Pauses the test executed for the given time.</doc>
<status status="NOT RUN" start="2026-02-17T04:14:47.683807" elapsed="0.000000"/>
</kw>
<kw name="Click Element" owner="SeleniumLibrary">
<arg>xpath=(//button[@type="button"][.//span[contains(normalize-space(),"★")]])[5]</arg>
<doc>Click the element identified by ``locator``.</doc>
<status status="NOT RUN" start="2026-02-17T04:14:47.684335" elapsed="0.000000"/>
</kw>
<kw name="Sleep" owner="BuiltIn">
<arg>2s</arg>
<doc>Pauses the test executed for the given time.</doc>
<status status="NOT RUN" start="2026-02-17T04:14:47.684335" elapsed="0.000000"/>
</kw>
<kw name="Click Element" owner="SeleniumLibrary">
<arg>xpath=//button[normalize-space()="ส่งรีวิว"]</arg>
<doc>Click the element identified by ``locator``.</doc>
<status status="NOT RUN" start="2026-02-17T04:14:47.684335" elapsed="0.000000"/>
</kw>
<kw name="Wait Until Element Is Visible" owner="SeleniumLibrary">
<arg>xpath=//*[contains(text(),"รีวิวสำเร็จ")]</arg>
<arg>10s</arg>
<doc>Waits until the element ``locator`` is visible.</doc>
<status status="NOT RUN" start="2026-02-17T04:14:47.684335" elapsed="0.000000"/>
</kw>
<kw name="Sleep" owner="BuiltIn">
<arg>2s</arg>
<doc>Pauses the test executed for the given time.</doc>
<status status="NOT RUN" start="2026-02-17T04:14:47.684335" elapsed="0.000000"/>
</kw>
<kw name="View All Route" owner="auth_keywords">
<status status="NOT RUN" start="2026-02-17T04:14:47.685341" elapsed="0.000000"/>
</kw>
<kw name="Sleep" owner="BuiltIn">
<arg>2s</arg>
<doc>Pauses the test executed for the given time.</doc>
<status status="NOT RUN" start="2026-02-17T04:14:47.685846" elapsed="0.000000"/>
</kw>
<kw name="View Passenger Info" owner="auth_keywords">
<status status="NOT RUN" start="2026-02-17T04:14:47.685846" elapsed="0.000000"/>
</kw>
<kw name="Page Should Contain" owner="SeleniumLibrary">
<arg>สะอาด</arg>
<doc>Verifies that current page contains ``text``.</doc>
<status status="NOT RUN" start="2026-02-17T04:14:47.685846" elapsed="0.000000"/>
</kw>
<kw name="Page Should Contain" owner="SeleniumLibrary">
<arg>คนขับมารยาทดี</arg>
<doc>Verifies that current page contains ``text``.</doc>
<status status="NOT RUN" start="2026-02-17T04:14:47.686857" elapsed="0.000000"/>
</kw>
<kw name="Page Should Contain" owner="SeleniumLibrary">
<arg>ตรงเวลา</arg>
<doc>Verifies that current page contains ``text``.</doc>
<status status="NOT RUN" start="2026-02-17T04:14:47.686857" elapsed="0.000000"/>
</kw>
<kw name="Page Should Contain" owner="SeleniumLibrary">
<arg>ขับปลอดภัย</arg>
<doc>Verifies that current page contains ``text``.</doc>
<status status="NOT RUN" start="2026-02-17T04:14:47.686857" elapsed="0.000000"/>
</kw>
<kw name="Page Should Contain" owner="SeleniumLibrary">
<arg>บริการเป็นกันเอง</arg>
<doc>Verifies that current page contains ``text``.</doc>
<status status="NOT RUN" start="2026-02-17T04:14:47.686857" elapsed="0.000000"/>
</kw>
<status status="FAIL" start="2026-02-17T04:14:36.480327" elapsed="11.206530">Checkbox with locator 'xpath=//input[@value="CLEAN"]' not found.</status>
</test>
<status status="FAIL" start="2026-02-17T04:13:58.544759" elapsed="49.143098"/>
</suite>
<statistics>
<total>
<stat pass="4" fail="2" skip="0">All Tests</stat>
</total>
<tag>
</tag>
<suite>
<stat name="UAT008-10 ReviewCheckbox" id="s1" pass="4" fail="2" skip="0">UAT008-10 ReviewCheckbox</stat>
</suite>
</statistics>
<errors>
</errors>
</robot>
