<?xml version="1.0" encoding="UTF-8"?>
<robot generator="Robot 7.4.1 (Python 3.14.2 on darwin)" generated="2026-03-01T23:55:07.590292" rpa="false" schemaversion="5">
<suite id="s1" name="UAT002 Login" source="/Users/fandy/KKU 3T2/softend/PaiNamNae/sec1_group1_PaiNamNae/test/sprint 2/uat/UAT002_Login.robot">
<test id="s1-t1" name="UAT-001 : Login Process Flow" line="8">
<kw name="Open Browser To Website">
<kw name="Open Browser" owner="SeleniumLibrary">
<msg time="2026-03-01T23:55:07.800796" level="INFO">Opening browser 'chrome' to base url 'http://localhost:3001/'.</msg>
<arg>${URL}</arg>
<arg>chrome</arg>
<doc>Opens a new browser instance to the optional ``url``.</doc>
<status status="PASS" start="2026-03-01T23:55:07.800675" elapsed="4.547190"/>
</kw>
<kw name="Maximize Browser Window" owner="SeleniumLibrary">
<doc>Maximizes current browser window.</doc>
<status status="PASS" start="2026-03-01T23:55:12.349314" elapsed="0.373478"/>
</kw>
<status status="PASS" start="2026-03-01T23:55:07.800263" elapsed="4.922636"/>
</kw>
<kw name="Wait Until Page Contains" owner="SeleniumLibrary">
<arg>เดินทางร่วมกัน</arg>
<arg>timeout=15s</arg>
<doc>Waits until ``text`` appears on the current page.</doc>
<status status="PASS" start="2026-03-01T23:55:12.723068" elapsed="0.036524"/>
</kw>
<kw name="Click Element" owner="SeleniumLibrary">
<msg time="2026-03-01T23:55:12.760051" level="INFO">Clicking element 'xpath=//a[@href='/login']'.</msg>
<arg>xpath=//a[@href='/login']</arg>
<doc>Click the element identified by ``locator``.</doc>
<status status="PASS" start="2026-03-01T23:55:12.759777" elapsed="0.052267"/>
</kw>
<kw name="Wait Until Location Contains" owner="SeleniumLibrary">
<arg>/login</arg>
<arg>timeout=10s</arg>
<doc>Waits until the current URL contains ``expected``.</doc>
<status status="PASS" start="2026-03-01T23:55:12.812328" elapsed="0.007134"/>
</kw>
<kw name="Input Text" owner="SeleniumLibrary">
<msg time="2026-03-01T23:55:12.820680" level="INFO">Typing text 'Veerapat' into text field 'id=identifier'.</msg>
<arg>id=identifier</arg>
<arg>${PASSENGER_USER}</arg>
<doc>Types the given ``text`` into the text field identified by ``locator``.</doc>
<status status="PASS" start="2026-03-01T23:55:12.819832" elapsed="0.114491"/>
</kw>
<kw name="Input Text" owner="SeleniumLibrary">
<msg time="2026-03-01T23:55:12.934838" level="INFO">Typing text 'asdfjkl;123' into text field 'id=password'.</msg>
<arg>id=password</arg>
<arg>${PASSENGER_PASS}</arg>
<doc>Types the given ``text`` into the text field identified by ``locator``.</doc>
<status status="PASS" start="2026-03-01T23:55:12.934555" elapsed="0.043390"/>
</kw>
<kw name="Click Button" owner="SeleniumLibrary">
<msg time="2026-03-01T23:55:12.978251" level="INFO">Clicking button 'xpath=//button[@type='submit']'.</msg>
<arg>xpath=//button[@type='submit']</arg>
<doc>Clicks the button identified by ``locator``.</doc>
<status status="PASS" start="2026-03-01T23:55:12.978112" elapsed="0.040596"/>
</kw>
<kw name="Dashboard User Should Be Visible" owner="auth_keywords">
<kw name="Wait Until Element Is Visible" owner="SeleniumLibrary">
<msg time="2026-03-01T23:55:23.342978" level="INFO" html="true">&lt;/td&gt;&lt;/tr&gt;&lt;tr&gt;&lt;td colspan="3"&gt;&lt;a href="selenium-screenshot-1.png"&gt;&lt;img src="selenium-screenshot-1.png" width="800px"&gt;&lt;/a&gt;</msg>
<msg time="2026-03-01T23:55:23.343123" level="FAIL">Element 'xpath=//span[normalize-space()='Veera']' not visible after 10 seconds.</msg>
<arg>xpath=//span[normalize-space()='${PASSENGER_SURNAME}']</arg>
<arg>10s</arg>
<doc>Waits until the element ``locator`` is visible.</doc>
<status status="FAIL" start="2026-03-01T23:55:13.019170" elapsed="10.326426">Element 'xpath=//span[normalize-space()='Veera']' not visible after 10 seconds.</status>
</kw>
<kw name="Element Should Be Visible" owner="SeleniumLibrary">
<arg>xpath=//span[normalize-space()='${PASSENGER_SURNAME}']</arg>
<doc>Verifies that the element identified by ``locator`` is visible.</doc>
<status status="NOT RUN" start="2026-03-01T23:55:23.345720" elapsed="0.000020"/>
</kw>
<status status="FAIL" start="2026-03-01T23:55:13.018965" elapsed="10.326855">Element 'xpath=//span[normalize-space()='Veera']' not visible after 10 seconds.</status>
</kw>
<kw name="Log To Console" owner="BuiltIn">
<arg>\n[SUCCESS] Login Completed with ${PASSENGER_USER}</arg>
<doc>Logs the given message to the console.</doc>
<status status="NOT RUN" start="2026-03-01T23:55:23.345924" elapsed="0.000016"/>
</kw>
<kw name="Close Browser" owner="SeleniumLibrary" type="TEARDOWN">
<doc>Closes the current browser.</doc>
<status status="PASS" start="2026-03-01T23:55:23.346116" elapsed="0.119738"/>
</kw>
<doc>ทดสอบขั้นตอนการเข้าสู่ระบบโดยใช้ข้อมูลจาก auth_keywords</doc>
<status status="FAIL" start="2026-03-01T23:55:07.799610" elapsed="15.666357">Element 'xpath=//span[normalize-space()='Veera']' not visible after 10 seconds.</status>
</test>
<status status="FAIL" start="2026-03-01T23:55:07.591013" elapsed="15.875303"/>
</suite>
<statistics>
<total>
<stat pass="0" fail="1" skip="0">All Tests</stat>
</total>
<tag>
</tag>
<suite>
<stat name="UAT002 Login" id="s1" pass="0" fail="1" skip="0">UAT002 Login</stat>
</suite>
</statistics>
<errors>
<msg time="2026-03-01T23:55:07.799218" level="ERROR">Error in file '/Users/fandy/KKU 3T2/softend/PaiNamNae/sec1_group1_PaiNamNae/test/resources/keywords/auth_keywords.robot' on line 34: Resource file '../resources/keywords/auth_keywords.robot' does not exist.</msg>
</errors>
</robot>
