<?xml version="1.0" encoding="UTF-8"?>
<robot generator="Robot 7.4.1 (Python 3.11.9 on win32)" generated="2026-02-17T04:02:06.020376" rpa="false" schemaversion="5">
<suite id="s1" name="UAT005-7 ReviewRating" source="D:\Coding Project\Github Project\Software Engineering\My Branch\sec1_group1_PaiNamNae\test\uat\UAT005-7_ReviewRating.robot">
<test id="s1-t1" name="UAT-005-01 : Passenger Login" line="7">
<kw name="Passenger Login" owner="auth_keywords">
<kw name="Open Web Page" owner="auth_keywords">
<kw name="Open Browser" owner="SeleniumLibrary">
<msg time="2026-02-17T04:02:06.274097" level="INFO">Opening browser 'chrome' to base url 'http://localhost:3001/'.</msg>
<arg>${URL}</arg>
<arg>chrome</arg>
<doc>Opens a new browser instance to the optional ``url``.</doc>
<status status="PASS" start="2026-02-17T04:02:06.274097" elapsed="2.294650"/>
</kw>
<status status="PASS" start="2026-02-17T04:02:06.273094" elapsed="2.295653"/>
</kw>
<kw name="Click Element" owner="SeleniumLibrary">
<msg time="2026-02-17T04:02:08.569745" level="INFO">Clicking element 'xpath=//a[@href='/login']'.</msg>
<arg>xpath=//a[@href='/login']</arg>
<doc>Click the element identified by ``locator``.</doc>
<status status="PASS" start="2026-02-17T04:02:08.569745" elapsed="0.106418"/>
</kw>
<kw name="Wait Until Location Contains" owner="SeleniumLibrary">
<arg>/login</arg>
<arg>10s</arg>
<doc>Waits until the current URL contains ``expected``.</doc>
<status status="PASS" start="2026-02-17T04:02:08.676696" elapsed="0.223809"/>
</kw>
<kw name="Location Should Contain" owner="SeleniumLibrary">
<msg time="2026-02-17T04:02:08.905013" level="INFO">Current location contains '/login'.</msg>
<arg>/login</arg>
<doc>Verifies that the current URL contains ``expected``.</doc>
<status status="PASS" start="2026-02-17T04:02:08.900505" elapsed="0.004508"/>
</kw>
<kw name="Input Text" owner="SeleniumLibrary">
<msg time="2026-02-17T04:02:08.906035" level="INFO">Typing text 'Veerapat' into text field 'id=identifier'.</msg>
<arg>id=identifier</arg>
<arg>${PASSENGER_USER}</arg>
<doc>Types the given ``text`` into the text field identified by ``locator``.</doc>
<status status="PASS" start="2026-02-17T04:02:08.905013" elapsed="0.091071"/>
</kw>
<kw name="Input Text" owner="SeleniumLibrary">
<msg time="2026-02-17T04:02:08.997091" level="INFO">Typing text 'asdfjkl;123' into text field 'id=password'.</msg>
<arg>id=password</arg>
<arg>${PASSENGER_PASS}</arg>
<doc>Types the given ``text`` into the text field identified by ``locator``.</doc>
<status status="PASS" start="2026-02-17T04:02:08.997091" elapsed="0.067195"/>
</kw>
<kw name="Click Button" owner="SeleniumLibrary">
<msg time="2026-02-17T04:02:09.065808" level="INFO">Clicking button 'xpath=//button[@type='submit']'.</msg>
<arg>xpath=//button[@type='submit']</arg>
<doc>Clicks the button identified by ``locator``.</doc>
<status status="PASS" start="2026-02-17T04:02:09.064286" elapsed="0.070154"/>
</kw>
<status status="PASS" start="2026-02-17T04:02:06.273094" elapsed="2.862883"/>
</kw>
<kw name="Dashboard User Should Be Visible" owner="auth_keywords">
<kw name="Wait Until Element Is Visible" owner="SeleniumLibrary">
<arg>xpath=//span[normalize-space()='${PASSENGER_SURNAME}']</arg>
<arg>10s</arg>
<doc>Waits until the element ``locator`` is visible.</doc>
<status status="PASS" start="2026-02-17T04:02:09.137083" elapsed="0.226082"/>
</kw>
<kw name="Element Should Be Visible" owner="SeleniumLibrary">
<msg time="2026-02-17T04:02:09.373781" level="INFO">Element 'xpath=//span[normalize-space()='Veera']' is displayed.</msg>
<arg>xpath=//span[normalize-space()='${PASSENGER_SURNAME}']</arg>
<doc>Verifies that the element identified by ``locator`` is visible.</doc>
<status status="PASS" start="2026-02-17T04:02:09.363165" elapsed="0.010616"/>
</kw>
<status status="PASS" start="2026-02-17T04:02:09.136501" elapsed="0.237280"/>
</kw>
<status status="PASS" start="2026-02-17T04:02:06.271928" elapsed="3.101853"/>
</test>
<test id="s1-t2" name="UAT-005-02 : Passenger Give 1 Star" line="13">
<kw name="Passenger Login" owner="auth_keywords">
<kw name="Open Web Page" owner="auth_keywords">
<kw name="Open Browser" owner="SeleniumLibrary">
<msg time="2026-02-17T04:02:09.375863" level="INFO">Opening browser 'chrome' to base url 'http://localhost:3001/'.</msg>
<arg>${URL}</arg>
<arg>chrome</arg>
<doc>Opens a new browser instance to the optional ``url``.</doc>
<status status="PASS" start="2026-02-17T04:02:09.375863" elapsed="2.225534"/>
</kw>
<status status="PASS" start="2026-02-17T04:02:09.374791" elapsed="2.226606"/>
</kw>
<kw name="Click Element" owner="SeleniumLibrary">
<msg time="2026-02-17T04:02:11.602398" level="INFO">Clicking element 'xpath=//a[@href='/login']'.</msg>
<arg>xpath=//a[@href='/login']</arg>
<doc>Click the element identified by ``locator``.</doc>
<status status="PASS" start="2026-02-17T04:02:11.602398" elapsed="0.113707"/>
</kw>
<kw name="Wait Until Location Contains" owner="SeleniumLibrary">
<arg>/login</arg>
<arg>10s</arg>
<doc>Waits until the current URL contains ``expected``.</doc>
<status status="PASS" start="2026-02-17T04:02:11.716105" elapsed="0.036013"/>
</kw>
<kw name="Location Should Contain" owner="SeleniumLibrary">
<msg time="2026-02-17T04:02:11.758148" level="INFO">Current location contains '/login'.</msg>
<arg>/login</arg>
<doc>Verifies that the current URL contains ``expected``.</doc>
<status status="PASS" start="2026-02-17T04:02:11.752118" elapsed="0.006030"/>
</kw>
<kw name="Input Text" owner="SeleniumLibrary">
<msg time="2026-02-17T04:02:11.759156" level="INFO">Typing text 'Veerapat' into text field 'id=identifier'.</msg>
<arg>id=identifier</arg>
<arg>${PASSENGER_USER}</arg>
<doc>Types the given ``text`` into the text field identified by ``locator``.</doc>
<status status="PASS" start="2026-02-17T04:02:11.758148" elapsed="0.124526"/>
</kw>
<kw name="Input Text" owner="SeleniumLibrary">
<msg time="2026-02-17T04:02:11.883203" level="INFO">Typing text 'asdfjkl;123' into text field 'id=password'.</msg>
<arg>id=password</arg>
<arg>${PASSENGER_PASS}</arg>
<doc>Types the given ``text`` into the text field identified by ``locator``.</doc>
<status status="PASS" start="2026-02-17T04:02:11.882674" elapsed="0.081764"/>
</kw>
<kw name="Click Button" owner="SeleniumLibrary">
<msg time="2026-02-17T04:02:11.965946" level="INFO">Clicking button 'xpath=//button[@type='submit']'.</msg>
<arg>xpath=//button[@type='submit']</arg>
<doc>Clicks the button identified by ``locator``.</doc>
<status status="PASS" start="2026-02-17T04:02:11.965946" elapsed="0.066588"/>
</kw>
<status status="PASS" start="2026-02-17T04:02:09.374791" elapsed="2.658744"/>
</kw>
<kw name="Sleep" owner="BuiltIn">
<msg time="2026-02-17T04:02:14.033740" level="INFO">Slept 2 seconds.</msg>
<arg>2s</arg>
<doc>Pauses the test executed for the given time.</doc>
<status status="PASS" start="2026-02-17T04:02:12.033535" elapsed="2.000205"/>
</kw>
<kw name="View My Trip" owner="auth_keywords">
<kw name="Click Element" owner="SeleniumLibrary">
<msg time="2026-02-17T04:02:14.034243" level="INFO">Clicking element 'xpath=//a[@href='/myTrip']'.</msg>
<arg>xpath=//a[@href='/myTrip']</arg>
<doc>Click the element identified by ``locator``.</doc>
<status status="PASS" start="2026-02-17T04:02:14.034243" elapsed="0.057409"/>
</kw>
<kw name="Sleep" owner="BuiltIn">
<msg time="2026-02-17T04:02:16.091731" level="INFO">Slept 2 seconds.</msg>
<arg>2s</arg>
<doc>Pauses the test executed for the given time.</doc>
<status status="PASS" start="2026-02-17T04:02:14.091652" elapsed="2.000079"/>
</kw>
<kw name="Click Element" owner="SeleniumLibrary">
<msg time="2026-02-17T04:02:16.092238" level="INFO">Clicking element 'xpath=//button[starts-with(normalize-space(), "ทั้งหมด")]'.</msg>
<arg>xpath=//button[starts-with(normalize-space(), "ทั้งหมด")]</arg>
<doc>Click the element identified by ``locator``.</doc>
<status status="PASS" start="2026-02-17T04:02:16.092238" elapsed="0.058681"/>
</kw>
<status status="PASS" start="2026-02-17T04:02:14.034243" elapsed="2.116676"/>
</kw>
<kw name="Sleep" owner="BuiltIn">
<msg time="2026-02-17T04:02:18.152511" level="INFO">Slept 2 seconds.</msg>
<arg>2s</arg>
<doc>Pauses the test executed for the given time.</doc>
<status status="PASS" start="2026-02-17T04:02:16.150919" elapsed="2.001592"/>
</kw>
<kw name="Click Element" owner="SeleniumLibrary">
<msg time="2026-02-17T04:02:18.152511" level="INFO">Clicking element 'xpath=(//button[normalize-space()="รีวิวผู้ขับ"])[1]'.</msg>
<arg>xpath=(//button[normalize-space()="รีวิวผู้ขับ"])[1]</arg>
<doc>Click the element identified by ``locator``.</doc>
<status status="PASS" start="2026-02-17T04:02:18.152511" elapsed="0.052393"/>
</kw>
<kw name="Sleep" owner="BuiltIn">
<msg time="2026-02-17T04:02:20.206607" level="INFO">Slept 2 seconds.</msg>
<arg>2s</arg>
<doc>Pauses the test executed for the given time.</doc>
<status status="PASS" start="2026-02-17T04:02:18.205904" elapsed="2.000703"/>
</kw>
<kw name="Click Element" owner="SeleniumLibrary">
<msg time="2026-02-17T04:02:20.207121" level="INFO">Clicking element 'xpath=(//button[@type="button"][.//span[contains(normalize-space(),"★")]])[1]'.</msg>
<arg>xpath=(//button[@type="button"][.//span[contains(normalize-space(),"★")]])[1]</arg>
<doc>Click the element identified by ``locator``.</doc>
<status status="PASS" start="2026-02-17T04:02:20.207121" elapsed="0.059726"/>
</kw>
<kw name="Sleep" owner="BuiltIn">
<msg time="2026-02-17T04:02:22.268162" level="INFO">Slept 2 seconds.</msg>
<arg>2s</arg>
<doc>Pauses the test executed for the given time.</doc>
<status status="PASS" start="2026-02-17T04:02:20.267877" elapsed="2.000285"/>
</kw>
<kw name="Click Element" owner="SeleniumLibrary">
<msg time="2026-02-17T04:02:22.268666" level="INFO">Clicking element 'xpath=//button[normalize-space()="ส่งรีวิว"]'.</msg>
<arg>xpath=//button[normalize-space()="ส่งรีวิว"]</arg>
<doc>Click the element identified by ``locator``.</doc>
<status status="PASS" start="2026-02-17T04:02:22.268666" elapsed="0.050496"/>
</kw>
<kw name="Wait Until Element Is Visible" owner="SeleniumLibrary">
<arg>xpath=//*[contains(text(),"รีวิวสำเร็จ")]</arg>
<arg>10s</arg>
<doc>Waits until the element ``locator`` is visible.</doc>
<status status="PASS" start="2026-02-17T04:02:22.319162" elapsed="0.226910"/>
</kw>
<kw name="Sleep" owner="BuiltIn">
<msg time="2026-02-17T04:02:24.547651" level="INFO">Slept 2 seconds.</msg>
<arg>2s</arg>
<doc>Pauses the test executed for the given time.</doc>
<status status="PASS" start="2026-02-17T04:02:22.547212" elapsed="2.000439"/>
</kw>
<kw name="View All Route" owner="auth_keywords">
<kw name="Click Element" owner="SeleniumLibrary">
<msg time="2026-02-17T04:02:24.548155" level="INFO">Clicking element 'xpath=//a[@href='/findTrip']'.</msg>
<arg>xpath=//a[@href='/findTrip']</arg>
<doc>Click the element identified by ``locator``.</doc>
<status status="PASS" start="2026-02-17T04:02:24.548155" elapsed="0.050011"/>
</kw>
<status status="PASS" start="2026-02-17T04:02:24.547651" elapsed="0.052024"/>
</kw>
<kw name="Sleep" owner="BuiltIn">
<msg time="2026-02-17T04:02:26.601288" level="INFO">Slept 2 seconds.</msg>
<arg>2s</arg>
<doc>Pauses the test executed for the given time.</doc>
<status status="PASS" start="2026-02-17T04:02:24.599675" elapsed="2.001613"/>
</kw>
<kw name="View Passenger Info" owner="auth_keywords">
<kw name="Wait Until Element Is Visible" owner="SeleniumLibrary">
<arg>xpath=//h4[normalize-space()="Takumi Fujiwara"]</arg>
<arg>10s</arg>
<doc>Waits until the element ``locator`` is visible.</doc>
<status status="PASS" start="2026-02-17T04:02:26.601812" elapsed="0.016372"/>
</kw>
<kw name="Click Element" owner="SeleniumLibrary">
<msg time="2026-02-17T04:02:26.619183" level="INFO">Clicking element 'xpath=//h4[normalize-space()="Takumi Fujiwara"]'.</msg>
<arg>xpath=//h4[normalize-space()="Takumi Fujiwara"]</arg>
<doc>Click the element identified by ``locator``.</doc>
<status status="PASS" start="2026-02-17T04:02:26.618184" elapsed="0.057849"/>
</kw>
<status status="PASS" start="2026-02-17T04:02:26.601812" elapsed="0.074221"/>
</kw>
<kw name="Page Should Contain" owner="SeleniumLibrary">
<msg time="2026-02-17T04:02:26.696043" level="INFO">Current page contains text '1'.</msg>
<arg>1</arg>
<doc>Verifies that current page contains ``text``.</doc>
<status status="PASS" start="2026-02-17T04:02:26.676033" elapsed="0.020010"/>
</kw>
<kw name="Page Should Contain" owner="SeleniumLibrary">
<msg time="2026-02-17T04:02:26.718948" level="INFO">Current page contains text 'Veera'.</msg>
<arg>${PASSENGER_SURNAME}</arg>
<doc>Verifies that current page contains ``text``.</doc>
<status status="PASS" start="2026-02-17T04:02:26.697048" elapsed="0.021900"/>
</kw>
<status status="PASS" start="2026-02-17T04:02:09.374791" elapsed="17.345169"/>
</test>
<test id="s1-t3" name="UAT-006-01 : Passenger Login" line="34">
<kw name="Passenger Login" owner="auth_keywords">
<kw name="Open Web Page" owner="auth_keywords">
<kw name="Open Browser" owner="SeleniumLibrary">
<msg time="2026-02-17T04:02:26.724447" level="INFO">Opening browser 'chrome' to base url 'http://localhost:3001/'.</msg>
<arg>${URL}</arg>
<arg>chrome</arg>
<doc>Opens a new browser instance to the optional ``url``.</doc>
<status status="PASS" start="2026-02-17T04:02:26.724447" elapsed="2.192317"/>
</kw>
<status status="PASS" start="2026-02-17T04:02:26.724447" elapsed="2.192317"/>
</kw>
<kw name="Click Element" owner="SeleniumLibrary">
<msg time="2026-02-17T04:02:28.918302" level="INFO">Clicking element 'xpath=//a[@href='/login']'.</msg>
<arg>xpath=//a[@href='/login']</arg>
<doc>Click the element identified by ``locator``.</doc>
<status status="PASS" start="2026-02-17T04:02:28.916764" elapsed="0.081895"/>
</kw>
<kw name="Wait Until Location Contains" owner="SeleniumLibrary">
<arg>/login</arg>
<arg>10s</arg>
<doc>Waits until the current URL contains ``expected``.</doc>
<status status="PASS" start="2026-02-17T04:02:28.998659" elapsed="0.037426"/>
</kw>
<kw name="Location Should Contain" owner="SeleniumLibrary">
<msg time="2026-02-17T04:02:29.042006" level="INFO">Current location contains '/login'.</msg>
<arg>/login</arg>
<doc>Verifies that the current URL contains ``expected``.</doc>
<status status="PASS" start="2026-02-17T04:02:29.036085" elapsed="0.005921"/>
</kw>
<kw name="Input Text" owner="SeleniumLibrary">
<msg time="2026-02-17T04:02:29.043007" level="INFO">Typing text 'Veerapat' into text field 'id=identifier'.</msg>
<arg>id=identifier</arg>
<arg>${PASSENGER_USER}</arg>
<doc>Types the given ``text`` into the text field identified by ``locator``.</doc>
<status status="PASS" start="2026-02-17T04:02:29.043007" elapsed="0.094657"/>
</kw>
<kw name="Input Text" owner="SeleniumLibrary">
<msg time="2026-02-17T04:02:29.138666" level="INFO">Typing text 'asdfjkl;123' into text field 'id=password'.</msg>
<arg>id=password</arg>
<arg>${PASSENGER_PASS}</arg>
<doc>Types the given ``text`` into the text field identified by ``locator``.</doc>
<status status="PASS" start="2026-02-17T04:02:29.137664" elapsed="0.114778"/>
</kw>
<kw name="Click Button" owner="SeleniumLibrary">
<msg time="2026-02-17T04:02:29.252442" level="INFO">Clicking button 'xpath=//button[@type='submit']'.</msg>
<arg>xpath=//button[@type='submit']</arg>
<doc>Clicks the button identified by ``locator``.</doc>
<status status="PASS" start="2026-02-17T04:02:29.252442" elapsed="0.088503"/>
</kw>
<status status="PASS" start="2026-02-17T04:02:26.723439" elapsed="2.618524"/>
</kw>
<kw name="Dashboard User Should Be Visible" owner="auth_keywords">
<kw name="Wait Until Element Is Visible" owner="SeleniumLibrary">
<arg>xpath=//span[normalize-space()='${PASSENGER_SURNAME}']</arg>
<arg>10s</arg>
<doc>Waits until the element ``locator`` is visible.</doc>
<status status="PASS" start="2026-02-17T04:02:29.341963" elapsed="0.228995"/>
</kw>
<kw name="Element Should Be Visible" owner="SeleniumLibrary">
<msg time="2026-02-17T04:02:29.580592" level="INFO">Element 'xpath=//span[normalize-space()='Veera']' is displayed.</msg>
<arg>xpath=//span[normalize-space()='${PASSENGER_SURNAME}']</arg>
<doc>Verifies that the element identified by ``locator`` is visible.</doc>
<status status="PASS" start="2026-02-17T04:02:29.570958" elapsed="0.009634"/>
</kw>
<status status="PASS" start="2026-02-17T04:02:29.341963" elapsed="0.238629"/>
</kw>
<status status="PASS" start="2026-02-17T04:02:26.720955" elapsed="2.859637"/>
</test>
<test id="s1-t4" name="UAT-006-02 : Passenger Give 5 Star" line="40">
<kw name="Passenger Login" owner="auth_keywords">
<kw name="Open Web Page" owner="auth_keywords">
<kw name="Open Browser" owner="SeleniumLibrary">
<msg time="2026-02-17T04:02:29.581591" level="INFO">Opening browser 'chrome' to base url 'http://localhost:3001/'.</msg>
<arg>${URL}</arg>
<arg>chrome</arg>
<doc>Opens a new browser instance to the optional ``url``.</doc>
<status status="PASS" start="2026-02-17T04:02:29.581591" elapsed="2.187085"/>
</kw>
<status status="PASS" start="2026-02-17T04:02:29.581591" elapsed="2.187085"/>
</kw>
<kw name="Click Element" owner="SeleniumLibrary">
<msg time="2026-02-17T04:02:31.768676" level="INFO">Clicking element 'xpath=//a[@href='/login']'.</msg>
<arg>xpath=//a[@href='/login']</arg>
<doc>Click the element identified by ``locator``.</doc>
<status status="PASS" start="2026-02-17T04:02:31.768676" elapsed="0.086547"/>
</kw>
<kw name="Wait Until Location Contains" owner="SeleniumLibrary">
<arg>/login</arg>
<arg>10s</arg>
<doc>Waits until the current URL contains ``expected``.</doc>
<status status="PASS" start="2026-02-17T04:02:31.855745" elapsed="0.036243"/>
</kw>
<kw name="Location Should Contain" owner="SeleniumLibrary">
<msg time="2026-02-17T04:02:31.898170" level="INFO">Current location contains '/login'.</msg>
<arg>/login</arg>
<doc>Verifies that the current URL contains ``expected``.</doc>
<status status="PASS" start="2026-02-17T04:02:31.891988" elapsed="0.006182"/>
</kw>
<kw name="Input Text" owner="SeleniumLibrary">
<msg time="2026-02-17T04:02:31.899504" level="INFO">Typing text 'Veerapat' into text field 'id=identifier'.</msg>
<arg>id=identifier</arg>
<arg>${PASSENGER_USER}</arg>
<doc>Types the given ``text`` into the text field identified by ``locator``.</doc>
<status status="PASS" start="2026-02-17T04:02:31.898170" elapsed="0.098808"/>
</kw>
<kw name="Input Text" owner="SeleniumLibrary">
<msg time="2026-02-17T04:02:31.997989" level="INFO">Typing text 'asdfjkl;123' into text field 'id=password'.</msg>
<arg>id=password</arg>
<arg>${PASSENGER_PASS}</arg>
<doc>Types the given ``text`` into the text field identified by ``locator``.</doc>
<status status="PASS" start="2026-02-17T04:02:31.996978" elapsed="0.096121"/>
</kw>
<kw name="Click Button" owner="SeleniumLibrary">
<msg time="2026-02-17T04:02:32.093607" level="INFO">Clicking button 'xpath=//button[@type='submit']'.</msg>
<arg>xpath=//button[@type='submit']</arg>
<doc>Clicks the button identified by ``locator``.</doc>
<status status="PASS" start="2026-02-17T04:02:32.093607" elapsed="0.096982"/>
</kw>
<status status="PASS" start="2026-02-17T04:02:29.581591" elapsed="2.609998"/>
</kw>
<kw name="Sleep" owner="BuiltIn">
<msg time="2026-02-17T04:02:34.192038" level="INFO">Slept 2 seconds.</msg>
<arg>2s</arg>
<doc>Pauses the test executed for the given time.</doc>
<status status="PASS" start="2026-02-17T04:02:32.191589" elapsed="2.000449"/>
</kw>
<kw name="View My Trip" owner="auth_keywords">
<kw name="Click Element" owner="SeleniumLibrary">
<msg time="2026-02-17T04:02:34.192038" level="INFO">Clicking element 'xpath=//a[@href='/myTrip']'.</msg>
<arg>xpath=//a[@href='/myTrip']</arg>
<doc>Click the element identified by ``locator``.</doc>
<status status="PASS" start="2026-02-17T04:02:34.192038" elapsed="0.051729"/>
</kw>
<kw name="Sleep" owner="BuiltIn">
<msg time="2026-02-17T04:02:36.243954" level="INFO">Slept 2 seconds.</msg>
<arg>2s</arg>
<doc>Pauses the test executed for the given time.</doc>
<status status="PASS" start="2026-02-17T04:02:34.243767" elapsed="2.000187"/>
</kw>
<kw name="Click Element" owner="SeleniumLibrary">
<msg time="2026-02-17T04:02:36.243954" level="INFO">Clicking element 'xpath=//button[starts-with(normalize-space(), "ทั้งหมด")]'.</msg>
<arg>xpath=//button[starts-with(normalize-space(), "ทั้งหมด")]</arg>
<doc>Click the element identified by ``locator``.</doc>
<status status="PASS" start="2026-02-17T04:02:36.243954" elapsed="0.055736"/>
</kw>
<status status="PASS" start="2026-02-17T04:02:34.192038" elapsed="2.107652"/>
</kw>
<kw name="Sleep" owner="BuiltIn">
<msg time="2026-02-17T04:02:38.301292" level="INFO">Slept 2 seconds.</msg>
<arg>2s</arg>
<doc>Pauses the test executed for the given time.</doc>
<status status="PASS" start="2026-02-17T04:02:36.300680" elapsed="2.000612"/>
</kw>
<kw name="Click Element" owner="SeleniumLibrary">
<msg time="2026-02-17T04:02:38.301292" level="INFO">Clicking element 'xpath=(//button[normalize-space()="รีวิวผู้ขับ"])[2]'.</msg>
<arg>xpath=(//button[normalize-space()="รีวิวผู้ขับ"])[2]</arg>
<doc>Click the element identified by ``locator``.</doc>
<status status="PASS" start="2026-02-17T04:02:38.301292" elapsed="0.055672"/>
</kw>
<kw name="Sleep" owner="BuiltIn">
<msg time="2026-02-17T04:02:40.358396" level="INFO">Slept 2 seconds.</msg>
<arg>2s</arg>
<doc>Pauses the test executed for the given time.</doc>
<status status="PASS" start="2026-02-17T04:02:38.357973" elapsed="2.000423"/>
</kw>
<kw name="Click Element" owner="SeleniumLibrary">
<msg time="2026-02-17T04:02:40.358396" level="INFO">Clicking element 'xpath=(//button[@type="button"][.//span[contains(normalize-space(),"★")]])[5]'.</msg>
<arg>xpath=(//button[@type="button"][.//span[contains(normalize-space(),"★")]])[5]</arg>
<doc>Click the element identified by ``locator``.</doc>
<status status="PASS" start="2026-02-17T04:02:40.358396" elapsed="0.052767"/>
</kw>
<kw name="Sleep" owner="BuiltIn">
<msg time="2026-02-17T04:02:42.412702" level="INFO">Slept 2 seconds.</msg>
<arg>2s</arg>
<doc>Pauses the test executed for the given time.</doc>
<status status="PASS" start="2026-02-17T04:02:40.412163" elapsed="2.000539"/>
</kw>
<kw name="Click Element" owner="SeleniumLibrary">
<msg time="2026-02-17T04:02:42.412702" level="INFO">Clicking element 'xpath=//button[normalize-space()="ส่งรีวิว"]'.</msg>
<arg>xpath=//button[normalize-space()="ส่งรีวิว"]</arg>
<doc>Click the element identified by ``locator``.</doc>
<status status="PASS" start="2026-02-17T04:02:42.412702" elapsed="0.052257"/>
</kw>
<kw name="Wait Until Element Is Visible" owner="SeleniumLibrary">
<arg>xpath=//*[contains(text(),"รีวิวสำเร็จ")]</arg>
<arg>10s</arg>
<doc>Waits until the element ``locator`` is visible.</doc>
<status status="PASS" start="2026-02-17T04:02:42.465967" elapsed="0.227036"/>
</kw>
<kw name="Sleep" owner="BuiltIn">
<msg time="2026-02-17T04:02:44.694544" level="INFO">Slept 2 seconds.</msg>
<arg>2s</arg>
<doc>Pauses the test executed for the given time.</doc>
<status status="PASS" start="2026-02-17T04:02:42.694006" elapsed="2.000538"/>
</kw>
<kw name="View All Route" owner="auth_keywords">
<kw name="Click Element" owner="SeleniumLibrary">
<msg time="2026-02-17T04:02:44.694544" level="INFO">Clicking element 'xpath=//a[@href='/findTrip']'.</msg>
<arg>xpath=//a[@href='/findTrip']</arg>
<doc>Click the element identified by ``locator``.</doc>
<status status="PASS" start="2026-02-17T04:02:44.694544" elapsed="0.079228"/>
</kw>
<status status="PASS" start="2026-02-17T04:02:44.694544" elapsed="0.079228"/>
</kw>
<kw name="Sleep" owner="BuiltIn">
<msg time="2026-02-17T04:02:46.775390" level="INFO">Slept 2 seconds.</msg>
<arg>2s</arg>
<doc>Pauses the test executed for the given time.</doc>
<status status="PASS" start="2026-02-17T04:02:44.774778" elapsed="2.000612"/>
</kw>
<kw name="View Passenger Info" owner="auth_keywords">
<kw name="Wait Until Element Is Visible" owner="SeleniumLibrary">
<arg>xpath=//h4[normalize-space()="Takumi Fujiwara"]</arg>
<arg>10s</arg>
<doc>Waits until the element ``locator`` is visible.</doc>
<status status="PASS" start="2026-02-17T04:02:46.775941" elapsed="0.014062"/>
</kw>
<kw name="Click Element" owner="SeleniumLibrary">
<msg time="2026-02-17T04:02:46.790003" level="INFO">Clicking element 'xpath=//h4[normalize-space()="Takumi Fujiwara"]'.</msg>
<arg>xpath=//h4[normalize-space()="Takumi Fujiwara"]</arg>
<doc>Click the element identified by ``locator``.</doc>
<status status="PASS" start="2026-02-17T04:02:46.790003" elapsed="0.061388"/>
</kw>
<status status="PASS" start="2026-02-17T04:02:46.775941" elapsed="0.075450"/>
</kw>
<kw name="Page Should Contain" owner="SeleniumLibrary">
<msg time="2026-02-17T04:02:46.871851" level="INFO">Current page contains text '5'.</msg>
<arg>5</arg>
<doc>Verifies that current page contains ``text``.</doc>
<status status="PASS" start="2026-02-17T04:02:46.851391" elapsed="0.020460"/>
</kw>
<kw name="Page Should Contain" owner="SeleniumLibrary">
<msg time="2026-02-17T04:02:46.906448" level="INFO">Current page contains text 'Veera'.</msg>
<arg>${PASSENGER_SURNAME}</arg>
<doc>Verifies that current page contains ``text``.</doc>
<status status="PASS" start="2026-02-17T04:02:46.874373" elapsed="0.032075"/>
</kw>
<status status="PASS" start="2026-02-17T04:02:29.581591" elapsed="17.325386"/>
</test>
<test id="s1-t5" name="UAT-007-01 : Passenger Login" line="61">
<kw name="Passenger Login" owner="auth_keywords">
<kw name="Open Web Page" owner="auth_keywords">
<kw name="Open Browser" owner="SeleniumLibrary">
<msg time="2026-02-17T04:02:46.909493" level="INFO">Opening browser 'chrome' to base url 'http://localhost:3001/'.</msg>
<arg>${URL}</arg>
<arg>chrome</arg>
<doc>Opens a new browser instance to the optional ``url``.</doc>
<status status="PASS" start="2026-02-17T04:02:46.909493" elapsed="2.221964"/>
</kw>
<status status="PASS" start="2026-02-17T04:02:46.908483" elapsed="2.222974"/>
</kw>
<kw name="Click Element" owner="SeleniumLibrary">
<msg time="2026-02-17T04:02:49.131457" level="INFO">Clicking element 'xpath=//a[@href='/login']'.</msg>
<arg>xpath=//a[@href='/login']</arg>
<doc>Click the element identified by ``locator``.</doc>
<status status="PASS" start="2026-02-17T04:02:49.131457" elapsed="0.085212"/>
</kw>
<kw name="Wait Until Location Contains" owner="SeleniumLibrary">
<arg>/login</arg>
<arg>10s</arg>
<doc>Waits until the current URL contains ``expected``.</doc>
<status status="PASS" start="2026-02-17T04:02:49.216669" elapsed="0.230781"/>
</kw>
<kw name="Location Should Contain" owner="SeleniumLibrary">
<msg time="2026-02-17T04:02:49.458011" level="INFO">Current location contains '/login'.</msg>
<arg>/login</arg>
<doc>Verifies that the current URL contains ``expected``.</doc>
<status status="PASS" start="2026-02-17T04:02:49.447450" elapsed="0.010561"/>
</kw>
<kw name="Input Text" owner="SeleniumLibrary">
<msg time="2026-02-17T04:02:49.459011" level="INFO">Typing text 'Veerapat' into text field 'id=identifier'.</msg>
<arg>id=identifier</arg>
<arg>${PASSENGER_USER}</arg>
<doc>Types the given ``text`` into the text field identified by ``locator``.</doc>
<status status="PASS" start="2026-02-17T04:02:49.459011" elapsed="0.105377"/>
</kw>
<kw name="Input Text" owner="SeleniumLibrary">
<msg time="2026-02-17T04:02:49.565899" level="INFO">Typing text 'asdfjkl;123' into text field 'id=password'.</msg>
<arg>id=password</arg>
<arg>${PASSENGER_PASS}</arg>
<doc>Types the given ``text`` into the text field identified by ``locator``.</doc>
<status status="PASS" start="2026-02-17T04:02:49.564388" elapsed="0.067314"/>
</kw>
<kw name="Click Button" owner="SeleniumLibrary">
<msg time="2026-02-17T04:02:49.632716" level="INFO">Clicking button 'xpath=//button[@type='submit']'.</msg>
<arg>xpath=//button[@type='submit']</arg>
<doc>Clicks the button identified by ``locator``.</doc>
<status status="PASS" start="2026-02-17T04:02:49.631702" elapsed="0.059639"/>
</kw>
<status status="PASS" start="2026-02-17T04:02:46.908483" elapsed="2.782858"/>
</kw>
<kw name="Dashboard User Should Be Visible" owner="auth_keywords">
<kw name="Wait Until Element Is Visible" owner="SeleniumLibrary">
<arg>xpath=//span[normalize-space()='${PASSENGER_SURNAME}']</arg>
<arg>10s</arg>
<doc>Waits until the element ``locator`` is visible.</doc>
<status status="PASS" start="2026-02-17T04:02:49.692365" elapsed="0.230043"/>
</kw>
<kw name="Element Should Be Visible" owner="SeleniumLibrary">
<msg time="2026-02-17T04:02:49.933423" level="INFO">Element 'xpath=//span[normalize-space()='Veera']' is displayed.</msg>
<arg>xpath=//span[normalize-space()='${PASSENGER_SURNAME}']</arg>
<doc>Verifies that the element identified by ``locator`` is visible.</doc>
<status status="PASS" start="2026-02-17T04:02:49.922408" elapsed="0.011015"/>
</kw>
<status status="PASS" start="2026-02-17T04:02:49.692365" elapsed="0.241058"/>
</kw>
<status status="PASS" start="2026-02-17T04:02:46.907991" elapsed="3.026430"/>
</test>
<test id="s1-t6" name="UAT-007-02 : Passenger Do not Give a Star" line="67">
<kw name="Passenger Login" owner="auth_keywords">
<kw name="Open Web Page" owner="auth_keywords">
<kw name="Open Browser" owner="SeleniumLibrary">
<msg time="2026-02-17T04:02:49.934421" level="INFO">Opening browser 'chrome' to base url 'http://localhost:3001/'.</msg>
<arg>${URL}</arg>
<arg>chrome</arg>
<doc>Opens a new browser instance to the optional ``url``.</doc>
<status status="PASS" start="2026-02-17T04:02:49.934421" elapsed="2.238165"/>
</kw>
<status status="PASS" start="2026-02-17T04:02:49.934421" elapsed="2.239163"/>
</kw>
<kw name="Click Element" owner="SeleniumLibrary">
<msg time="2026-02-17T04:02:52.173584" level="INFO">Clicking element 'xpath=//a[@href='/login']'.</msg>
<arg>xpath=//a[@href='/login']</arg>
<doc>Click the element identified by ``locator``.</doc>
<status status="PASS" start="2026-02-17T04:02:52.173584" elapsed="0.150724"/>
</kw>
<kw name="Wait Until Location Contains" owner="SeleniumLibrary">
<arg>/login</arg>
<arg>10s</arg>
<doc>Waits until the current URL contains ``expected``.</doc>
<status status="PASS" start="2026-02-17T04:02:52.324308" elapsed="0.007559"/>
</kw>
<kw name="Location Should Contain" owner="SeleniumLibrary">
<msg time="2026-02-17T04:02:52.347320" level="INFO">Current location contains '/login'.</msg>
<arg>/login</arg>
<doc>Verifies that the current URL contains ``expected``.</doc>
<status status="PASS" start="2026-02-17T04:02:52.332875" elapsed="0.014445"/>
</kw>
<kw name="Input Text" owner="SeleniumLibrary">
<msg time="2026-02-17T04:02:52.347320" level="INFO">Typing text 'Veerapat' into text field 'id=identifier'.</msg>
<arg>id=identifier</arg>
<arg>${PASSENGER_USER}</arg>
<doc>Types the given ``text`` into the text field identified by ``locator``.</doc>
<status status="PASS" start="2026-02-17T04:02:52.347320" elapsed="0.124450"/>
</kw>
<kw name="Input Text" owner="SeleniumLibrary">
<msg time="2026-02-17T04:02:52.471770" level="INFO">Typing text 'asdfjkl;123' into text field 'id=password'.</msg>
<arg>id=password</arg>
<arg>${PASSENGER_PASS}</arg>
<doc>Types the given ``text`` into the text field identified by ``locator``.</doc>
<status status="PASS" start="2026-02-17T04:02:52.471770" elapsed="0.072214"/>
</kw>
<kw name="Click Button" owner="SeleniumLibrary">
<msg time="2026-02-17T04:02:52.544987" level="INFO">Clicking button 'xpath=//button[@type='submit']'.</msg>
<arg>xpath=//button[@type='submit']</arg>
<doc>Clicks the button identified by ``locator``.</doc>
<status status="PASS" start="2026-02-17T04:02:52.544987" elapsed="0.064160"/>
</kw>
<status status="PASS" start="2026-02-17T04:02:49.934421" elapsed="2.674726"/>
</kw>
<kw name="Sleep" owner="BuiltIn">
<msg time="2026-02-17T04:02:54.610226" level="INFO">Slept 2 seconds.</msg>
<arg>2s</arg>
<doc>Pauses the test executed for the given time.</doc>
<status status="PASS" start="2026-02-17T04:02:52.609147" elapsed="2.001079"/>
</kw>
<kw name="View My Trip" owner="auth_keywords">
<kw name="Click Element" owner="SeleniumLibrary">
<msg time="2026-02-17T04:02:54.611234" level="INFO">Clicking element 'xpath=//a[@href='/myTrip']'.</msg>
<arg>xpath=//a[@href='/myTrip']</arg>
<doc>Click the element identified by ``locator``.</doc>
<status status="PASS" start="2026-02-17T04:02:54.611234" elapsed="0.053221"/>
</kw>
<kw name="Sleep" owner="BuiltIn">
<msg time="2026-02-17T04:02:56.665004" level="INFO">Slept 2 seconds.</msg>
<arg>2s</arg>
<doc>Pauses the test executed for the given time.</doc>
<status status="PASS" start="2026-02-17T04:02:54.664455" elapsed="2.000549"/>
</kw>
<kw name="Click Element" owner="SeleniumLibrary">
<msg time="2026-02-17T04:02:56.665004" level="INFO">Clicking element 'xpath=//button[starts-with(normalize-space(), "ทั้งหมด")]'.</msg>
<arg>xpath=//button[starts-with(normalize-space(), "ทั้งหมด")]</arg>
<doc>Click the element identified by ``locator``.</doc>
<status status="PASS" start="2026-02-17T04:02:56.665004" elapsed="0.055127"/>
</kw>
<status status="PASS" start="2026-02-17T04:02:54.610226" elapsed="2.109905"/>
</kw>
<kw name="Sleep" owner="BuiltIn">
<msg time="2026-02-17T04:02:58.721673" level="INFO">Slept 2 seconds.</msg>
<arg>2s</arg>
<doc>Pauses the test executed for the given time.</doc>
<status status="PASS" start="2026-02-17T04:02:56.720131" elapsed="2.001542"/>
</kw>
<kw name="Click Element" owner="SeleniumLibrary">
<msg time="2026-02-17T04:02:58.721673" level="INFO">Clicking element 'xpath=(//button[normalize-space()="รีวิวผู้ขับ"])[3]'.</msg>
<arg>xpath=(//button[normalize-space()="รีวิวผู้ขับ"])[3]</arg>
<doc>Click the element identified by ``locator``.</doc>
<status status="PASS" start="2026-02-17T04:02:58.721673" elapsed="0.054558"/>
</kw>
<kw name="Sleep" owner="BuiltIn">
<msg time="2026-02-17T04:03:00.777142" level="INFO">Slept 2 seconds.</msg>
<arg>2s</arg>
<doc>Pauses the test executed for the given time.</doc>
<status status="PASS" start="2026-02-17T04:02:58.776231" elapsed="2.000911"/>
</kw>
<kw name="Click Element" owner="SeleniumLibrary">
<msg time="2026-02-17T04:03:00.777658" level="INFO">Clicking element 'xpath=//button[normalize-space()="ส่งรีวิว"]'.</msg>
<arg>xpath=//button[normalize-space()="ส่งรีวิว"]</arg>
<doc>Click the element identified by ``locator``.</doc>
<status status="PASS" start="2026-02-17T04:03:00.777142" elapsed="0.066884"/>
</kw>
<kw name="Wait Until Element Is Visible" owner="SeleniumLibrary">
<arg>xpath=//*[contains(text(),"กรุณาให้คะแนนก่อน")]</arg>
<arg>10s</arg>
<doc>Waits until the element ``locator`` is visible.</doc>
<status status="PASS" start="2026-02-17T04:03:00.845027" elapsed="0.031961"/>
</kw>
<status status="PASS" start="2026-02-17T04:02:49.934421" elapsed="10.942567"/>
</test>
<status status="PASS" start="2026-02-17T04:02:06.021368" elapsed="54.856627"/>
</suite>
<statistics>
<total>
<stat pass="6" fail="0" skip="0">All Tests</stat>
</total>
<tag>
</tag>
<suite>
<stat name="UAT005-7 ReviewRating" id="s1" pass="6" fail="0" skip="0">UAT005-7 ReviewRating</stat>
</suite>
</statistics>
<errors>
</errors>
</robot>
