<?xml version="1.0" encoding="UTF-8"?>
<robot generator="Robot 7.4.1 (Python 3.11.9 on win32)" generated="2026-03-03T13:56:22.523533" rpa="false" schemaversion="5">
<suite id="s1" name="UAT-CloseReviewPage" source="D:\Coding Project\Github Project\Software Engineering\My Branch\sec1_group1_PaiNamNae\test\sprint2\uat\UAT-CloseReviewPage.robot">
<test id="s1-t1" name="UAT-024 Passenger Close Review Page" line="6">
<kw name="Setup Delay Selenium" owner="auth_keywords">
<kw name="Set Selenium Implicit Wait" owner="SeleniumLibrary">
<arg>5s</arg>
<doc>Sets the implicit wait value used by Selenium.</doc>
<status status="PASS" start="2026-03-03T13:56:22.798249" elapsed="0.000000"/>
</kw>
<kw name="Set Selenium Speed" owner="SeleniumLibrary">
<arg>0.5s</arg>
<doc>Sets the delay that is waited after each Selenium command.</doc>
<status status="PASS" start="2026-03-03T13:56:22.798249" elapsed="0.000000"/>
</kw>
<status status="PASS" start="2026-03-03T13:56:22.797251" elapsed="0.000998"/>
</kw>
<kw name="Open Browser" owner="SeleniumLibrary">
<msg time="2026-03-03T13:56:22.800230" level="INFO">Opening browser 'edge' to base url 'http://localhost:3001/'.</msg>
<arg>${URL}</arg>
<arg>edge</arg>
<doc>Opens a new browser instance to the optional ``url``.</doc>
<status status="PASS" start="2026-03-03T13:56:22.800230" elapsed="2.962273"/>
</kw>
<kw name="Passenger Login" owner="auth_keywords">
<kw name="Click Element" owner="SeleniumLibrary">
<msg time="2026-03-03T13:56:25.764657" level="INFO">Clicking element 'xpath=//a[@href='/login']'.</msg>
<arg>xpath=//a[@href='/login']</arg>
<doc>Click the element identified by ``locator``.</doc>
<status status="PASS" start="2026-03-03T13:56:25.764103" elapsed="1.189670"/>
</kw>
<kw name="Wait Until Location Contains" owner="SeleniumLibrary">
<arg>/login</arg>
<arg>10s</arg>
<doc>Waits until the current URL contains ``expected``.</doc>
<status status="PASS" start="2026-03-03T13:56:26.953773" elapsed="0.505734"/>
</kw>
<kw name="Location Should Contain" owner="SeleniumLibrary">
<msg time="2026-03-03T13:56:27.964277" level="INFO">Current location contains '/login'.</msg>
<arg>/login</arg>
<doc>Verifies that the current URL contains ``expected``.</doc>
<status status="PASS" start="2026-03-03T13:56:27.459507" elapsed="0.504770"/>
</kw>
<kw name="Input Text" owner="SeleniumLibrary">
<msg time="2026-03-03T13:56:27.964277" level="INFO">Typing text 'Veerapat' into text field '//input[@placeholder="กรอกชื่อผู้ใช้หรืออีเมล"]'.</msg>
<arg>//input[@placeholder="กรอกชื่อผู้ใช้หรืออีเมล"]</arg>
<arg>${PASSENGER_USER}</arg>
<doc>Types the given ``text`` into the text field identified by ``locator``.</doc>
<status status="PASS" start="2026-03-03T13:56:27.964277" elapsed="1.616472"/>
</kw>
<kw name="Input Text" owner="SeleniumLibrary">
<msg time="2026-03-03T13:56:29.580749" level="INFO">Typing text 'asdfjkl;123' into text field '//input[@placeholder="กรอกรหัสผ่าน"]'.</msg>
<arg>//input[@placeholder="กรอกรหัสผ่าน"]</arg>
<arg>${PASSENGER_PASS}</arg>
<doc>Types the given ``text`` into the text field identified by ``locator``.</doc>
<status status="PASS" start="2026-03-03T13:56:29.580749" elapsed="1.571670"/>
</kw>
<kw name="Click Button" owner="SeleniumLibrary">
<msg time="2026-03-03T13:56:31.152951" level="INFO">Clicking button 'xpath=//button[@type='submit']'.</msg>
<arg>xpath=//button[@type='submit']</arg>
<doc>Clicks the button identified by ``locator``.</doc>
<status status="PASS" start="2026-03-03T13:56:31.152419" elapsed="2.569223"/>
</kw>
<status status="PASS" start="2026-03-03T13:56:25.763560" elapsed="7.958082"/>
</kw>
<kw name="View My Trip" owner="auth_keywords">
<kw name="Click Element" owner="SeleniumLibrary">
<msg time="2026-03-03T13:56:33.722709" level="INFO">Clicking element 'xpath=//a[@href='/myTrip']'.</msg>
<arg>xpath=//a[@href='/myTrip']</arg>
<doc>Click the element identified by ``locator``.</doc>
<status status="PASS" start="2026-03-03T13:56:33.722709" elapsed="1.104207"/>
</kw>
<kw name="Sleep" owner="BuiltIn">
<msg time="2026-03-03T13:56:36.827485" level="INFO">Slept 2 seconds.</msg>
<arg>2s</arg>
<doc>Pauses the test executed for the given time.</doc>
<status status="PASS" start="2026-03-03T13:56:34.826916" elapsed="2.000569"/>
</kw>
<kw name="Click Element" owner="SeleniumLibrary">
<msg time="2026-03-03T13:56:36.827485" level="INFO">Clicking element 'xpath=//button[starts-with(normalize-space(), "ทั้งหมด")]'.</msg>
<arg>xpath=//button[starts-with(normalize-space(), "ทั้งหมด")]</arg>
<doc>Click the element identified by ``locator``.</doc>
<status status="PASS" start="2026-03-03T13:56:36.827485" elapsed="1.071220"/>
</kw>
<status status="PASS" start="2026-03-03T13:56:33.722174" elapsed="4.176531"/>
</kw>
<kw name="Execute Javascript" owner="SeleniumLibrary">
<msg time="2026-03-03T13:56:37.899224" level="INFO">Executing JavaScript:
window.scrollBy(0,350)
Without any arguments.</msg>
<arg>window.scrollBy(0,350)</arg>
<doc>Executes the given JavaScript code with possible arguments.</doc>
<status status="PASS" start="2026-03-03T13:56:37.899224" elapsed="0.508475"/>
</kw>
<kw name="Click Element" owner="SeleniumLibrary">
<msg time="2026-03-03T13:56:38.407699" level="INFO">Clicking element 'xpath=(//button[normalize-space()="รีวิวผู้ขับ"])[11]'.</msg>
<arg>xpath=(//button[normalize-space()="รีวิวผู้ขับ"])[11]</arg>
<doc>Click the element identified by ``locator``.</doc>
<status status="PASS" start="2026-03-03T13:56:38.407699" elapsed="1.913025"/>
</kw>
<kw name="Sleep" owner="BuiltIn">
<msg time="2026-03-03T13:56:42.321487" level="INFO">Slept 2 seconds.</msg>
<arg>2s</arg>
<doc>Pauses the test executed for the given time.</doc>
<status status="PASS" start="2026-03-03T13:56:40.321231" elapsed="2.000256"/>
</kw>
<kw name="Click Element" owner="SeleniumLibrary">
<msg time="2026-03-03T13:56:42.321991" level="INFO">Clicking element 'xpath=//button[normalize-space()="ยกเลิก"]'.</msg>
<arg>xpath=//button[normalize-space()="ยกเลิก"]</arg>
<doc>Click the element identified by ``locator``.</doc>
<status status="PASS" start="2026-03-03T13:56:42.321991" elapsed="1.046766"/>
</kw>
<kw name="Sleep" owner="BuiltIn">
<msg time="2026-03-03T13:56:45.369270" level="INFO">Slept 2 seconds.</msg>
<arg>2s</arg>
<doc>Pauses the test executed for the given time.</doc>
<status status="PASS" start="2026-03-03T13:56:43.368757" elapsed="2.000513"/>
</kw>
<kw name="Location Should Contain" owner="SeleniumLibrary">
<msg time="2026-03-03T13:56:45.878875" level="INFO">Current location contains '/myTrip'.</msg>
<arg>/myTrip</arg>
<doc>Verifies that the current URL contains ``expected``.</doc>
<status status="PASS" start="2026-03-03T13:56:45.370561" elapsed="0.508314"/>
</kw>
<status status="PASS" start="2026-03-03T13:56:22.796224" elapsed="23.082651"/>
</test>
<status status="PASS" start="2026-03-03T13:56:22.526538" elapsed="23.353341"/>
</suite>
<statistics>
<total>
<stat pass="1" fail="0" skip="0">All Tests</stat>
</total>
<tag>
</tag>
<suite>
<stat name="UAT-CloseReviewPage" id="s1" pass="1" fail="0" skip="0">UAT-CloseReviewPage</stat>
</suite>
</statistics>
<errors>
</errors>
</robot>
