<?xml version="1.0" encoding="UTF-8"?>
<robot generator="Robot 7.4.1 (Python 3.14.2 on darwin)" generated="2026-03-03T17:34:42.887226" rpa="false" schemaversion="5">
<suite id="s1" name="UAT-ReportSuccess-04" source="/Users/fandy/KKU 3T2/softend/PaiNamNae/sec1_group1_PaiNamNae/test/sprint 2/uat/UAT-ReportSuccess-04.robot">
<test id="s1-t1" name="UAT-001 : Login and Go to Report (Super Slow)" line="7">
<kw name="Set Selenium Speed" owner="SeleniumLibrary">
<arg>0.2 seconds</arg>
<doc>Sets the delay that is waited after each Selenium command.</doc>
<status status="PASS" start="2026-03-03T17:34:43.047574" elapsed="0.000213"/>
</kw>
<kw name="Open Browser To Website">
<kw name="Open Browser" owner="SeleniumLibrary">
<msg time="2026-03-03T17:34:43.048385" level="INFO">Opening browser 'edge' to base url 'http://localhost:3001/'.</msg>
<arg>${URL}</arg>
<arg>edge</arg>
<doc>Opens a new browser instance to the optional ``url``.</doc>
<status status="PASS" start="2026-03-03T17:34:43.048227" elapsed="2.011923"/>
</kw>
<kw name="Maximize Browser Window" owner="SeleniumLibrary">
<doc>Maximizes current browser window.</doc>
<status status="PASS" start="2026-03-03T17:34:45.062716" elapsed="0.525506"/>
</kw>
<status status="PASS" start="2026-03-03T17:34:43.047991" elapsed="2.540477"/>
</kw>
<kw name="Wait Until Page Contains" owner="SeleniumLibrary">
<arg>เดินทางร่วมกัน</arg>
<arg>timeout=15s</arg>
<doc>Waits until ``text`` appears on the current page.</doc>
<status status="PASS" start="2026-03-03T17:34:45.588756" elapsed="0.220629"/>
</kw>
<kw name="Click Element" owner="SeleniumLibrary">
<msg time="2026-03-03T17:34:45.812330" level="INFO">Clicking element 'xpath=//a[@href='/login']'.</msg>
<arg>xpath=//a[@href='/login']</arg>
<doc>Click the element identified by ``locator``.</doc>
<status status="PASS" start="2026-03-03T17:34:45.810481" elapsed="0.491253"/>
</kw>
<kw name="Wait Until Element Is Visible" owner="SeleniumLibrary">
<arg>xpath=//input[@placeholder='กรอกชื่อผู้ใช้หรืออีเมล']</arg>
<arg>timeout=15s</arg>
<doc>Waits until the element ``locator`` is visible.</doc>
<status status="PASS" start="2026-03-03T17:34:46.302104" elapsed="0.440503"/>
</kw>
<kw name="Input Text" owner="SeleniumLibrary">
<msg time="2026-03-03T17:34:46.744357" level="INFO">Typing text 'bambam' into text field 'xpath=//input[@placeholder='กรอกชื่อผู้ใช้หรืออีเมล']'.</msg>
<arg>xpath=//input[@placeholder='กรอกชื่อผู้ใช้หรืออีเมล']</arg>
<arg>${PASSENGER_USER_SUCCESS}</arg>
<doc>Types the given ``text`` into the text field identified by ``locator``.</doc>
<status status="PASS" start="2026-03-03T17:34:46.743462" elapsed="0.778153"/>
</kw>
<kw name="Input Text" owner="SeleniumLibrary">
<msg time="2026-03-03T17:34:47.522086" level="INFO">Typing text '1234567890' into text field 'xpath=//input[@type='password']'.</msg>
<arg>xpath=//input[@type='password']</arg>
<arg>${PASSENGER_PASS_SUCCESS}</arg>
<doc>Types the given ``text`` into the text field identified by ``locator``.</doc>
<status status="PASS" start="2026-03-03T17:34:47.521850" elapsed="0.684391"/>
</kw>
<kw name="Click Button" owner="SeleniumLibrary">
<msg time="2026-03-03T17:34:48.207745" level="INFO">Clicking button 'xpath=//button[@type='submit']'.</msg>
<arg>xpath=//button[@type='submit']</arg>
<doc>Clicks the button identified by ``locator``.</doc>
<status status="PASS" start="2026-03-03T17:34:48.207078" elapsed="1.116729"/>
</kw>
<kw name="Wait Until Element Is Visible" owner="SeleniumLibrary">
<arg>xpath=//span[contains(., '${PASSENGER_SURNAME_SUCCESS}')]</arg>
<arg>timeout=10s</arg>
<doc>Waits until the element ``locator`` is visible.</doc>
<status status="PASS" start="2026-03-03T17:34:49.324055" elapsed="0.430993"/>
</kw>
<kw name="Log To Console" owner="BuiltIn">
<arg>\n[SUCCESS] Login Completed as ${PASSENGER_USER_SUCCESS}</arg>
<doc>Logs the given message to the console.</doc>
<status status="PASS" start="2026-03-03T17:34:49.756160" elapsed="0.002120"/>
</kw>
<kw name="Wait Until Element Is Visible" owner="SeleniumLibrary">
<arg>xpath=//a[@href='/myTrip']</arg>
<arg>timeout=15s</arg>
<doc>Waits until the element ``locator`` is visible.</doc>
<status status="PASS" start="2026-03-03T17:34:49.758582" elapsed="0.434855"/>
</kw>
<kw name="Click Element" owner="SeleniumLibrary">
<msg time="2026-03-03T17:34:50.194000" level="INFO">Clicking element 'xpath=//a[@href='/myTrip']'.</msg>
<arg>xpath=//a[@href='/myTrip']</arg>
<doc>Click the element identified by ``locator``.</doc>
<status status="PASS" start="2026-03-03T17:34:50.193760" elapsed="0.465312"/>
</kw>
<kw name="Wait Until Location Contains" owner="SeleniumLibrary">
<arg>/myTrip</arg>
<arg>timeout=10s</arg>
<doc>Waits until the current URL contains ``expected``.</doc>
<status status="PASS" start="2026-03-03T17:34:50.659476" elapsed="0.214820"/>
</kw>
<kw name="Wait Until Element Is Visible" owner="SeleniumLibrary">
<arg>xpath=//button[contains(., 'ทั้งหมด')]</arg>
<arg>timeout=10s</arg>
<doc>Waits until the element ``locator`` is visible.</doc>
<status status="PASS" start="2026-03-03T17:34:50.874636" elapsed="0.445961"/>
</kw>
<kw name="Click Element" owner="SeleniumLibrary">
<msg time="2026-03-03T17:34:51.321655" level="INFO">Clicking element 'xpath=//button[contains(., 'ทั้งหมด')]'.</msg>
<arg>xpath=//button[contains(., 'ทั้งหมด')]</arg>
<doc>Click the element identified by ``locator``.</doc>
<status status="PASS" start="2026-03-03T17:34:51.321217" elapsed="0.461875"/>
</kw>
<kw name="Wait Until Element Is Visible" owner="SeleniumLibrary">
<arg>xpath=(//button[contains(@class, 'bg-red-600') and contains(., 'รายงาน')])[1]</arg>
<arg>timeout=10s</arg>
<doc>Waits until the element ``locator`` is visible.</doc>
<status status="PASS" start="2026-03-03T17:34:51.783453" elapsed="0.433290"/>
</kw>
<kw name="Scroll Element Into View" owner="SeleniumLibrary">
<arg>xpath=(//button[contains(@class, 'bg-red-600') and contains(., 'รายงาน')])[1]</arg>
<doc>Scrolls the element identified by ``locator`` into view.</doc>
<status status="PASS" start="2026-03-03T17:34:52.217788" elapsed="0.701786"/>
</kw>
<kw name="Execute Javascript" owner="SeleniumLibrary">
<msg time="2026-03-03T17:34:52.922363" level="INFO">Executing JavaScript:
document.evaluate("(//button[contains(@class, 'bg-red-600') and contains(., 'รายงาน')])[1]", document, null, XPathResult.FIRST_ORDERED_NODE_TYPE, null).singleNodeValue.click();
Without any arguments.</msg>
<arg>document.evaluate("(//button[contains(@class, 'bg-red-600') and contains(., 'รายงาน')])[1]", document, null, XPathResult.FIRST_ORDERED_NODE_TYPE, null).singleNodeValue.click();</arg>
<doc>Executes the given JavaScript code with possible arguments.</doc>
<status status="PASS" start="2026-03-03T17:34:52.920652" elapsed="0.221756"/>
</kw>
<kw name="Wait Until Page Contains" owner="SeleniumLibrary">
<arg>หัวข้อปัญหา</arg>
<arg>timeout=10s</arg>
<doc>Waits until ``text`` appears on the current page.</doc>
<status status="PASS" start="2026-03-03T17:34:53.143217" elapsed="0.228138"/>
</kw>
<kw name="Wait Until Element Is Visible" owner="SeleniumLibrary">
<arg>xpath=//select</arg>
<arg>timeout=15s</arg>
<doc>Waits until the element ``locator`` is visible.</doc>
<status status="PASS" start="2026-03-03T17:34:53.372261" elapsed="0.435850"/>
</kw>
<kw name="Execute Javascript" owner="SeleniumLibrary">
<msg time="2026-03-03T17:34:53.810678" level="INFO">Executing JavaScript:
document.querySelector('select').value = 'SAFETY_ISSUE'; document.querySelector('select').dispatchEvent(new Event('change'));
Without any arguments.</msg>
<arg>document.querySelector('select').value = 'SAFETY_ISSUE'; document.querySelector('select').dispatchEvent(new Event('change'));</arg>
<doc>Executes the given JavaScript code with possible arguments.</doc>
<status status="PASS" start="2026-03-03T17:34:53.809134" elapsed="0.217270"/>
</kw>
<kw name="Input Text" owner="SeleniumLibrary">
<msg time="2026-03-03T17:34:54.028435" level="INFO">Typing text 'คนขับขับรถเร็วเกินไป ทำให้รู้สึกไม่ปลอดภัย' into text field 'xpath=//textarea'.</msg>
<arg>xpath=//textarea</arg>
<arg>${REPORT_TEXT_SUCCESS}</arg>
<doc>Types the given ``text`` into the text field identified by ``locator``.</doc>
<status status="PASS" start="2026-03-03T17:34:54.027479" elapsed="0.730957"/>
</kw>
<kw name="Choose File" owner="SeleniumLibrary">
<msg time="2026-03-03T17:34:54.759098" level="INFO">Sending /Users/fandy/KKU 3T2/softend/PaiNamNae/sec1_group1_PaiNamNae/test/resources/fast driving.mp4 to browser.</msg>
<arg>xpath=//input[@type='file']</arg>
<arg>${REPORT_VIDEO_SUCCESS_PATH}</arg>
<doc>Inputs the ``file_path`` into the file input field ``locator``.</doc>
<status status="PASS" start="2026-03-03T17:34:54.758751" elapsed="0.476328"/>
</kw>
<kw name="Sleep" owner="BuiltIn">
<msg time="2026-03-03T17:35:00.236900" level="INFO">Slept 5 seconds.</msg>
<arg>5s</arg>
<doc>Pauses the test executed for the given time.</doc>
<status status="PASS" start="2026-03-03T17:34:55.235320" elapsed="5.001726"/>
</kw>
<kw name="Wait Until Element Is Visible" owner="SeleniumLibrary">
<arg>xpath=//button[contains(., 'ส่งรายงานความปลอดภัย')]</arg>
<arg>timeout=10s</arg>
<doc>Waits until the element ``locator`` is visible.</doc>
<status status="PASS" start="2026-03-03T17:35:00.237284" elapsed="0.431188"/>
</kw>
<kw name="Execute Javascript" owner="SeleniumLibrary">
<msg time="2026-03-03T17:35:00.670882" level="INFO">Executing JavaScript:
document.evaluate("//button[contains(., 'ส่งรายงานความปลอดภัย')]", document, null, XPathResult.FIRST_ORDERED_NODE_TYPE, null).singleNodeValue.click();
Without any arguments.</msg>
<arg>document.evaluate("//button[contains(., 'ส่งรายงานความปลอดภัย')]", document, null, XPathResult.FIRST_ORDERED_NODE_TYPE, null).singleNodeValue.click();</arg>
<doc>Executes the given JavaScript code with possible arguments.</doc>
<status status="PASS" start="2026-03-03T17:35:00.669552" elapsed="0.217129"/>
</kw>
<kw name="Log To Console" owner="BuiltIn">
<arg>\n[SUCCESS] Report Sent! Holding screen for 30 seconds...</arg>
<doc>Logs the given message to the console.</doc>
<status status="PASS" start="2026-03-03T17:35:00.887744" elapsed="0.001165"/>
</kw>
<kw name="Sleep" owner="BuiltIn">
<msg time="2026-03-03T17:35:30.890915" level="INFO">Slept 30 seconds.</msg>
<arg>30s</arg>
<doc>Pauses the test executed for the given time.</doc>
<status status="PASS" start="2026-03-03T17:35:00.889268" elapsed="30.002141"/>
</kw>
<kw name="Close Browser" owner="SeleniumLibrary" type="TEARDOWN">
<doc>Closes the current browser.</doc>
<status status="PASS" start="2026-03-03T17:35:30.892665" elapsed="0.271766"/>
</kw>
<doc>ทดสอบการส่งรายงานสำเร็จ โดยใช้ข้อมูลของคุณณัฐธเนศ (bambam)</doc>
<status status="PASS" start="2026-03-03T17:34:43.046071" elapsed="48.118548"/>
</test>
<status status="PASS" start="2026-03-03T17:34:42.888144" elapsed="48.277083"/>
</suite>
<statistics>
<total>
<stat pass="1" fail="0" skip="0">All Tests</stat>
</total>
<tag>
</tag>
<suite>
<stat name="UAT-ReportSuccess-04" id="s1" pass="1" fail="0" skip="0">UAT-ReportSuccess-04</stat>
</suite>
</statistics>
<errors>
<msg time="2026-03-03T17:34:43.045443" level="ERROR">Error in file '/Users/fandy/KKU 3T2/softend/PaiNamNae/sec1_group1_PaiNamNae/test/resources/keywords/auth_keywords.robot' on line 34: Resource file '../resources/keywords/auth_keywords.robot' does not exist.</msg>
</errors>
</robot>
