<?xml version="1.0" encoding="UTF-8"?>
<robot generator="Robot 7.4.1 (Python 3.11.9 on win32)" generated="2026-03-02T19:31:38.282924" rpa="false" schemaversion="5">
<suite id="s1" name="UAT-ViewReview" source="D:\Coding Project\Github Project\Software Engineering\My Branch\sec1_group1_PaiNamNae\test\sprint2\uat\UAT-ViewReview.robot">
<test id="s1-t1" name="UAT-ViewReview-014 Passenger view review" line="8">
<kw name="Setup Delay Selenium" owner="auth_keywords">
<kw name="Set Selenium Implicit Wait" owner="SeleniumLibrary">
<arg>5s</arg>
<doc>Sets the implicit wait value used by Selenium.</doc>
<status status="PASS" start="2026-03-02T19:31:38.535812" elapsed="0.001060"/>
</kw>
<kw name="Set Selenium Speed" owner="SeleniumLibrary">
<arg>0.5s</arg>
<doc>Sets the delay that is waited after each Selenium command.</doc>
<status status="PASS" start="2026-03-02T19:31:38.536872" elapsed="0.000662"/>
</kw>
<status status="PASS" start="2026-03-02T19:31:38.535812" elapsed="0.001722"/>
</kw>
<kw name="Open Browser" owner="SeleniumLibrary">
<msg time="2026-03-02T19:31:38.537921" level="INFO">Opening browser 'edge' to base url 'http://localhost:3001/'.</msg>
<arg>${URL}</arg>
<arg>edge</arg>
<doc>Opens a new browser instance to the optional ``url``.</doc>
<status status="PASS" start="2026-03-02T19:31:38.537921" elapsed="2.424895"/>
</kw>
<kw name="Passenger Login" owner="auth_keywords">
<kw name="Click Element" owner="SeleniumLibrary">
<msg time="2026-03-02T19:31:40.965834" level="INFO">Clicking element 'xpath=//a[@href='/login']'.</msg>
<arg>xpath=//a[@href='/login']</arg>
<doc>Click the element identified by ``locator``.</doc>
<status status="PASS" start="2026-03-02T19:31:40.964829" elapsed="1.102626"/>
</kw>
<kw name="Wait Until Location Contains" owner="SeleniumLibrary">
<arg>/login</arg>
<arg>10s</arg>
<doc>Waits until the current URL contains ``expected``.</doc>
<status status="PASS" start="2026-03-02T19:31:42.067455" elapsed="0.506705"/>
</kw>
<kw name="Location Should Contain" owner="SeleniumLibrary">
<msg time="2026-03-02T19:31:43.079743" level="INFO">Current location contains '/login'.</msg>
<arg>/login</arg>
<doc>Verifies that the current URL contains ``expected``.</doc>
<status status="PASS" start="2026-03-02T19:31:42.574160" elapsed="0.505583"/>
</kw>
<kw name="Input Text" owner="SeleniumLibrary">
<msg time="2026-03-02T19:31:43.079743" level="INFO">Typing text 'Veerapat' into text field '//input[@placeholder="กรอกชื่อผู้ใช้หรืออีเมล"]'.</msg>
<arg>//input[@placeholder="กรอกชื่อผู้ใช้หรืออีเมล"]</arg>
<arg>${PASSENGER_USER}</arg>
<doc>Types the given ``text`` into the text field identified by ``locator``.</doc>
<status status="PASS" start="2026-03-02T19:31:43.079743" elapsed="1.590452"/>
</kw>
<kw name="Input Text" owner="SeleniumLibrary">
<msg time="2026-03-02T19:31:44.670195" level="INFO">Typing text 'asdfjkl;123' into text field '//input[@placeholder="กรอกรหัสผ่าน"]'.</msg>
<arg>//input[@placeholder="กรอกรหัสผ่าน"]</arg>
<arg>${PASSENGER_PASS}</arg>
<doc>Types the given ``text`` into the text field identified by ``locator``.</doc>
<status status="PASS" start="2026-03-02T19:31:44.670195" elapsed="1.573658"/>
</kw>
<kw name="Click Button" owner="SeleniumLibrary">
<msg time="2026-03-02T19:31:46.244377" level="INFO">Clicking button 'xpath=//button[@type='submit']'.</msg>
<arg>xpath=//button[@type='submit']</arg>
<doc>Clicks the button identified by ``locator``.</doc>
<status status="PASS" start="2026-03-02T19:31:46.243853" elapsed="2.594886"/>
</kw>
<status status="PASS" start="2026-03-02T19:31:40.963825" elapsed="7.874914"/>
</kw>
<kw name="View My Trip" owner="auth_keywords">
<kw name="Click Element" owner="SeleniumLibrary">
<msg time="2026-03-02T19:31:48.839750" level="INFO">Clicking element 'xpath=//a[@href='/myTrip']'.</msg>
<arg>xpath=//a[@href='/myTrip']</arg>
<doc>Click the element identified by ``locator``.</doc>
<status status="PASS" start="2026-03-02T19:31:48.839750" elapsed="1.130963"/>
</kw>
<kw name="Sleep" owner="BuiltIn">
<msg time="2026-03-02T19:31:51.970880" level="INFO">Slept 2 seconds.</msg>
<arg>2s</arg>
<doc>Pauses the test executed for the given time.</doc>
<status status="PASS" start="2026-03-02T19:31:49.970713" elapsed="2.000167"/>
</kw>
<kw name="Click Element" owner="SeleniumLibrary">
<msg time="2026-03-02T19:31:51.970880" level="INFO">Clicking element 'xpath=//button[starts-with(normalize-space(), "ทั้งหมด")]'.</msg>
<arg>xpath=//button[starts-with(normalize-space(), "ทั้งหมด")]</arg>
<doc>Click the element identified by ``locator``.</doc>
<status status="PASS" start="2026-03-02T19:31:51.970880" elapsed="1.071145"/>
</kw>
<status status="PASS" start="2026-03-02T19:31:48.838739" elapsed="4.203286"/>
</kw>
<kw name="Execute Javascript" owner="SeleniumLibrary">
<msg time="2026-03-02T19:31:53.043033" level="INFO">Executing JavaScript:
window.scrollBy(0,150)
Without any arguments.</msg>
<arg>window.scrollBy(0,150)</arg>
<doc>Executes the given JavaScript code with possible arguments.</doc>
<status status="PASS" start="2026-03-02T19:31:53.042025" elapsed="0.506083"/>
</kw>
<kw name="Click Element" owner="SeleniumLibrary">
<msg time="2026-03-02T19:31:53.548108" level="INFO">Clicking element 'xpath=(//button[normalize-space()="รีวิวผู้ขับ"])[2]'.</msg>
<arg>xpath=(//button[normalize-space()="รีวิวผู้ขับ"])[2]</arg>
<doc>Click the element identified by ``locator``.</doc>
<status status="PASS" start="2026-03-02T19:31:53.548108" elapsed="1.062586"/>
</kw>
<kw name="Click Element" owner="SeleniumLibrary">
<msg time="2026-03-02T19:31:54.611732" level="INFO">Clicking element 'xpath=(//button[@type="button"][.//span[contains(normalize-space(),"★")]])[5]'.</msg>
<arg>xpath=(//button[@type="button"][.//span[contains(normalize-space(),"★")]])[5]</arg>
<doc>Click the element identified by ``locator``.</doc>
<status status="PASS" start="2026-03-02T19:31:54.611732" elapsed="1.077429"/>
</kw>
<kw name="Select All Checkboxes" owner="auth_keywords">
<kw name="Select Checkbox" owner="SeleniumLibrary">
<msg time="2026-03-02T19:31:55.689161" level="INFO">Selecting checkbox 'xpath=//input[@value="CLEAN"]'.</msg>
<arg>xpath=//input[@value="CLEAN"]</arg>
<doc>Selects the checkbox identified by ``locator``.</doc>
<status status="PASS" start="2026-03-02T19:31:55.689161" elapsed="2.578031"/>
</kw>
<kw name="Select Checkbox" owner="SeleniumLibrary">
<msg time="2026-03-02T19:31:58.267699" level="INFO">Selecting checkbox 'xpath=//input[@value="POLITE_DRIVER"]'.</msg>
<arg>xpath=//input[@value="POLITE_DRIVER"]</arg>
<doc>Selects the checkbox identified by ``locator``.</doc>
<status status="PASS" start="2026-03-02T19:31:58.267699" elapsed="2.570370"/>
</kw>
<kw name="Select Checkbox" owner="SeleniumLibrary">
<msg time="2026-03-02T19:32:00.838069" level="INFO">Selecting checkbox 'xpath=//input[@value="ON_TIME"]'.</msg>
<arg>xpath=//input[@value="ON_TIME"]</arg>
<doc>Selects the checkbox identified by ``locator``.</doc>
<status status="PASS" start="2026-03-02T19:32:00.838069" elapsed="2.572798"/>
</kw>
<kw name="Select Checkbox" owner="SeleniumLibrary">
<msg time="2026-03-02T19:32:03.411372" level="INFO">Selecting checkbox 'xpath=//input[@value="SAFE_DRIVING"]'.</msg>
<arg>xpath=//input[@value="SAFE_DRIVING"]</arg>
<doc>Selects the checkbox identified by ``locator``.</doc>
<status status="PASS" start="2026-03-02T19:32:03.410867" elapsed="2.576267"/>
</kw>
<kw name="Select Checkbox" owner="SeleniumLibrary">
<msg time="2026-03-02T19:32:05.987755" level="INFO">Selecting checkbox 'xpath=//input[@value="FRIENDLY_SERVICE"]'.</msg>
<arg>xpath=//input[@value="FRIENDLY_SERVICE"]</arg>
<doc>Selects the checkbox identified by ``locator``.</doc>
<status status="PASS" start="2026-03-02T19:32:05.987134" elapsed="2.579544"/>
</kw>
<status status="PASS" start="2026-03-02T19:31:55.689161" elapsed="12.877517"/>
</kw>
<kw name="Input Text" owner="SeleniumLibrary">
<msg time="2026-03-02T19:32:08.566678" level="INFO">Typing text 'ขับเร็วทันใจ คนขับสุภาพ รถสะอาด ตรงเวลา' into text field 'xpath=//textarea[@placeholder="เขียนรีวิวของคุณ... (สูงสุด 501 ตัวอักษร)"]'.</msg>
<arg>xpath=//textarea[@placeholder="เขียนรีวิวของคุณ... (สูงสุด 501 ตัวอักษร)"]</arg>
<arg>${REVIEW_TEXT}</arg>
<doc>Types the given ``text`` into the text field identified by ``locator``.</doc>
<status status="PASS" start="2026-03-02T19:32:08.566678" elapsed="1.646085"/>
</kw>
<kw name="Upload 2 Image and 1 Video" owner="auth_keywords">
<kw name="Choose File" owner="SeleniumLibrary">
<msg time="2026-03-02T19:32:10.213624" level="INFO">Sending D:\Coding Project\Github Project\Software Engineering\My Branch\sec1_group1_PaiNamNae\image\pexels-hazardos-804.jpg to browser.</msg>
<arg>xpath=//input[@type="file"]</arg>
<arg>${IMAGE01_PATH}</arg>
<doc>Inputs the ``file_path`` into the file input field ``locator``.</doc>
<status status="PASS" start="2026-03-02T19:32:10.213624" elapsed="1.031726"/>
</kw>
<kw name="Choose File" owner="SeleniumLibrary">
<msg time="2026-03-02T19:32:11.245854" level="INFO">Sending D:\Coding Project\Github Project\Software Engineering\My Branch\sec1_group1_PaiNamNae\image\pexels-hazardos-8041.jpg to browser.</msg>
<arg>xpath=//input[@type="file"]</arg>
<arg>${IMAGE02_PATH}</arg>
<doc>Inputs the ``file_path`` into the file input field ``locator``.</doc>
<status status="PASS" start="2026-03-02T19:32:11.245350" elapsed="1.025932"/>
</kw>
<kw name="Choose File" owner="SeleniumLibrary">
<msg time="2026-03-02T19:32:12.271282" level="INFO">Sending D:\Coding Project\Github Project\Software Engineering\My Branch\sec1_group1_PaiNamNae\image\3785380-hd_1920_1080_25fps.mp4 to browser.</msg>
<arg>xpath=//input[@type="file"]</arg>
<arg>${VIDEO01_PATH}</arg>
<doc>Inputs the ``file_path`` into the file input field ``locator``.</doc>
<status status="PASS" start="2026-03-02T19:32:12.271282" elapsed="1.033584"/>
</kw>
<status status="PASS" start="2026-03-02T19:32:10.212763" elapsed="3.092103"/>
</kw>
<kw name="Click Element" owner="SeleniumLibrary">
<msg time="2026-03-02T19:32:13.305895" level="INFO">Clicking element 'xpath=//button[normalize-space()="ส่งรีวิว"]'.</msg>
<arg>xpath=//button[normalize-space()="ส่งรีวิว"]</arg>
<doc>Click the element identified by ``locator``.</doc>
<status status="PASS" start="2026-03-02T19:32:13.304866" elapsed="1.251607"/>
</kw>
<kw name="Wait Until Element Is Visible" owner="SeleniumLibrary">
<arg>xpath=//*[contains(text(),"รีวิวสำเร็จ")]</arg>
<arg>60s</arg>
<doc>Waits until the element ``locator`` is visible.</doc>
<status status="PASS" start="2026-03-02T19:32:14.557002" elapsed="52.828912"/>
</kw>
<kw name="Open Browser" owner="SeleniumLibrary">
<msg time="2026-03-02T19:33:07.385914" level="INFO">Opening browser 'edge' to base url 'http://localhost:3001/'.</msg>
<arg>${URL}</arg>
<arg>edge</arg>
<doc>Opens a new browser instance to the optional ``url``.</doc>
<status status="PASS" start="2026-03-02T19:33:07.385914" elapsed="2.363708"/>
</kw>
<kw name="Passenger View Review Login" owner="auth_keywords">
<kw name="Click Element" owner="SeleniumLibrary">
<msg time="2026-03-02T19:33:09.749622" level="INFO">Clicking element 'xpath=//a[@href='/login']'.</msg>
<arg>xpath=//a[@href='/login']</arg>
<doc>Click the element identified by ``locator``.</doc>
<status status="PASS" start="2026-03-02T19:33:09.749622" elapsed="1.094511"/>
</kw>
<kw name="Wait Until Location Contains" owner="SeleniumLibrary">
<arg>/login</arg>
<arg>10s</arg>
<doc>Waits until the current URL contains ``expected``.</doc>
<status status="PASS" start="2026-03-02T19:33:10.844133" elapsed="0.505908"/>
</kw>
<kw name="Location Should Contain" owner="SeleniumLibrary">
<msg time="2026-03-02T19:33:11.854193" level="INFO">Current location contains '/login'.</msg>
<arg>/login</arg>
<doc>Verifies that the current URL contains ``expected``.</doc>
<status status="PASS" start="2026-03-02T19:33:11.350041" elapsed="0.504152"/>
</kw>
<kw name="Input Text" owner="SeleniumLibrary">
<msg time="2026-03-02T19:33:11.854193" level="INFO">Typing text 'Ayanokoji' into text field '//input[@placeholder="กรอกชื่อผู้ใช้หรืออีเมล"]'.</msg>
<arg>//input[@placeholder="กรอกชื่อผู้ใช้หรืออีเมล"]</arg>
<arg>${PASSENGER_VIEW_USER}</arg>
<doc>Types the given ``text`` into the text field identified by ``locator``.</doc>
<status status="PASS" start="2026-03-02T19:33:11.854193" elapsed="1.589380"/>
</kw>
<kw name="Input Text" owner="SeleniumLibrary">
<msg time="2026-03-02T19:33:13.443573" level="INFO">Typing text 'asdfjkl;123' into text field '//input[@placeholder="กรอกรหัสผ่าน"]'.</msg>
<arg>//input[@placeholder="กรอกรหัสผ่าน"]</arg>
<arg>${PASSENGER_VIEW_PASS}</arg>
<doc>Types the given ``text`` into the text field identified by ``locator``.</doc>
<status status="PASS" start="2026-03-02T19:33:13.443573" elapsed="1.587570"/>
</kw>
<kw name="Click Button" owner="SeleniumLibrary">
<msg time="2026-03-02T19:33:15.031688" level="INFO">Clicking button 'xpath=//button[@type='submit']'.</msg>
<arg>xpath=//button[@type='submit']</arg>
<doc>Clicks the button identified by ``locator``.</doc>
<status status="PASS" start="2026-03-02T19:33:15.031143" elapsed="2.567969"/>
</kw>
<kw name="Wait Until Element Is Visible" owner="SeleniumLibrary">
<arg>xpath=//span[normalize-space()='${PASSENGER_VIEW_SURNAME}']</arg>
<arg>10s</arg>
<doc>Waits until the element ``locator`` is visible.</doc>
<status status="PASS" start="2026-03-02T19:33:17.599112" elapsed="1.020445"/>
</kw>
<kw name="Element Should Be Visible" owner="SeleniumLibrary">
<msg time="2026-03-02T19:33:19.634966" level="INFO">Element 'xpath=//span[normalize-space()='Kiyotaka']' is displayed.</msg>
<arg>xpath=//span[normalize-space()='${PASSENGER_VIEW_SURNAME}']</arg>
<doc>Verifies that the element identified by ``locator`` is visible.</doc>
<status status="PASS" start="2026-03-02T19:33:18.619557" elapsed="1.015409"/>
</kw>
<status status="PASS" start="2026-03-02T19:33:09.749622" elapsed="9.885344"/>
</kw>
<kw name="View All Route" owner="auth_keywords">
<kw name="Click Element" owner="SeleniumLibrary">
<msg time="2026-03-02T19:33:19.635970" level="INFO">Clicking element 'xpath=//a[@href='/findTrip']'.</msg>
<arg>xpath=//a[@href='/findTrip']</arg>
<doc>Click the element identified by ``locator``.</doc>
<status status="PASS" start="2026-03-02T19:33:19.635970" elapsed="1.071480"/>
</kw>
<status status="PASS" start="2026-03-02T19:33:19.634966" elapsed="1.072484"/>
</kw>
<kw name="View Passenger Info" owner="auth_keywords">
<kw name="Wait Until Element Is Visible" owner="SeleniumLibrary">
<arg>xpath=//h4[normalize-space()="Takumi Fujiwara"]</arg>
<arg>10s</arg>
<doc>Waits until the element ``locator`` is visible.</doc>
<status status="PASS" start="2026-03-02T19:33:20.707450" elapsed="1.848608"/>
</kw>
<kw name="Click Element" owner="SeleniumLibrary">
<msg time="2026-03-02T19:33:22.556058" level="INFO">Clicking element 'xpath=//h4[normalize-space()="Takumi Fujiwara"]'.</msg>
<arg>xpath=//h4[normalize-space()="Takumi Fujiwara"]</arg>
<doc>Click the element identified by ``locator``.</doc>
<status status="PASS" start="2026-03-02T19:33:22.556058" elapsed="1.055044"/>
</kw>
<status status="PASS" start="2026-03-02T19:33:20.707450" elapsed="2.903652"/>
</kw>
<kw name="Page Should Contain" owner="SeleniumLibrary">
<msg time="2026-03-02T19:33:24.658549" level="INFO">Current page contains text ''.</msg>
<arg>${PASSENGER_REVIEW_SURNAME}</arg>
<doc>Verifies that current page contains ``text``.</doc>
<status status="PASS" start="2026-03-02T19:33:23.611102" elapsed="1.047447"/>
</kw>
<kw name="Page Should Contain" owner="SeleniumLibrary">
<msg time="2026-03-02T19:33:25.679297" level="INFO">Current page contains text 'ขับเร็วทันใจ คนขับสุภาพ รถสะอาด ตรงเวลา'.</msg>
<arg>${REVIEW_TEXT}</arg>
<doc>Verifies that current page contains ``text``.</doc>
<status status="PASS" start="2026-03-02T19:33:24.658549" elapsed="1.020748"/>
</kw>
<kw name="Page Should Contain" owner="SeleniumLibrary">
<msg time="2026-03-02T19:33:26.699714" level="INFO">Current page contains text 'สะอาด'.</msg>
<arg>สะอาด</arg>
<doc>Verifies that current page contains ``text``.</doc>
<status status="PASS" start="2026-03-02T19:33:25.679801" elapsed="1.019913"/>
</kw>
<kw name="Page Should Contain" owner="SeleniumLibrary">
<msg time="2026-03-02T19:33:27.721044" level="INFO">Current page contains text 'คนขับมารยาทดี'.</msg>
<arg>คนขับมารยาทดี</arg>
<doc>Verifies that current page contains ``text``.</doc>
<status status="PASS" start="2026-03-02T19:33:26.701006" elapsed="1.020038"/>
</kw>
<kw name="Page Should Contain" owner="SeleniumLibrary">
<msg time="2026-03-02T19:33:28.741331" level="INFO">Current page contains text 'ตรงเวลา'.</msg>
<arg>ตรงเวลา</arg>
<doc>Verifies that current page contains ``text``.</doc>
<status status="PASS" start="2026-03-02T19:33:27.721044" elapsed="1.020287"/>
</kw>
<kw name="Page Should Contain" owner="SeleniumLibrary">
<msg time="2026-03-02T19:33:29.764047" level="INFO">Current page contains text 'ขับปลอดภัย'.</msg>
<arg>ขับปลอดภัย</arg>
<doc>Verifies that current page contains ``text``.</doc>
<status status="PASS" start="2026-03-02T19:33:28.741331" elapsed="1.022716"/>
</kw>
<kw name="Page Should Contain" owner="SeleniumLibrary">
<msg time="2026-03-02T19:33:30.781877" level="INFO">Current page contains text 'บริการเป็นกันเอง'.</msg>
<arg>บริการเป็นกันเอง</arg>
<doc>Verifies that current page contains ``text``.</doc>
<status status="PASS" start="2026-03-02T19:33:29.764047" elapsed="1.017830"/>
</kw>
<status status="PASS" start="2026-03-02T19:31:38.534798" elapsed="112.247079"/>
</test>
<test id="s1-t2" name="UAT-ViewReview-015 Passenger Upload 4 File" line="38">
<kw name="Setup Delay Selenium" owner="auth_keywords">
<kw name="Set Selenium Implicit Wait" owner="SeleniumLibrary">
<arg>5s</arg>
<doc>Sets the implicit wait value used by Selenium.</doc>
<status status="PASS" start="2026-03-02T19:33:30.783952" elapsed="1.003069"/>
</kw>
<kw name="Set Selenium Speed" owner="SeleniumLibrary">
<arg>0.5s</arg>
<doc>Sets the delay that is waited after each Selenium command.</doc>
<status status="PASS" start="2026-03-02T19:33:31.787021" elapsed="0.000000"/>
</kw>
<status status="PASS" start="2026-03-02T19:33:30.783952" elapsed="1.003069"/>
</kw>
<kw name="Open Browser" owner="SeleniumLibrary">
<msg time="2026-03-02T19:33:31.788049" level="INFO">Opening browser 'edge' to base url 'http://localhost:3001/'.</msg>
<arg>${URL}</arg>
<arg>edge</arg>
<doc>Opens a new browser instance to the optional ``url``.</doc>
<status status="PASS" start="2026-03-02T19:33:31.788049" elapsed="2.353078"/>
</kw>
<kw name="Passenger Login" owner="auth_keywords">
<kw name="Click Element" owner="SeleniumLibrary">
<msg time="2026-03-02T19:33:34.143638" level="INFO">Clicking element 'xpath=//a[@href='/login']'.</msg>
<arg>xpath=//a[@href='/login']</arg>
<doc>Click the element identified by ``locator``.</doc>
<status status="PASS" start="2026-03-02T19:33:34.143134" elapsed="1.111394"/>
</kw>
<kw name="Wait Until Location Contains" owner="SeleniumLibrary">
<arg>/login</arg>
<arg>10s</arg>
<doc>Waits until the current URL contains ``expected``.</doc>
<status status="PASS" start="2026-03-02T19:33:35.254528" elapsed="0.506839"/>
</kw>
<kw name="Location Should Contain" owner="SeleniumLibrary">
<msg time="2026-03-02T19:33:36.267206" level="INFO">Current location contains '/login'.</msg>
<arg>/login</arg>
<doc>Verifies that the current URL contains ``expected``.</doc>
<status status="PASS" start="2026-03-02T19:33:35.761367" elapsed="0.505839"/>
</kw>
<kw name="Input Text" owner="SeleniumLibrary">
<msg time="2026-03-02T19:33:36.267788" level="INFO">Typing text 'Veerapat' into text field '//input[@placeholder="กรอกชื่อผู้ใช้หรืออีเมล"]'.</msg>
<arg>//input[@placeholder="กรอกชื่อผู้ใช้หรืออีเมล"]</arg>
<arg>${PASSENGER_USER}</arg>
<doc>Types the given ``text`` into the text field identified by ``locator``.</doc>
<status status="PASS" start="2026-03-02T19:33:36.267788" elapsed="1.617957"/>
</kw>
<kw name="Input Text" owner="SeleniumLibrary">
<msg time="2026-03-02T19:33:37.886455" level="INFO">Typing text 'asdfjkl;123' into text field '//input[@placeholder="กรอกรหัสผ่าน"]'.</msg>
<arg>//input[@placeholder="กรอกรหัสผ่าน"]</arg>
<arg>${PASSENGER_PASS}</arg>
<doc>Types the given ``text`` into the text field identified by ``locator``.</doc>
<status status="PASS" start="2026-03-02T19:33:37.885745" elapsed="1.565688"/>
</kw>
<kw name="Click Button" owner="SeleniumLibrary">
<msg time="2026-03-02T19:33:39.451433" level="INFO">Clicking button 'xpath=//button[@type='submit']'.</msg>
<arg>xpath=//button[@type='submit']</arg>
<doc>Clicks the button identified by ``locator``.</doc>
<status status="PASS" start="2026-03-02T19:33:39.451433" elapsed="2.569135"/>
</kw>
<status status="PASS" start="2026-03-02T19:33:34.142136" elapsed="7.878432"/>
</kw>
<kw name="View My Trip" owner="auth_keywords">
<kw name="Click Element" owner="SeleniumLibrary">
<msg time="2026-03-02T19:33:42.020568" level="INFO">Clicking element 'xpath=//a[@href='/myTrip']'.</msg>
<arg>xpath=//a[@href='/myTrip']</arg>
<doc>Click the element identified by ``locator``.</doc>
<status status="PASS" start="2026-03-02T19:33:42.020568" elapsed="1.054594"/>
</kw>
<kw name="Sleep" owner="BuiltIn">
<msg time="2026-03-02T19:33:45.075594" level="INFO">Slept 2 seconds.</msg>
<arg>2s</arg>
<doc>Pauses the test executed for the given time.</doc>
<status status="PASS" start="2026-03-02T19:33:43.075162" elapsed="2.000432"/>
</kw>
<kw name="Click Element" owner="SeleniumLibrary">
<msg time="2026-03-02T19:33:45.076184" level="INFO">Clicking element 'xpath=//button[starts-with(normalize-space(), "ทั้งหมด")]'.</msg>
<arg>xpath=//button[starts-with(normalize-space(), "ทั้งหมด")]</arg>
<doc>Click the element identified by ``locator``.</doc>
<status status="PASS" start="2026-03-02T19:33:45.076184" elapsed="1.065200"/>
</kw>
<status status="PASS" start="2026-03-02T19:33:42.020568" elapsed="4.120816"/>
</kw>
<kw name="Execute Javascript" owner="SeleniumLibrary">
<msg time="2026-03-02T19:33:46.141384" level="INFO">Executing JavaScript:
window.scrollBy(0,150)
Without any arguments.</msg>
<arg>window.scrollBy(0,150)</arg>
<doc>Executes the given JavaScript code with possible arguments.</doc>
<status status="PASS" start="2026-03-02T19:33:46.141384" elapsed="0.507725"/>
</kw>
<kw name="Click Element" owner="SeleniumLibrary">
<msg time="2026-03-02T19:33:46.649109" level="INFO">Clicking element 'xpath=(//button[normalize-space()="รีวิวผู้ขับ"])[3]'.</msg>
<arg>xpath=(//button[normalize-space()="รีวิวผู้ขับ"])[3]</arg>
<doc>Click the element identified by ``locator``.</doc>
<status status="PASS" start="2026-03-02T19:33:46.649109" elapsed="1.888153"/>
</kw>
<kw name="Click Element" owner="SeleniumLibrary">
<msg time="2026-03-02T19:33:48.537769" level="INFO">Clicking element 'xpath=(//button[@type="button"][.//span[contains(normalize-space(),"★")]])[5]'.</msg>
<arg>xpath=(//button[@type="button"][.//span[contains(normalize-space(),"★")]])[5]</arg>
<doc>Click the element identified by ``locator``.</doc>
<status status="PASS" start="2026-03-02T19:33:48.537769" elapsed="1.056447"/>
</kw>
<kw name="Select All Checkboxes" owner="auth_keywords">
<kw name="Select Checkbox" owner="SeleniumLibrary">
<msg time="2026-03-02T19:33:49.594740" level="INFO">Selecting checkbox 'xpath=//input[@value="CLEAN"]'.</msg>
<arg>xpath=//input[@value="CLEAN"]</arg>
<doc>Selects the checkbox identified by ``locator``.</doc>
<status status="PASS" start="2026-03-02T19:33:49.594740" elapsed="2.578703"/>
</kw>
<kw name="Select Checkbox" owner="SeleniumLibrary">
<msg time="2026-03-02T19:33:52.173949" level="INFO">Selecting checkbox 'xpath=//input[@value="POLITE_DRIVER"]'.</msg>
<arg>xpath=//input[@value="POLITE_DRIVER"]</arg>
<doc>Selects the checkbox identified by ``locator``.</doc>
<status status="PASS" start="2026-03-02T19:33:52.173443" elapsed="2.575058"/>
</kw>
<kw name="Select Checkbox" owner="SeleniumLibrary">
<msg time="2026-03-02T19:33:54.748501" level="INFO">Selecting checkbox 'xpath=//input[@value="ON_TIME"]'.</msg>
<arg>xpath=//input[@value="ON_TIME"]</arg>
<doc>Selects the checkbox identified by ``locator``.</doc>
<status status="PASS" start="2026-03-02T19:33:54.748501" elapsed="2.573237"/>
</kw>
<kw name="Select Checkbox" owner="SeleniumLibrary">
<msg time="2026-03-02T19:33:57.321738" level="INFO">Selecting checkbox 'xpath=//input[@value="SAFE_DRIVING"]'.</msg>
<arg>xpath=//input[@value="SAFE_DRIVING"]</arg>
<doc>Selects the checkbox identified by ``locator``.</doc>
<status status="PASS" start="2026-03-02T19:33:57.321738" elapsed="2.575459"/>
</kw>
<kw name="Select Checkbox" owner="SeleniumLibrary">
<msg time="2026-03-02T19:33:59.897706" level="INFO">Selecting checkbox 'xpath=//input[@value="FRIENDLY_SERVICE"]'.</msg>
<arg>xpath=//input[@value="FRIENDLY_SERVICE"]</arg>
<doc>Selects the checkbox identified by ``locator``.</doc>
<status status="PASS" start="2026-03-02T19:33:59.897197" elapsed="2.573571"/>
</kw>
<status status="PASS" start="2026-03-02T19:33:49.594740" elapsed="12.876028"/>
</kw>
<kw name="Input Text" owner="SeleniumLibrary">
<msg time="2026-03-02T19:34:02.471384" level="INFO">Typing text 'ขับเร็วทันใจ คนขับสุภาพ รถสะอาด ตรงเวลา' into text field 'xpath=//textarea[@placeholder="เขียนรีวิวของคุณ... (สูงสุด 501 ตัวอักษร)"]'.</msg>
<arg>xpath=//textarea[@placeholder="เขียนรีวิวของคุณ... (สูงสุด 501 ตัวอักษร)"]</arg>
<arg>${REVIEW_TEXT}</arg>
<doc>Types the given ``text`` into the text field identified by ``locator``.</doc>
<status status="PASS" start="2026-03-02T19:34:02.471384" elapsed="1.639206"/>
</kw>
<kw name="Upload 4 Images" owner="auth_keywords">
<kw name="Choose File" owner="SeleniumLibrary">
<msg time="2026-03-02T19:34:04.111723" level="INFO">Sending D:\Coding Project\Github Project\Software Engineering\My Branch\sec1_group1_PaiNamNae\image\pexels-hazardos-804.jpg to browser.</msg>
<arg>xpath=//input[@type="file"]</arg>
<arg>${IMAGE01_PATH}</arg>
<doc>Inputs the ``file_path`` into the file input field ``locator``.</doc>
<status status="PASS" start="2026-03-02T19:34:04.111723" elapsed="1.030550"/>
</kw>
<kw name="Choose File" owner="SeleniumLibrary">
<msg time="2026-03-02T19:34:05.142797" level="INFO">Sending D:\Coding Project\Github Project\Software Engineering\My Branch\sec1_group1_PaiNamNae\image\pexels-hazardos-8041.jpg to browser.</msg>
<arg>xpath=//input[@type="file"]</arg>
<arg>${IMAGE02_PATH}</arg>
<doc>Inputs the ``file_path`` into the file input field ``locator``.</doc>
<status status="PASS" start="2026-03-02T19:34:05.142273" elapsed="1.024466"/>
</kw>
<kw name="Choose File" owner="SeleniumLibrary">
<msg time="2026-03-02T19:34:06.167258" level="INFO">Sending D:\Coding Project\Github Project\Software Engineering\My Branch\sec1_group1_PaiNamNae\image\pexels-hazardos-80412.jpg to browser.</msg>
<arg>xpath=//input[@type="file"]</arg>
<arg>${IMAGE03_PATH}</arg>
<doc>Inputs the ``file_path`` into the file input field ``locator``.</doc>
<status status="PASS" start="2026-03-02T19:34:06.166739" elapsed="1.026354"/>
</kw>
<kw name="Choose File" owner="SeleniumLibrary">
<msg time="2026-03-02T19:34:07.193093" level="INFO">Sending D:\Coding Project\Github Project\Software Engineering\My Branch\sec1_group1_PaiNamNae\image\pexels-hazardos-804129.jpg to browser.</msg>
<arg>xpath=//input[@type="file"]</arg>
<arg>${IMAGE04_PATH}</arg>
<doc>Inputs the ``file_path`` into the file input field ``locator``.</doc>
<status status="PASS" start="2026-03-02T19:34:07.193093" elapsed="1.029304"/>
</kw>
<status status="PASS" start="2026-03-02T19:34:04.110590" elapsed="4.111807"/>
</kw>
<kw name="Page Should Contain" owner="SeleniumLibrary">
<msg time="2026-03-02T19:34:09.244409" level="INFO">Current page contains text 'รีวิวผู้ขับ'.</msg>
<arg>รีวิวผู้ขับ</arg>
<doc>Verifies that current page contains ``text``.</doc>
<status status="PASS" start="2026-03-02T19:34:08.222908" elapsed="1.021501"/>
</kw>
<kw name="Wait Until Element Is Visible" owner="SeleniumLibrary">
<arg>xpath=//*[contains(text(),"เพิ่มรูปได้สูงสุด 3 รูป")]</arg>
<arg>10s</arg>
<doc>Waits until the element ``locator`` is visible.</doc>
<status status="PASS" start="2026-03-02T19:34:09.244409" elapsed="1.020749"/>
</kw>
<status status="PASS" start="2026-03-02T19:33:30.782952" elapsed="39.482206"/>
</test>
<status status="PASS" start="2026-03-02T19:31:38.284924" elapsed="151.981297"/>
</suite>
<statistics>
<total>
<stat pass="2" fail="0" skip="0">All Tests</stat>
</total>
<tag>
</tag>
<suite>
<stat name="UAT-ViewReview" id="s1" pass="2" fail="0" skip="0">UAT-ViewReview</stat>
</suite>
</statistics>
<errors>
</errors>
</robot>
