<?xml version="1.0" encoding="UTF-8"?>
<robot generator="Robot 7.4.1 (Python 3.14.2 on darwin)" generated="2026-03-03T23:56:28.545338" rpa="false" schemaversion="5">
<suite id="s1" name="UAT-ReportSuccess-01-deploy" source="/Users/fandy/KKU 3T2/softend/PaiNamNae/sec1_group1_PaiNamNae/test/sprint2/uat/UAT-ReportSuccess-01-deploy.robot">
<test id="s1-t1" name="UAT-001 : Login and Go to Report (Production Web)" line="15">
<kw name="Set Selenium Speed" owner="SeleniumLibrary">
<arg>0.2 seconds</arg>
<doc>Sets the delay that is waited after each Selenium command.</doc>
<status status="PASS" start="2026-03-03T23:56:28.712825" elapsed="0.000223"/>
</kw>
<kw name="Open Browser To Website">
<kw name="Open Browser" owner="SeleniumLibrary">
<msg time="2026-03-03T23:56:28.713677" level="INFO">Opening browser 'edge' to base url 'https://cssec1web69.cpkku.com/'.</msg>
<arg>${URL}</arg>
<arg>edge</arg>
<doc>Opens a new browser instance to the optional ``url``.</doc>
<status status="PASS" start="2026-03-03T23:56:28.713515" elapsed="1.816135"/>
</kw>
<kw name="Maximize Browser Window" owner="SeleniumLibrary">
<doc>Maximizes current browser window.</doc>
<status status="PASS" start="2026-03-03T23:56:30.530226" elapsed="0.523937"/>
</kw>
<status status="PASS" start="2026-03-03T23:56:28.713260" elapsed="2.341171"/>
</kw>
<kw name="Wait Until Page Contains" owner="SeleniumLibrary">
<arg>เดินทางร่วมกัน</arg>
<arg>timeout=20s</arg>
<doc>Waits until ``text`` appears on the current page.</doc>
<status status="PASS" start="2026-03-03T23:56:31.054788" elapsed="0.221213"/>
</kw>
<kw name="Click Element" owner="SeleniumLibrary">
<msg time="2026-03-03T23:56:31.278231" level="INFO">Clicking element 'xpath=//a[@href='/login']'.</msg>
<arg>xpath=//a[@href='/login']</arg>
<doc>Click the element identified by ``locator``.</doc>
<status status="PASS" start="2026-03-03T23:56:31.276715" elapsed="0.488539"/>
</kw>
<kw name="Wait Until Element Is Visible" owner="SeleniumLibrary">
<arg>xpath=//input[@placeholder='กรอกชื่อผู้ใช้หรืออีเมล']</arg>
<arg>timeout=15s</arg>
<doc>Waits until the element ``locator`` is visible.</doc>
<status status="PASS" start="2026-03-03T23:56:31.765700" elapsed="0.438587"/>
</kw>
<kw name="Input Text" owner="SeleniumLibrary">
<msg time="2026-03-03T23:56:32.205497" level="INFO">Typing text 'anuton' into text field 'xpath=//input[@placeholder='กรอกชื่อผู้ใช้หรืออีเมล']'.</msg>
<arg>xpath=//input[@placeholder='กรอกชื่อผู้ใช้หรืออีเมล']</arg>
<arg>${PASSENGER_USER_SUCCESS}</arg>
<doc>Types the given ``text`` into the text field identified by ``locator``.</doc>
<status status="PASS" start="2026-03-03T23:56:32.204826" elapsed="0.743939"/>
</kw>
<kw name="Input Text" owner="SeleniumLibrary">
<msg time="2026-03-03T23:56:32.949511" level="INFO">Typing text '1234567890' into text field 'xpath=//input[@type='password']'.</msg>
<arg>xpath=//input[@type='password']</arg>
<arg>${PASSENGER_PASS_SUCCESS}</arg>
<doc>Types the given ``text`` into the text field identified by ``locator``.</doc>
<status status="PASS" start="2026-03-03T23:56:32.949165" elapsed="0.700237"/>
</kw>
<kw name="Click Button" owner="SeleniumLibrary">
<msg time="2026-03-03T23:56:33.651130" level="INFO">Clicking button 'xpath=//button[@type='submit']'.</msg>
<arg>xpath=//button[@type='submit']</arg>
<doc>Clicks the button identified by ``locator``.</doc>
<status status="PASS" start="2026-03-03T23:56:33.650329" elapsed="1.121106"/>
</kw>
<kw name="Wait Until Element Is Visible" owner="SeleniumLibrary">
<msg time="2026-03-03T23:56:50.529751" level="INFO" html="true">&lt;/td&gt;&lt;/tr&gt;&lt;tr&gt;&lt;td colspan="3"&gt;&lt;a href="selenium-screenshot-3.png"&gt;&lt;img src="selenium-screenshot-3.png" width="800px"&gt;&lt;/a&gt;</msg>
<msg time="2026-03-03T23:56:50.530208" level="FAIL">Element 'xpath=//span[contains(., 'อิทธิ')]' not visible after 15 seconds.</msg>
<arg>xpath=//span[contains(., '${PASSENGER_SURNAME_SUCCESS}')]</arg>
<arg>timeout=15s</arg>
<doc>Waits until the element ``locator`` is visible.</doc>
<status status="FAIL" start="2026-03-03T23:56:34.771890" elapsed="15.762396">Element 'xpath=//span[contains(., 'อิทธิ')]' not visible after 15 seconds.</status>
</kw>
<kw name="Log To Console" owner="BuiltIn">
<arg>\n[SUCCESS] Login Completed as ${PASSENGER_USER_SUCCESS}</arg>
<doc>Logs the given message to the console.</doc>
<status status="NOT RUN" start="2026-03-03T23:56:50.534755" elapsed="0.000064"/>
</kw>
<kw name="Wait Until Element Is Visible" owner="SeleniumLibrary">
<arg>xpath=//a[@href='/myTrip']</arg>
<arg>timeout=15s</arg>
<doc>Waits until the element ``locator`` is visible.</doc>
<status status="NOT RUN" start="2026-03-03T23:56:50.535011" elapsed="0.000041"/>
</kw>
<kw name="Click Element" owner="SeleniumLibrary">
<arg>xpath=//a[@href='/myTrip']</arg>
<doc>Click the element identified by ``locator``.</doc>
<status status="NOT RUN" start="2026-03-03T23:56:50.535229" elapsed="0.000033"/>
</kw>
<kw name="Wait Until Location Contains" owner="SeleniumLibrary">
<arg>/myTrip</arg>
<arg>timeout=15s</arg>
<doc>Waits until the current URL contains ``expected``.</doc>
<status status="NOT RUN" start="2026-03-03T23:56:50.535408" elapsed="0.000031"/>
</kw>
<kw name="Wait Until Element Is Visible" owner="SeleniumLibrary">
<arg>xpath=//button[contains(., 'ทั้งหมด')]</arg>
<arg>timeout=10s</arg>
<doc>Waits until the element ``locator`` is visible.</doc>
<status status="NOT RUN" start="2026-03-03T23:56:50.535579" elapsed="0.000029"/>
</kw>
<kw name="Click Element" owner="SeleniumLibrary">
<arg>xpath=//button[contains(., 'ทั้งหมด')]</arg>
<doc>Click the element identified by ``locator``.</doc>
<status status="NOT RUN" start="2026-03-03T23:56:50.535749" elapsed="0.000029"/>
</kw>
<kw name="Wait Until Element Is Visible" owner="SeleniumLibrary">
<arg>xpath=(//button[contains(@class, 'bg-red-600') and contains(., 'รายงาน')])[1]</arg>
<arg>timeout=15s</arg>
<doc>Waits until the element ``locator`` is visible.</doc>
<status status="NOT RUN" start="2026-03-03T23:56:50.535911" elapsed="0.000034"/>
</kw>
<kw name="Scroll Element Into View" owner="SeleniumLibrary">
<arg>xpath=(//button[contains(@class, 'bg-red-600') and contains(., 'รายงาน')])[1]</arg>
<doc>Scrolls the element identified by ``locator`` into view.</doc>
<status status="NOT RUN" start="2026-03-03T23:56:50.536115" elapsed="0.000028"/>
</kw>
<kw name="Execute Javascript" owner="SeleniumLibrary">
<arg>document.evaluate("(//button[contains(@class, 'bg-red-600') and contains(., 'รายงาน')])[1]", document, null, XPathResult.FIRST_ORDERED_NODE_TYPE, null).singleNodeValue.click();</arg>
<doc>Executes the given JavaScript code with possible arguments.</doc>
<status status="NOT RUN" start="2026-03-03T23:56:50.536329" elapsed="0.000028"/>
</kw>
<kw name="Wait Until Page Contains" owner="SeleniumLibrary">
<arg>หัวข้อปัญหา</arg>
<arg>timeout=15s</arg>
<doc>Waits until ``text`` appears on the current page.</doc>
<status status="NOT RUN" start="2026-03-03T23:56:50.536491" elapsed="0.000026"/>
</kw>
<kw name="Wait Until Element Is Visible" owner="SeleniumLibrary">
<arg>xpath=//select</arg>
<arg>timeout=15s</arg>
<doc>Waits until the element ``locator`` is visible.</doc>
<status status="NOT RUN" start="2026-03-03T23:56:50.536654" elapsed="0.000029"/>
</kw>
<kw name="Execute Javascript" owner="SeleniumLibrary">
<arg>document.querySelector('select').value = 'SAFETY_ISSUE'; document.querySelector('select').dispatchEvent(new Event('change'));</arg>
<doc>Executes the given JavaScript code with possible arguments.</doc>
<status status="NOT RUN" start="2026-03-03T23:56:50.536813" elapsed="0.000026"/>
</kw>
<kw name="Input Text" owner="SeleniumLibrary">
<arg>xpath=//textarea</arg>
<arg>${REPORT_TEXT_SUCCESS}</arg>
<doc>Types the given ``text`` into the text field identified by ``locator``.</doc>
<status status="NOT RUN" start="2026-03-03T23:56:50.536967" elapsed="0.000028"/>
</kw>
<kw name="Choose File" owner="SeleniumLibrary">
<arg>xpath=//input[@type='file']</arg>
<arg>${REPORT_VIDEO_SUCCESS_PATH}</arg>
<doc>Inputs the ``file_path`` into the file input field ``locator``.</doc>
<status status="NOT RUN" start="2026-03-03T23:56:50.537179" elapsed="0.000071"/>
</kw>
<kw name="Sleep" owner="BuiltIn">
<arg>10s</arg>
<doc>Pauses the test executed for the given time.</doc>
<status status="NOT RUN" start="2026-03-03T23:56:50.537401" elapsed="0.000039"/>
</kw>
<kw name="Wait Until Element Is Visible" owner="SeleniumLibrary">
<arg>xpath=//button[contains(., 'ส่งรายงานความปลอดภัย')]</arg>
<arg>timeout=15s</arg>
<doc>Waits until the element ``locator`` is visible.</doc>
<status status="NOT RUN" start="2026-03-03T23:56:50.537596" elapsed="0.000036"/>
</kw>
<kw name="Execute Javascript" owner="SeleniumLibrary">
<arg>document.evaluate("//button[contains(., 'ส่งรายงานความปลอดภัย')]", document, null, XPathResult.FIRST_ORDERED_NODE_TYPE, null).singleNodeValue.click();</arg>
<doc>Executes the given JavaScript code with possible arguments.</doc>
<status status="NOT RUN" start="2026-03-03T23:56:50.537797" elapsed="0.000031"/>
</kw>
<kw name="Log To Console" owner="BuiltIn">
<arg>\n[SUCCESS] Report Sent on Production! Holding screen for 30 seconds...</arg>
<doc>Logs the given message to the console.</doc>
<status status="NOT RUN" start="2026-03-03T23:56:50.537979" elapsed="0.000039"/>
</kw>
<kw name="Capture Page Screenshot" owner="SeleniumLibrary">
<arg>filename=prod_success_report.png</arg>
<doc>Takes a screenshot of the current page and embeds it into a log file.</doc>
<status status="NOT RUN" start="2026-03-03T23:56:50.538158" elapsed="0.000027"/>
</kw>
<kw name="Sleep" owner="BuiltIn">
<arg>30s</arg>
<doc>Pauses the test executed for the given time.</doc>
<status status="NOT RUN" start="2026-03-03T23:56:50.538304" elapsed="0.000045"/>
</kw>
<kw name="Close Browser" owner="SeleniumLibrary" type="TEARDOWN">
<doc>Closes the current browser.</doc>
<status status="PASS" start="2026-03-03T23:56:50.538780" elapsed="0.275149"/>
</kw>
<doc>ทดสอบการส่งรายงานบนเว็บที่ Deploy แล้ว (Username: anuton)</doc>
<status status="FAIL" start="2026-03-03T23:56:28.711492" elapsed="22.102658">Element 'xpath=//span[contains(., 'อิทธิ')]' not visible after 15 seconds.</status>
</test>
<status status="FAIL" start="2026-03-03T23:56:28.546257" elapsed="22.268704"/>
</suite>
<statistics>
<total>
<stat pass="0" fail="1" skip="0">All Tests</stat>
</total>
<tag>
</tag>
<suite>
<stat name="UAT-ReportSuccess-01-deploy" id="s1" pass="0" fail="1" skip="0">UAT-ReportSuccess-01-deploy</stat>
</suite>
</statistics>
<errors>
<msg time="2026-03-03T23:56:28.703351" level="ERROR">Error in file '/Users/fandy/KKU 3T2/softend/PaiNamNae/sec1_group1_PaiNamNae/test/resources/keywords/auth_keywords.robot' on line 66: Setting variable '======' failed: Invalid variable name '======='.</msg>
<msg time="2026-03-03T23:56:28.704115" level="ERROR">Error in file '/Users/fandy/KKU 3T2/softend/PaiNamNae/sec1_group1_PaiNamNae/test/resources/keywords/auth_keywords.robot' on line 34: Resource file '../resources/keywords/auth_keywords.robot' does not exist.</msg>
</errors>
</robot>
