<?xml version="1.0" encoding="UTF-8"?>
<robot generator="Robot 7.4.1 (Python 3.11.9 on win32)" generated="2026-03-03T15:18:32.531264" rpa="false" schemaversion="5">
<suite id="s1" name="UAT-ReviewUploadImage" source="D:\Coding Project\Github Project\Software Engineering\My Branch\sec1_group1_PaiNamNae\test\sprint2\uat\UAT-ReviewUploadImage.robot">
<test id="s1-t1" name="UAT-024 Passenger Upload Image File In Review" line="5">
<kw name="Setup Delay Selenium" owner="auth_keywords">
<kw name="Set Selenium Implicit Wait" owner="SeleniumLibrary">
<arg>5s</arg>
<doc>Sets the implicit wait value used by Selenium.</doc>
<status status="PASS" start="2026-03-03T15:18:32.783767" elapsed="0.000000"/>
</kw>
<kw name="Set Selenium Speed" owner="SeleniumLibrary">
<arg>0.5s</arg>
<doc>Sets the delay that is waited after each Selenium command.</doc>
<status status="PASS" start="2026-03-03T15:18:32.783767" elapsed="0.001003"/>
</kw>
<status status="PASS" start="2026-03-03T15:18:32.783767" elapsed="0.001003"/>
</kw>
<kw name="Open Browser" owner="SeleniumLibrary">
<msg time="2026-03-03T15:18:32.784770" level="INFO">Opening browser 'edge' to base url 'http://localhost:3001/'.</msg>
<arg>${URL}</arg>
<arg>edge</arg>
<doc>Opens a new browser instance to the optional ``url``.</doc>
<status status="PASS" start="2026-03-03T15:18:32.784770" elapsed="2.312252"/>
</kw>
<kw name="Passenger Login" owner="auth_keywords">
<kw name="Click Element" owner="SeleniumLibrary">
<msg time="2026-03-03T15:18:35.098034" level="INFO">Clicking element 'xpath=//a[@href='/login']'.</msg>
<arg>xpath=//a[@href='/login']</arg>
<doc>Click the element identified by ``locator``.</doc>
<status status="PASS" start="2026-03-03T15:18:35.098034" elapsed="1.129331"/>
</kw>
<kw name="Wait Until Location Contains" owner="SeleniumLibrary">
<arg>/login</arg>
<arg>10s</arg>
<doc>Waits until the current URL contains ``expected``.</doc>
<status status="PASS" start="2026-03-03T15:18:36.227365" elapsed="0.504839"/>
</kw>
<kw name="Location Should Contain" owner="SeleniumLibrary">
<msg time="2026-03-03T15:18:37.238060" level="INFO">Current location contains '/login'.</msg>
<arg>/login</arg>
<doc>Verifies that the current URL contains ``expected``.</doc>
<status status="PASS" start="2026-03-03T15:18:36.732204" elapsed="0.505856"/>
</kw>
<kw name="Input Text" owner="SeleniumLibrary">
<msg time="2026-03-03T15:18:37.238060" level="INFO">Typing text 'Veerapat' into text field '//input[@placeholder="กรอกชื่อผู้ใช้หรืออีเมล"]'.</msg>
<arg>//input[@placeholder="กรอกชื่อผู้ใช้หรืออีเมล"]</arg>
<arg>${PASSENGER_USER}</arg>
<doc>Types the given ``text`` into the text field identified by ``locator``.</doc>
<status status="PASS" start="2026-03-03T15:18:37.238060" elapsed="1.623081"/>
</kw>
<kw name="Input Text" owner="SeleniumLibrary">
<msg time="2026-03-03T15:18:38.861141" level="INFO">Typing text 'asdfjkl;123' into text field '//input[@placeholder="กรอกรหัสผ่าน"]'.</msg>
<arg>//input[@placeholder="กรอกรหัสผ่าน"]</arg>
<arg>${PASSENGER_PASS}</arg>
<doc>Types the given ``text`` into the text field identified by ``locator``.</doc>
<status status="PASS" start="2026-03-03T15:18:38.861141" elapsed="1.565880"/>
</kw>
<kw name="Click Button" owner="SeleniumLibrary">
<msg time="2026-03-03T15:18:40.427021" level="INFO">Clicking button 'xpath=//button[@type='submit']'.</msg>
<arg>xpath=//button[@type='submit']</arg>
<doc>Clicks the button identified by ``locator``.</doc>
<status status="PASS" start="2026-03-03T15:18:40.427021" elapsed="2.560645"/>
</kw>
<status status="PASS" start="2026-03-03T15:18:35.097022" elapsed="7.890644"/>
</kw>
<kw name="View My Trip" owner="auth_keywords">
<kw name="Click Element" owner="SeleniumLibrary">
<msg time="2026-03-03T15:18:42.988171" level="INFO">Clicking element 'xpath=//a[@href='/myTrip']'.</msg>
<arg>xpath=//a[@href='/myTrip']</arg>
<doc>Click the element identified by ``locator``.</doc>
<status status="PASS" start="2026-03-03T15:18:42.988171" elapsed="1.049069"/>
</kw>
<kw name="Sleep" owner="BuiltIn">
<msg time="2026-03-03T15:18:46.037818" level="INFO">Slept 2 seconds.</msg>
<arg>2s</arg>
<doc>Pauses the test executed for the given time.</doc>
<status status="PASS" start="2026-03-03T15:18:44.037240" elapsed="2.000578"/>
</kw>
<kw name="Click Element" owner="SeleniumLibrary">
<msg time="2026-03-03T15:18:46.038321" level="INFO">Clicking element 'xpath=//button[starts-with(normalize-space(), "ทั้งหมด")]'.</msg>
<arg>xpath=//button[starts-with(normalize-space(), "ทั้งหมด")]</arg>
<doc>Click the element identified by ``locator``.</doc>
<status status="PASS" start="2026-03-03T15:18:46.037818" elapsed="1.062868"/>
</kw>
<status status="PASS" start="2026-03-03T15:18:42.988171" elapsed="4.112515"/>
</kw>
<kw name="Execute Javascript" owner="SeleniumLibrary">
<msg time="2026-03-03T15:18:47.100686" level="INFO">Executing JavaScript:
window.scrollBy(0,300)
Without any arguments.</msg>
<arg>window.scrollBy(0,300)</arg>
<doc>Executes the given JavaScript code with possible arguments.</doc>
<status status="PASS" start="2026-03-03T15:18:47.100686" elapsed="0.506536"/>
</kw>
<kw name="Click Element" owner="SeleniumLibrary">
<msg time="2026-03-03T15:18:47.607222" level="INFO">Clicking element 'xpath=(//button[normalize-space()="รีวิวผู้ขับ"])[9]'.</msg>
<arg>xpath=(//button[normalize-space()="รีวิวผู้ขับ"])[9]</arg>
<doc>Click the element identified by ``locator``.</doc>
<status status="PASS" start="2026-03-03T15:18:47.607222" elapsed="1.942812"/>
</kw>
<kw name="Click Element" owner="SeleniumLibrary">
<msg time="2026-03-03T15:18:49.550034" level="INFO">Clicking element 'xpath=(//button[@type="button"][.//span[contains(normalize-space(),"★")]])[5]'.</msg>
<arg>xpath=(//button[@type="button"][.//span[contains(normalize-space(),"★")]])[5]</arg>
<doc>Click the element identified by ``locator``.</doc>
<status status="PASS" start="2026-03-03T15:18:49.550034" elapsed="1.053922"/>
</kw>
<kw name="Choose File" owner="SeleniumLibrary">
<msg time="2026-03-03T15:18:50.603956" level="INFO">Sending D:\Coding Project\Github Project\Software Engineering\My Branch\sec1_group1_PaiNamNae\image\pexels-hazardos-804.jpg to browser.</msg>
<arg>xpath=//input[@type="file"]</arg>
<arg>${IMAGE01_PATH}</arg>
<doc>Inputs the ``file_path`` into the file input field ``locator``.</doc>
<status status="PASS" start="2026-03-03T15:18:50.603956" elapsed="1.029377"/>
</kw>
<kw name="Click Element" owner="SeleniumLibrary">
<msg time="2026-03-03T15:18:51.633333" level="INFO">Clicking element 'xpath=//button[normalize-space()="ส่งรีวิว"]'.</msg>
<arg>xpath=//button[normalize-space()="ส่งรีวิว"]</arg>
<doc>Click the element identified by ``locator``.</doc>
<status status="PASS" start="2026-03-03T15:18:51.633333" elapsed="1.224300"/>
</kw>
<kw name="Wait Until Element Is Visible" owner="SeleniumLibrary">
<arg>xpath=//*[contains(text(),"รีวิวสำเร็จ")]</arg>
<arg>10s</arg>
<doc>Waits until the element ``locator`` is visible.</doc>
<status status="PASS" start="2026-03-03T15:18:52.858213" elapsed="8.829579"/>
</kw>
<kw name="View All Route" owner="auth_keywords">
<kw name="Click Element" owner="SeleniumLibrary">
<msg time="2026-03-03T15:19:01.687792" level="INFO">Clicking element 'xpath=//a[@href='/findTrip']'.</msg>
<arg>xpath=//a[@href='/findTrip']</arg>
<doc>Click the element identified by ``locator``.</doc>
<status status="PASS" start="2026-03-03T15:19:01.687792" elapsed="1.090992"/>
</kw>
<status status="PASS" start="2026-03-03T15:19:01.687792" elapsed="1.090992"/>
</kw>
<kw name="View Passenger Info" owner="auth_keywords">
<kw name="Wait Until Element Is Visible" owner="SeleniumLibrary">
<arg>xpath=//h4[normalize-space()="Takumi Fujiwara"]</arg>
<arg>10s</arg>
<doc>Waits until the element ``locator`` is visible.</doc>
<status status="PASS" start="2026-03-03T15:19:02.779791" elapsed="1.017038"/>
</kw>
<kw name="Click Element" owner="SeleniumLibrary">
<msg time="2026-03-03T15:19:03.797335" level="INFO">Clicking element 'xpath=//h4[normalize-space()="Takumi Fujiwara"]'.</msg>
<arg>xpath=//h4[normalize-space()="Takumi Fujiwara"]</arg>
<doc>Click the element identified by ``locator``.</doc>
<status status="PASS" start="2026-03-03T15:19:03.796829" elapsed="1.047088"/>
</kw>
<status status="PASS" start="2026-03-03T15:19:02.778784" elapsed="2.065133"/>
</kw>
<kw name="Wait Until Element Is Visible" owner="SeleniumLibrary">
<arg>xpath=//div[contains(@class,"flex-wrap")]//img</arg>
<arg>30s</arg>
<doc>Waits until the element ``locator`` is visible.</doc>
<status status="PASS" start="2026-03-03T15:19:04.844421" elapsed="1.015347"/>
</kw>
<kw name="Element Should Be Visible" owner="SeleniumLibrary">
<msg time="2026-03-03T15:19:06.873694" level="INFO">Element 'xpath=//div[contains(@class,"flex-wrap")]//img' is displayed.</msg>
<arg>xpath=//div[contains(@class,"flex-wrap")]//img</arg>
<doc>Verifies that the element identified by ``locator`` is visible.</doc>
<status status="PASS" start="2026-03-03T15:19:05.859768" elapsed="1.013926"/>
</kw>
<kw name="Page Should Contain" owner="SeleniumLibrary">
<msg time="2026-03-03T15:19:07.890936" level="INFO">Current page contains text 'Veera'.</msg>
<arg>${PASSENGER_SURNAME}</arg>
<doc>Verifies that current page contains ``text``.</doc>
<status status="PASS" start="2026-03-03T15:19:06.873694" elapsed="1.017242"/>
</kw>
<status status="PASS" start="2026-03-03T15:18:32.782687" elapsed="35.108249"/>
</test>
<test id="s1-t2" name="UAT-025 Passenger Upload Video File In Review" line="24">
<kw name="Setup Delay Selenium" owner="auth_keywords">
<kw name="Set Selenium Implicit Wait" owner="SeleniumLibrary">
<arg>5s</arg>
<doc>Sets the implicit wait value used by Selenium.</doc>
<status status="PASS" start="2026-03-03T15:19:07.891952" elapsed="0.501916"/>
</kw>
<kw name="Set Selenium Speed" owner="SeleniumLibrary">
<arg>0.5s</arg>
<doc>Sets the delay that is waited after each Selenium command.</doc>
<status status="PASS" start="2026-03-03T15:19:08.393868" elapsed="0.000546"/>
</kw>
<status status="PASS" start="2026-03-03T15:19:07.891952" elapsed="0.502462"/>
</kw>
<kw name="Open Browser" owner="SeleniumLibrary">
<msg time="2026-03-03T15:19:08.394952" level="INFO">Opening browser 'edge' to base url 'http://localhost:3001/'.</msg>
<arg>${URL}</arg>
<arg>edge</arg>
<doc>Opens a new browser instance to the optional ``url``.</doc>
<status status="PASS" start="2026-03-03T15:19:08.394414" elapsed="2.352430"/>
</kw>
<kw name="Passenger Login" owner="auth_keywords">
<kw name="Click Element" owner="SeleniumLibrary">
<msg time="2026-03-03T15:19:10.747850" level="INFO">Clicking element 'xpath=//a[@href='/login']'.</msg>
<arg>xpath=//a[@href='/login']</arg>
<doc>Click the element identified by ``locator``.</doc>
<status status="PASS" start="2026-03-03T15:19:10.747850" elapsed="1.095103"/>
</kw>
<kw name="Wait Until Location Contains" owner="SeleniumLibrary">
<arg>/login</arg>
<arg>10s</arg>
<doc>Waits until the current URL contains ``expected``.</doc>
<status status="PASS" start="2026-03-03T15:19:11.842953" elapsed="0.507522"/>
</kw>
<kw name="Location Should Contain" owner="SeleniumLibrary">
<msg time="2026-03-03T15:19:12.855292" level="INFO">Current location contains '/login'.</msg>
<arg>/login</arg>
<doc>Verifies that the current URL contains ``expected``.</doc>
<status status="PASS" start="2026-03-03T15:19:12.350475" elapsed="0.504817"/>
</kw>
<kw name="Input Text" owner="SeleniumLibrary">
<msg time="2026-03-03T15:19:12.855292" level="INFO">Typing text 'Veerapat' into text field '//input[@placeholder="กรอกชื่อผู้ใช้หรืออีเมล"]'.</msg>
<arg>//input[@placeholder="กรอกชื่อผู้ใช้หรืออีเมล"]</arg>
<arg>${PASSENGER_USER}</arg>
<doc>Types the given ``text`` into the text field identified by ``locator``.</doc>
<status status="PASS" start="2026-03-03T15:19:12.855292" elapsed="1.578004"/>
</kw>
<kw name="Input Text" owner="SeleniumLibrary">
<msg time="2026-03-03T15:19:14.433803" level="INFO">Typing text 'asdfjkl;123' into text field '//input[@placeholder="กรอกรหัสผ่าน"]'.</msg>
<arg>//input[@placeholder="กรอกรหัสผ่าน"]</arg>
<arg>${PASSENGER_PASS}</arg>
<doc>Types the given ``text`` into the text field identified by ``locator``.</doc>
<status status="PASS" start="2026-03-03T15:19:14.433296" elapsed="1.566272"/>
</kw>
<kw name="Click Button" owner="SeleniumLibrary">
<msg time="2026-03-03T15:19:15.999568" level="INFO">Clicking button 'xpath=//button[@type='submit']'.</msg>
<arg>xpath=//button[@type='submit']</arg>
<doc>Clicks the button identified by ``locator``.</doc>
<status status="PASS" start="2026-03-03T15:19:15.999568" elapsed="2.568882"/>
</kw>
<status status="PASS" start="2026-03-03T15:19:10.746844" elapsed="7.821606"/>
</kw>
<kw name="View My Trip" owner="auth_keywords">
<kw name="Click Element" owner="SeleniumLibrary">
<msg time="2026-03-03T15:19:18.569457" level="INFO">Clicking element 'xpath=//a[@href='/myTrip']'.</msg>
<arg>xpath=//a[@href='/myTrip']</arg>
<doc>Click the element identified by ``locator``.</doc>
<status status="PASS" start="2026-03-03T15:19:18.568450" elapsed="1.053061"/>
</kw>
<kw name="Sleep" owner="BuiltIn">
<msg time="2026-03-03T15:19:21.621619" level="INFO">Slept 2 seconds.</msg>
<arg>2s</arg>
<doc>Pauses the test executed for the given time.</doc>
<status status="PASS" start="2026-03-03T15:19:19.621511" elapsed="2.000108"/>
</kw>
<kw name="Click Element" owner="SeleniumLibrary">
<msg time="2026-03-03T15:19:21.621619" level="INFO">Clicking element 'xpath=//button[starts-with(normalize-space(), "ทั้งหมด")]'.</msg>
<arg>xpath=//button[starts-with(normalize-space(), "ทั้งหมด")]</arg>
<doc>Click the element identified by ``locator``.</doc>
<status status="PASS" start="2026-03-03T15:19:21.621619" elapsed="1.060931"/>
</kw>
<status status="PASS" start="2026-03-03T15:19:18.568450" elapsed="4.114100"/>
</kw>
<kw name="Execute Javascript" owner="SeleniumLibrary">
<msg time="2026-03-03T15:19:22.684199" level="INFO">Executing JavaScript:
window.scrollBy(0,300)
Without any arguments.</msg>
<arg>window.scrollBy(0,300)</arg>
<doc>Executes the given JavaScript code with possible arguments.</doc>
<status status="PASS" start="2026-03-03T15:19:22.683195" elapsed="0.508877"/>
</kw>
<kw name="Click Element" owner="SeleniumLibrary">
<msg time="2026-03-03T15:19:23.192577" level="INFO">Clicking element 'xpath=(//button[normalize-space()="รีวิวผู้ขับ"])[10]'.</msg>
<arg>xpath=(//button[normalize-space()="รีวิวผู้ขับ"])[10]</arg>
<doc>Click the element identified by ``locator``.</doc>
<status status="PASS" start="2026-03-03T15:19:23.192577" elapsed="1.877931"/>
</kw>
<kw name="Click Element" owner="SeleniumLibrary">
<msg time="2026-03-03T15:19:25.070508" level="INFO">Clicking element 'xpath=(//button[@type="button"][.//span[contains(normalize-space(),"★")]])[5]'.</msg>
<arg>xpath=(//button[@type="button"][.//span[contains(normalize-space(),"★")]])[5]</arg>
<doc>Click the element identified by ``locator``.</doc>
<status status="PASS" start="2026-03-03T15:19:25.070508" elapsed="1.049014"/>
</kw>
<kw name="Choose File" owner="SeleniumLibrary">
<msg time="2026-03-03T15:19:26.119522" level="INFO">Sending D:\Coding Project\Github Project\Software Engineering\My Branch\sec1_group1_PaiNamNae\image\3785380-hd_1920_1080_25fps.mp4 to browser.</msg>
<arg>xpath=//input[@type="file"]</arg>
<arg>${VIDEO01_PATH}</arg>
<doc>Inputs the ``file_path`` into the file input field ``locator``.</doc>
<status status="PASS" start="2026-03-03T15:19:26.119522" elapsed="1.037578"/>
</kw>
<kw name="Click Element" owner="SeleniumLibrary">
<msg time="2026-03-03T15:19:27.157618" level="INFO">Clicking element 'xpath=//button[normalize-space()="ส่งรีวิว"]'.</msg>
<arg>xpath=//button[normalize-space()="ส่งรีวิว"]</arg>
<doc>Click the element identified by ``locator``.</doc>
<status status="PASS" start="2026-03-03T15:19:27.157100" elapsed="1.057226"/>
</kw>
<kw name="Wait Until Element Is Visible" owner="SeleniumLibrary">
<arg>xpath=//*[contains(text(),"รีวิวสำเร็จ")]</arg>
<arg>60s</arg>
<doc>Waits until the element ``locator`` is visible.</doc>
<status status="PASS" start="2026-03-03T15:19:28.214326" elapsed="16.941225"/>
</kw>
<kw name="View All Route" owner="auth_keywords">
<kw name="Click Element" owner="SeleniumLibrary">
<msg time="2026-03-03T15:19:45.155551" level="INFO">Clicking element 'xpath=//a[@href='/findTrip']'.</msg>
<arg>xpath=//a[@href='/findTrip']</arg>
<doc>Click the element identified by ``locator``.</doc>
<status status="PASS" start="2026-03-03T15:19:45.155551" elapsed="1.103708"/>
</kw>
<status status="PASS" start="2026-03-03T15:19:45.155551" elapsed="1.103708"/>
</kw>
<kw name="View Passenger Info" owner="auth_keywords">
<kw name="Wait Until Element Is Visible" owner="SeleniumLibrary">
<arg>xpath=//h4[normalize-space()="Takumi Fujiwara"]</arg>
<arg>10s</arg>
<doc>Waits until the element ``locator`` is visible.</doc>
<status status="PASS" start="2026-03-03T15:19:46.259259" elapsed="1.016999"/>
</kw>
<kw name="Click Element" owner="SeleniumLibrary">
<msg time="2026-03-03T15:19:47.276776" level="INFO">Clicking element 'xpath=//h4[normalize-space()="Takumi Fujiwara"]'.</msg>
<arg>xpath=//h4[normalize-space()="Takumi Fujiwara"]</arg>
<doc>Click the element identified by ``locator``.</doc>
<status status="PASS" start="2026-03-03T15:19:47.276258" elapsed="1.048108"/>
</kw>
<status status="PASS" start="2026-03-03T15:19:46.259259" elapsed="2.065107"/>
</kw>
<kw name="Wait Until Element Is Visible" owner="SeleniumLibrary">
<arg>xpath=//div[contains(@class,"flex-wrap")]//video</arg>
<arg>30s</arg>
<doc>Waits until the element ``locator`` is visible.</doc>
<status status="PASS" start="2026-03-03T15:19:48.324898" elapsed="1.023473"/>
</kw>
<kw name="Element Should Be Visible" owner="SeleniumLibrary">
<msg time="2026-03-03T15:19:50.363886" level="INFO">Element 'xpath=//div[contains(@class,"flex-wrap")]//video' is displayed.</msg>
<arg>xpath=//div[contains(@class,"flex-wrap")]//video</arg>
<doc>Verifies that the element identified by ``locator`` is visible.</doc>
<status status="PASS" start="2026-03-03T15:19:49.348371" elapsed="1.015515"/>
</kw>
<status status="PASS" start="2026-03-03T15:19:07.890936" elapsed="42.473457"/>
</test>
<test id="s1-t3" name="UAT-026 Passenger Upload Invalid File In Review" line="42">
<kw name="Setup Delay Selenium" owner="auth_keywords">
<kw name="Set Selenium Implicit Wait" owner="SeleniumLibrary">
<arg>5s</arg>
<doc>Sets the implicit wait value used by Selenium.</doc>
<status status="PASS" start="2026-03-03T15:19:50.365397" elapsed="1.003388"/>
</kw>
<kw name="Set Selenium Speed" owner="SeleniumLibrary">
<arg>0.5s</arg>
<doc>Sets the delay that is waited after each Selenium command.</doc>
<status status="PASS" start="2026-03-03T15:19:51.368785" elapsed="0.000000"/>
</kw>
<status status="PASS" start="2026-03-03T15:19:50.365397" elapsed="1.003388"/>
</kw>
<kw name="Open Browser" owner="SeleniumLibrary">
<msg time="2026-03-03T15:19:51.369792" level="INFO">Opening browser 'edge' to base url 'http://localhost:3001/'.</msg>
<arg>${URL}</arg>
<arg>edge</arg>
<doc>Opens a new browser instance to the optional ``url``.</doc>
<status status="PASS" start="2026-03-03T15:19:51.368785" elapsed="2.328236"/>
</kw>
<kw name="Passenger Login" owner="auth_keywords">
<kw name="Click Element" owner="SeleniumLibrary">
<msg time="2026-03-03T15:19:53.698026" level="INFO">Clicking element 'xpath=//a[@href='/login']'.</msg>
<arg>xpath=//a[@href='/login']</arg>
<doc>Click the element identified by ``locator``.</doc>
<status status="PASS" start="2026-03-03T15:19:53.698026" elapsed="1.117824"/>
</kw>
<kw name="Wait Until Location Contains" owner="SeleniumLibrary">
<arg>/login</arg>
<arg>10s</arg>
<doc>Waits until the current URL contains ``expected``.</doc>
<status status="PASS" start="2026-03-03T15:19:54.815850" elapsed="0.506069"/>
</kw>
<kw name="Location Should Contain" owner="SeleniumLibrary">
<msg time="2026-03-03T15:19:55.827534" level="INFO">Current location contains '/login'.</msg>
<arg>/login</arg>
<doc>Verifies that the current URL contains ``expected``.</doc>
<status status="PASS" start="2026-03-03T15:19:55.321919" elapsed="0.505615"/>
</kw>
<kw name="Input Text" owner="SeleniumLibrary">
<msg time="2026-03-03T15:19:55.828050" level="INFO">Typing text 'Veerapat' into text field '//input[@placeholder="กรอกชื่อผู้ใช้หรืออีเมล"]'.</msg>
<arg>//input[@placeholder="กรอกชื่อผู้ใช้หรืออีเมล"]</arg>
<arg>${PASSENGER_USER}</arg>
<doc>Types the given ``text`` into the text field identified by ``locator``.</doc>
<status status="PASS" start="2026-03-03T15:19:55.827534" elapsed="1.585428"/>
</kw>
<kw name="Input Text" owner="SeleniumLibrary">
<msg time="2026-03-03T15:19:57.413469" level="INFO">Typing text 'asdfjkl;123' into text field '//input[@placeholder="กรอกรหัสผ่าน"]'.</msg>
<arg>//input[@placeholder="กรอกรหัสผ่าน"]</arg>
<arg>${PASSENGER_PASS}</arg>
<doc>Types the given ``text`` into the text field identified by ``locator``.</doc>
<status status="PASS" start="2026-03-03T15:19:57.413469" elapsed="1.581172"/>
</kw>
<kw name="Click Button" owner="SeleniumLibrary">
<msg time="2026-03-03T15:19:58.994641" level="INFO">Clicking button 'xpath=//button[@type='submit']'.</msg>
<arg>xpath=//button[@type='submit']</arg>
<doc>Clicks the button identified by ``locator``.</doc>
<status status="PASS" start="2026-03-03T15:19:58.994641" elapsed="2.588695"/>
</kw>
<status status="PASS" start="2026-03-03T15:19:53.697021" elapsed="7.886315"/>
</kw>
<kw name="View My Trip" owner="auth_keywords">
<kw name="Click Element" owner="SeleniumLibrary">
<msg time="2026-03-03T15:20:01.584349" level="INFO">Clicking element 'xpath=//a[@href='/myTrip']'.</msg>
<arg>xpath=//a[@href='/myTrip']</arg>
<doc>Click the element identified by ``locator``.</doc>
<status status="PASS" start="2026-03-03T15:20:01.584349" elapsed="1.056731"/>
</kw>
<kw name="Sleep" owner="BuiltIn">
<msg time="2026-03-03T15:20:04.642060" level="INFO">Slept 2 seconds.</msg>
<arg>2s</arg>
<doc>Pauses the test executed for the given time.</doc>
<status status="PASS" start="2026-03-03T15:20:02.641080" elapsed="2.000980"/>
</kw>
<kw name="Click Element" owner="SeleniumLibrary">
<msg time="2026-03-03T15:20:04.642663" level="INFO">Clicking element 'xpath=//button[starts-with(normalize-space(), "ทั้งหมด")]'.</msg>
<arg>xpath=//button[starts-with(normalize-space(), "ทั้งหมด")]</arg>
<doc>Click the element identified by ``locator``.</doc>
<status status="PASS" start="2026-03-03T15:20:04.642060" elapsed="1.061885"/>
</kw>
<status status="PASS" start="2026-03-03T15:20:01.583336" elapsed="4.121116"/>
</kw>
<kw name="Execute Javascript" owner="SeleniumLibrary">
<msg time="2026-03-03T15:20:05.704452" level="INFO">Executing JavaScript:
window.scrollBy(0,325)
Without any arguments.</msg>
<arg>window.scrollBy(0,325)</arg>
<doc>Executes the given JavaScript code with possible arguments.</doc>
<status status="PASS" start="2026-03-03T15:20:05.704452" elapsed="0.508556"/>
</kw>
<kw name="Click Element" owner="SeleniumLibrary">
<msg time="2026-03-03T15:20:06.213008" level="INFO">Clicking element 'xpath=(//button[normalize-space()="รีวิวผู้ขับ"])[11]'.</msg>
<arg>xpath=(//button[normalize-space()="รีวิวผู้ขับ"])[11]</arg>
<doc>Click the element identified by ``locator``.</doc>
<status status="PASS" start="2026-03-03T15:20:06.213008" elapsed="1.867834"/>
</kw>
<kw name="Click Element" owner="SeleniumLibrary">
<msg time="2026-03-03T15:20:08.081855" level="INFO">Clicking element 'xpath=(//button[@type="button"][.//span[contains(normalize-space(),"★")]])[5]'.</msg>
<arg>xpath=(//button[@type="button"][.//span[contains(normalize-space(),"★")]])[5]</arg>
<doc>Click the element identified by ``locator``.</doc>
<status status="PASS" start="2026-03-03T15:20:08.080842" elapsed="1.050035"/>
</kw>
<kw name="Choose File" owner="SeleniumLibrary">
<msg time="2026-03-03T15:20:09.131396" level="INFO">Sending D:\Coding Project\Github Project\Software Engineering\My Branch\sec1_group1_PaiNamNae\image\Thisispdffile.pdf to browser.</msg>
<arg>xpath=//input[@type="file"]</arg>
<arg>${PDF_PATH}</arg>
<doc>Inputs the ``file_path`` into the file input field ``locator``.</doc>
<status status="PASS" start="2026-03-03T15:20:09.131396" elapsed="1.033432"/>
</kw>
<kw name="Wait Until Element Is Visible" owner="SeleniumLibrary">
<arg>xpath=//*[contains(text(),"กรุณาเลือกไฟล์รูปหรือวิดีโอเท่านั้น")]</arg>
<arg>10s</arg>
<doc>Waits until the element ``locator`` is visible.</doc>
<status status="PASS" start="2026-03-03T15:20:10.165346" elapsed="1.021613"/>
</kw>
<status status="PASS" start="2026-03-03T15:19:50.364393" elapsed="20.822566"/>
</test>
<test id="s1-t4" name="UAT-027 Passenger Upload File Video More than 50MB In Review" line="55">
<kw name="Setup Delay Selenium" owner="auth_keywords">
<kw name="Set Selenium Implicit Wait" owner="SeleniumLibrary">
<arg>5s</arg>
<doc>Sets the implicit wait value used by Selenium.</doc>
<status status="PASS" start="2026-03-03T15:20:11.188979" elapsed="1.504938"/>
</kw>
<kw name="Set Selenium Speed" owner="SeleniumLibrary">
<arg>0.5s</arg>
<doc>Sets the delay that is waited after each Selenium command.</doc>
<status status="PASS" start="2026-03-03T15:20:12.693917" elapsed="0.000540"/>
</kw>
<status status="PASS" start="2026-03-03T15:20:11.188979" elapsed="1.505478"/>
</kw>
<kw name="Open Browser" owner="SeleniumLibrary">
<msg time="2026-03-03T15:20:12.694864" level="INFO">Opening browser 'edge' to base url 'http://localhost:3001/'.</msg>
<arg>${URL}</arg>
<arg>edge</arg>
<doc>Opens a new browser instance to the optional ``url``.</doc>
<status status="PASS" start="2026-03-03T15:20:12.694864" elapsed="2.338264"/>
</kw>
<kw name="Passenger Login" owner="auth_keywords">
<kw name="Click Element" owner="SeleniumLibrary">
<msg time="2026-03-03T15:20:15.034832" level="INFO">Clicking element 'xpath=//a[@href='/login']'.</msg>
<arg>xpath=//a[@href='/login']</arg>
<doc>Click the element identified by ``locator``.</doc>
<status status="PASS" start="2026-03-03T15:20:15.034135" elapsed="1.102109"/>
</kw>
<kw name="Wait Until Location Contains" owner="SeleniumLibrary">
<arg>/login</arg>
<arg>10s</arg>
<doc>Waits until the current URL contains ``expected``.</doc>
<status status="PASS" start="2026-03-03T15:20:16.136244" elapsed="0.505464"/>
</kw>
<kw name="Location Should Contain" owner="SeleniumLibrary">
<msg time="2026-03-03T15:20:17.146864" level="INFO">Current location contains '/login'.</msg>
<arg>/login</arg>
<doc>Verifies that the current URL contains ``expected``.</doc>
<status status="PASS" start="2026-03-03T15:20:16.641708" elapsed="0.505156"/>
</kw>
<kw name="Input Text" owner="SeleniumLibrary">
<msg time="2026-03-03T15:20:17.147382" level="INFO">Typing text 'Veerapat' into text field '//input[@placeholder="กรอกชื่อผู้ใช้หรืออีเมล"]'.</msg>
<arg>//input[@placeholder="กรอกชื่อผู้ใช้หรืออีเมล"]</arg>
<arg>${PASSENGER_USER}</arg>
<doc>Types the given ``text`` into the text field identified by ``locator``.</doc>
<status status="PASS" start="2026-03-03T15:20:17.146864" elapsed="1.604812"/>
</kw>
<kw name="Input Text" owner="SeleniumLibrary">
<msg time="2026-03-03T15:20:18.751676" level="INFO">Typing text 'asdfjkl;123' into text field '//input[@placeholder="กรอกรหัสผ่าน"]'.</msg>
<arg>//input[@placeholder="กรอกรหัสผ่าน"]</arg>
<arg>${PASSENGER_PASS}</arg>
<doc>Types the given ``text`` into the text field identified by ``locator``.</doc>
<status status="PASS" start="2026-03-03T15:20:18.751676" elapsed="1.573701"/>
</kw>
<kw name="Click Button" owner="SeleniumLibrary">
<msg time="2026-03-03T15:20:20.325377" level="INFO">Clicking button 'xpath=//button[@type='submit']'.</msg>
<arg>xpath=//button[@type='submit']</arg>
<doc>Clicks the button identified by ``locator``.</doc>
<status status="PASS" start="2026-03-03T15:20:20.325377" elapsed="2.568742"/>
</kw>
<status status="PASS" start="2026-03-03T15:20:15.033128" elapsed="7.860991"/>
</kw>
<kw name="View My Trip" owner="auth_keywords">
<kw name="Click Element" owner="SeleniumLibrary">
<msg time="2026-03-03T15:20:22.895129" level="INFO">Clicking element 'xpath=//a[@href='/myTrip']'.</msg>
<arg>xpath=//a[@href='/myTrip']</arg>
<doc>Click the element identified by ``locator``.</doc>
<status status="PASS" start="2026-03-03T15:20:22.894119" elapsed="1.072151"/>
</kw>
<kw name="Sleep" owner="BuiltIn">
<msg time="2026-03-03T15:20:25.966750" level="INFO">Slept 2 seconds.</msg>
<arg>2s</arg>
<doc>Pauses the test executed for the given time.</doc>
<status status="PASS" start="2026-03-03T15:20:23.966270" elapsed="2.000480"/>
</kw>
<kw name="Click Element" owner="SeleniumLibrary">
<msg time="2026-03-03T15:20:25.966750" level="INFO">Clicking element 'xpath=//button[starts-with(normalize-space(), "ทั้งหมด")]'.</msg>
<arg>xpath=//button[starts-with(normalize-space(), "ทั้งหมด")]</arg>
<doc>Click the element identified by ``locator``.</doc>
<status status="PASS" start="2026-03-03T15:20:25.966750" elapsed="1.065039"/>
</kw>
<status status="PASS" start="2026-03-03T15:20:22.894119" elapsed="4.137670"/>
</kw>
<kw name="Execute Javascript" owner="SeleniumLibrary">
<msg time="2026-03-03T15:20:27.031789" level="INFO">Executing JavaScript:
window.scrollBy(0,325)
Without any arguments.</msg>
<arg>window.scrollBy(0,325)</arg>
<doc>Executes the given JavaScript code with possible arguments.</doc>
<status status="PASS" start="2026-03-03T15:20:27.031789" elapsed="0.508772"/>
</kw>
<kw name="Click Element" owner="SeleniumLibrary">
<msg time="2026-03-03T15:20:27.540561" level="INFO">Clicking element 'xpath=(//button[normalize-space()="รีวิวผู้ขับ"])[11]'.</msg>
<arg>xpath=(//button[normalize-space()="รีวิวผู้ขับ"])[11]</arg>
<doc>Click the element identified by ``locator``.</doc>
<status status="PASS" start="2026-03-03T15:20:27.540561" elapsed="1.876462"/>
</kw>
<kw name="Click Element" owner="SeleniumLibrary">
<msg time="2026-03-03T15:20:29.417023" level="INFO">Clicking element 'xpath=(//button[@type="button"][.//span[contains(normalize-space(),"★")]])[5]'.</msg>
<arg>xpath=(//button[@type="button"][.//span[contains(normalize-space(),"★")]])[5]</arg>
<doc>Click the element identified by ``locator``.</doc>
<status status="PASS" start="2026-03-03T15:20:29.417023" elapsed="1.069479"/>
</kw>
<kw name="Choose File" owner="SeleniumLibrary">
<msg time="2026-03-03T15:20:30.487511" level="INFO">Sending D:\Coding Project\Github Project\Software Engineering\My Branch\sec1_group1_PaiNamNae\image\5275550-uhd_4096_2160_25fps.mp4 to browser.</msg>
<arg>xpath=//input[@type="file"]</arg>
<arg>${INVALID_VIDEO}</arg>
<doc>Inputs the ``file_path`` into the file input field ``locator``.</doc>
<status status="PASS" start="2026-03-03T15:20:30.486502" elapsed="1.033969"/>
</kw>
<kw name="Wait Until Element Is Visible" owner="SeleniumLibrary">
<arg>xpath=//*[contains(text(),"ขนาดไฟล์ต้องไม่เกิน 50MB")]</arg>
<arg>10s</arg>
<doc>Waits until the element ``locator`` is visible.</doc>
<status status="PASS" start="2026-03-03T15:20:31.520471" elapsed="1.022841"/>
</kw>
<status status="PASS" start="2026-03-03T15:20:11.187968" elapsed="21.355850"/>
</test>
<status status="PASS" start="2026-03-03T15:18:32.532789" elapsed="120.012036"/>
</suite>
<statistics>
<total>
<stat pass="4" fail="0" skip="0">All Tests</stat>
</total>
<tag>
</tag>
<suite>
<stat name="UAT-ReviewUploadImage" id="s1" pass="4" fail="0" skip="0">UAT-ReviewUploadImage</stat>
</suite>
</statistics>
<errors>
</errors>
</robot>
