<?xml version="1.0" encoding="UTF-8"?>
<robot generator="Robot 7.4.1 (Python 3.11.9 on win32)" generated="2026-02-17T02:40:22.934904" rpa="false" schemaversion="5">
<suite id="s1" name="UAT005 ReviewRating" source="D:\Coding Project\Github Project\Software Engineering\My Branch\sec1_group1_PaiNamNae\test\uat\UAT005_ReviewRating.robot">
<test id="s1-t1" name="UAT-005-01 : Passenger Login" line="6">
<kw name="Passenger Login" owner="auth_keywords">
<kw name="Open Web Page" owner="auth_keywords">
<kw name="Open Browser" owner="SeleniumLibrary">
<msg time="2026-02-17T02:40:23.182871" level="INFO">Opening browser 'chrome' to base url 'http://localhost:3001/'.</msg>
<arg>${URL}</arg>
<arg>chrome</arg>
<doc>Opens a new browser instance to the optional ``url``.</doc>
<status status="PASS" start="2026-02-17T02:40:23.182871" elapsed="2.378230"/>
</kw>
<status status="PASS" start="2026-02-17T02:40:23.181802" elapsed="2.380309"/>
</kw>
<kw name="Click Element" owner="SeleniumLibrary">
<msg time="2026-02-17T02:40:25.563109" level="INFO">Clicking element 'xpath=//a[@href='/login']'.</msg>
<arg>xpath=//a[@href='/login']</arg>
<doc>Click the element identified by ``locator``.</doc>
<status status="PASS" start="2026-02-17T02:40:25.562111" elapsed="0.168732"/>
</kw>
<kw name="Wait Until Location Contains" owner="SeleniumLibrary">
<arg>/login</arg>
<arg>10s</arg>
<doc>Waits until the current URL contains ``expected``.</doc>
<status status="PASS" start="2026-02-17T02:40:25.731844" elapsed="0.221544"/>
</kw>
<kw name="Location Should Contain" owner="SeleniumLibrary">
<msg time="2026-02-17T02:40:25.958981" level="INFO">Current location contains '/login'.</msg>
<arg>/login</arg>
<doc>Verifies that the current URL contains ``expected``.</doc>
<status status="PASS" start="2026-02-17T02:40:25.954396" elapsed="0.005592"/>
</kw>
<kw name="Input Text" owner="SeleniumLibrary">
<msg time="2026-02-17T02:40:25.959988" level="INFO">Typing text 'Veerapat' into text field 'id=identifier'.</msg>
<arg>id=identifier</arg>
<arg>${PASSENGER_USER}</arg>
<doc>Types the given ``text`` into the text field identified by ``locator``.</doc>
<status status="PASS" start="2026-02-17T02:40:25.959988" elapsed="0.101238"/>
</kw>
<kw name="Input Text" owner="SeleniumLibrary">
<msg time="2026-02-17T02:40:26.062234" level="INFO">Typing text 'asdfjkl;123' into text field 'id=password'.</msg>
<arg>id=password</arg>
<arg>${PASSENGER_PASS}</arg>
<doc>Types the given ``text`` into the text field identified by ``locator``.</doc>
<status status="PASS" start="2026-02-17T02:40:26.062234" elapsed="0.088439"/>
</kw>
<kw name="Click Button" owner="SeleniumLibrary">
<msg time="2026-02-17T02:40:26.151673" level="INFO">Clicking button 'xpath=//button[@type='submit']'.</msg>
<arg>xpath=//button[@type='submit']</arg>
<doc>Clicks the button identified by ``locator``.</doc>
<status status="PASS" start="2026-02-17T02:40:26.150673" elapsed="0.075005"/>
</kw>
<status status="PASS" start="2026-02-17T02:40:23.181802" elapsed="3.043876"/>
</kw>
<kw name="Dashboard User Should Be Visible" owner="auth_keywords">
<kw name="Wait Until Element Is Visible" owner="SeleniumLibrary">
<arg>xpath=//span[normalize-space()='${PASSENGER_SURNAME}']</arg>
<arg>10s</arg>
<doc>Waits until the element ``locator`` is visible.</doc>
<status status="PASS" start="2026-02-17T02:40:26.225678" elapsed="0.228952"/>
</kw>
<kw name="Element Should Be Visible" owner="SeleniumLibrary">
<msg time="2026-02-17T02:40:26.464743" level="INFO">Element 'xpath=//span[normalize-space()='Veera']' is displayed.</msg>
<arg>xpath=//span[normalize-space()='${PASSENGER_SURNAME}']</arg>
<doc>Verifies that the element identified by ``locator`` is visible.</doc>
<status status="PASS" start="2026-02-17T02:40:26.454630" elapsed="0.011111"/>
</kw>
<status status="PASS" start="2026-02-17T02:40:26.225678" elapsed="0.240063"/>
</kw>
<status status="PASS" start="2026-02-17T02:40:23.180791" elapsed="3.284950"/>
</test>
<test id="s1-t2" name="UAT-005-02 : Passenger Give 1 Star" line="12">
<kw name="Passenger Login" owner="auth_keywords">
<kw name="Open Web Page" owner="auth_keywords">
<kw name="Open Browser" owner="SeleniumLibrary">
<msg time="2026-02-17T02:40:26.467823" level="INFO">Opening browser 'chrome' to base url 'http://localhost:3001/'.</msg>
<arg>${URL}</arg>
<arg>chrome</arg>
<doc>Opens a new browser instance to the optional ``url``.</doc>
<status status="PASS" start="2026-02-17T02:40:26.467245" elapsed="2.262076"/>
</kw>
<status status="PASS" start="2026-02-17T02:40:26.467245" elapsed="2.262076"/>
</kw>
<kw name="Click Element" owner="SeleniumLibrary">
<msg time="2026-02-17T02:40:28.729321" level="INFO">Clicking element 'xpath=//a[@href='/login']'.</msg>
<arg>xpath=//a[@href='/login']</arg>
<doc>Click the element identified by ``locator``.</doc>
<status status="PASS" start="2026-02-17T02:40:28.729321" elapsed="0.085185"/>
</kw>
<kw name="Wait Until Location Contains" owner="SeleniumLibrary">
<arg>/login</arg>
<arg>10s</arg>
<doc>Waits until the current URL contains ``expected``.</doc>
<status status="PASS" start="2026-02-17T02:40:28.814506" elapsed="0.239731"/>
</kw>
<kw name="Location Should Contain" owner="SeleniumLibrary">
<msg time="2026-02-17T02:40:29.057769" level="INFO">Current location contains '/login'.</msg>
<arg>/login</arg>
<doc>Verifies that the current URL contains ``expected``.</doc>
<status status="PASS" start="2026-02-17T02:40:29.054237" elapsed="0.003532"/>
</kw>
<kw name="Input Text" owner="SeleniumLibrary">
<msg time="2026-02-17T02:40:29.057769" level="INFO">Typing text 'Veerapat' into text field 'id=identifier'.</msg>
<arg>id=identifier</arg>
<arg>${PASSENGER_USER}</arg>
<doc>Types the given ``text`` into the text field identified by ``locator``.</doc>
<status status="PASS" start="2026-02-17T02:40:29.057769" elapsed="0.071402"/>
</kw>
<kw name="Input Text" owner="SeleniumLibrary">
<msg time="2026-02-17T02:40:29.130169" level="INFO">Typing text 'asdfjkl;123' into text field 'id=password'.</msg>
<arg>id=password</arg>
<arg>${PASSENGER_PASS}</arg>
<doc>Types the given ``text`` into the text field identified by ``locator``.</doc>
<status status="PASS" start="2026-02-17T02:40:29.129171" elapsed="0.054484"/>
</kw>
<kw name="Click Button" owner="SeleniumLibrary">
<msg time="2026-02-17T02:40:29.183655" level="INFO">Clicking button 'xpath=//button[@type='submit']'.</msg>
<arg>xpath=//button[@type='submit']</arg>
<doc>Clicks the button identified by ``locator``.</doc>
<status status="PASS" start="2026-02-17T02:40:29.183655" elapsed="0.059114"/>
</kw>
<status status="PASS" start="2026-02-17T02:40:26.465741" elapsed="2.777028"/>
</kw>
<kw name="Sleep" owner="BuiltIn">
<msg time="2026-02-17T02:40:31.243956" level="INFO">Slept 2 seconds.</msg>
<arg>2s</arg>
<doc>Pauses the test executed for the given time.</doc>
<status status="PASS" start="2026-02-17T02:40:29.243306" elapsed="2.000650"/>
</kw>
<kw name="View My Trip" owner="auth_keywords">
<kw name="Click Element" owner="SeleniumLibrary">
<msg time="2026-02-17T02:40:31.244970" level="INFO">Clicking element 'xpath=//a[@href='/myTrip']'.</msg>
<arg>xpath=//a[@href='/myTrip']</arg>
<doc>Click the element identified by ``locator``.</doc>
<status status="PASS" start="2026-02-17T02:40:31.244970" elapsed="0.053667"/>
</kw>
<kw name="Sleep" owner="BuiltIn">
<msg time="2026-02-17T02:40:33.299338" level="INFO">Slept 2 seconds.</msg>
<arg>2s</arg>
<doc>Pauses the test executed for the given time.</doc>
<status status="PASS" start="2026-02-17T02:40:31.298637" elapsed="2.000701"/>
</kw>
<kw name="Click Element" owner="SeleniumLibrary">
<msg time="2026-02-17T02:40:33.299338" level="INFO">Clicking element 'xpath=//button[starts-with(normalize-space(), "ทั้งหมด")]'.</msg>
<arg>xpath=//button[starts-with(normalize-space(), "ทั้งหมด")]</arg>
<doc>Click the element identified by ``locator``.</doc>
<status status="PASS" start="2026-02-17T02:40:33.299338" elapsed="0.057883"/>
</kw>
<kw name="Sleep" owner="BuiltIn">
<msg time="2026-02-17T02:40:35.357880" level="INFO">Slept 2 seconds.</msg>
<arg>2s</arg>
<doc>Pauses the test executed for the given time.</doc>
<status status="PASS" start="2026-02-17T02:40:33.357221" elapsed="2.001590"/>
</kw>
<kw name="Click Element" owner="SeleniumLibrary">
<msg time="2026-02-17T02:40:35.358811" level="INFO">Clicking element 'xpath=(//button[normalize-space()="รีวิวผู้ขับ"])[1]'.</msg>
<arg>xpath=(//button[normalize-space()="รีวิวผู้ขับ"])[1]</arg>
<doc>Click the element identified by ``locator``.</doc>
<status status="PASS" start="2026-02-17T02:40:35.358811" elapsed="0.048982"/>
</kw>
<status status="PASS" start="2026-02-17T02:40:31.243956" elapsed="4.163837"/>
</kw>
<kw name="Sleep" owner="BuiltIn">
<msg time="2026-02-17T02:40:37.407915" level="INFO">Slept 2 seconds.</msg>
<arg>2s</arg>
<doc>Pauses the test executed for the given time.</doc>
<status status="PASS" start="2026-02-17T02:40:35.407793" elapsed="2.000122"/>
</kw>
<kw name="Click Element" owner="SeleniumLibrary">
<msg time="2026-02-17T02:40:37.407915" level="INFO">Clicking element 'xpath=(//button[@type="button"][.//span[contains(normalize-space(),"★")]])[1]'.</msg>
<arg>xpath=(//button[@type="button"][.//span[contains(normalize-space(),"★")]])[1]</arg>
<doc>Click the element identified by ``locator``.</doc>
<status status="PASS" start="2026-02-17T02:40:37.407915" elapsed="0.073544"/>
</kw>
<kw name="Sleep" owner="BuiltIn">
<msg time="2026-02-17T02:40:39.483013" level="INFO">Slept 2 seconds.</msg>
<arg>2s</arg>
<doc>Pauses the test executed for the given time.</doc>
<status status="PASS" start="2026-02-17T02:40:37.482458" elapsed="2.000555"/>
</kw>
<kw name="Click Element" owner="SeleniumLibrary">
<msg time="2026-02-17T02:40:39.483013" level="INFO">Clicking element 'xpath=//button[normalize-space()="ส่งรีวิว"]'.</msg>
<arg>xpath=//button[normalize-space()="ส่งรีวิว"]</arg>
<doc>Click the element identified by ``locator``.</doc>
<status status="PASS" start="2026-02-17T02:40:39.483013" elapsed="0.064687"/>
</kw>
<kw name="Wait Until Element Is Visible" owner="SeleniumLibrary">
<arg>xpath=//*[contains(text(),"รีวิวสำเร็จ")]</arg>
<arg>10s</arg>
<doc>Waits until the element ``locator`` is visible.</doc>
<status status="PASS" start="2026-02-17T02:40:39.548710" elapsed="0.233190"/>
</kw>
<status status="PASS" start="2026-02-17T02:40:26.465741" elapsed="13.316159"/>
</test>
<status status="PASS" start="2026-02-17T02:40:22.936907" elapsed="16.845994"/>
</suite>
<statistics>
<total>
<stat pass="2" fail="0" skip="0">All Tests</stat>
</total>
<tag>
</tag>
<suite>
<stat name="UAT005 ReviewRating" id="s1" pass="2" fail="0" skip="0">UAT005 ReviewRating</stat>
</suite>
</statistics>
<errors>
</errors>
</robot>
